<?xml version="1.0" encoding="utf-8"?><testsuites name="pytest tests"><testsuite name="pytest" errors="0" failures="0" skipped="1" tests="10" time="3.297" timestamp="2026-08-03T07:11:20.771263+00:00" hostname="agent-env-202f2836-c5ea-402c-ad2b-a32e7c42aed9"><testcase classname="backend.tests.test_aaa_regression_iter115" name="test_games_hub_lists_showcase_with_metadata" time="0.469" /><testcase classname="backend.tests.test_aaa_regression_iter115" name="test_each_showcase_returns_spec_and_controls" time="1.088" /><testcase classname="backend.tests.test_aaa_regression_iter115" name="test_showcase_diversity_endpoint_no_too_similar" time="0.104" /><testcase classname="backend.tests.test_aaa_regression_iter115" name="test_skyforge_fire_rewards_first_and_idempotent" time="0.433"><skipped type="pytest.skip" message="No completion reward returned (may have earned prior). rewards=[]">/app/backend/tests/test_aaa_regression_iter115.py:112: No completion reward returned (may have earned prior). rewards=[]</skipped></testcase><testcase classname="backend.tests.test_aaa_regression_iter115" name="test_wallet_collect_all" time="0.113" /><testcase classname="backend.tests.test_aaa_regression_iter115" name="test_fire_economy_caps_patch_and_restore" time="0.329" /><testcase classname="backend.tests.test_aaa_regression_iter115" name="test_orai_edit_versions_grew_and_rollback" time="0.205" /><testcase classname="backend.tests.test_aaa_regression_iter115" name="test_clone_platformer_no_regenerate_then_delete" time="0.321" /><testcase classname="backend.tests.test_aaa_regression_iter115" name="test_controls_both_disabled_400" time="0.106" /><testcase classname="backend.tests.test_aaa_regression_iter115" name="test_controls_both_enabled_ok" time="0.103" /></testsuite></testsuites>