<?xml version="1.0" encoding="utf-8"?><testsuites name="pytest tests"><testsuite name="pytest" errors="0" failures="0" skipped="0" tests="10" time="8.781" timestamp="2026-06-19T10:34:05.243002+00:00" hostname="agent-env-202f2836-c5ea-402c-ad2b-a32e7c42aed9"><testcase classname="tests.test_account_lifecycle.TestSelfDeleteFlow" name="test_tfone_self_delete_then_restore" time="1.955" /><testcase classname="tests.test_account_lifecycle.TestSystemAccountsCannotSelfDelete" name="test_stealth_self_delete_forbidden" time="0.419" /><testcase classname="tests.test_account_lifecycle.TestSystemAccountsCannotSelfDelete" name="test_support_self_delete_forbidden" time="0.432" /><testcase classname="tests.test_account_lifecycle.TestAdminDelete30Day" name="test_admin_delete_uses_lifecycle" time="0.714" /><testcase classname="tests.test_account_lifecycle.TestAdminUsernameEmail" name="test_username_change_flow" time="0.655" /><testcase classname="tests.test_account_lifecycle.TestAdminUsernameEmail" name="test_email_change_flow" time="0.698" /><testcase classname="tests.test_account_lifecycle.TestAdminUsernameEmail" name="test_non_admin_forbidden" time="0.872" /><testcase classname="tests.test_account_lifecycle.TestAdminUsernameEmail" name="test_unauth_forbidden" time="0.139" /><testcase classname="tests.test_account_lifecycle.TestUsernameReservedDuringPendingDeletion" name="test_reserved_username" time="0.863" /><testcase classname="tests.test_account_lifecycle.TestAuditLog" name="test_audit_entries_exist" time="1.992" /></testsuite></testsuites>