<?xml version="1.0" encoding="utf-8"?><testsuites name="pytest tests"><testsuite name="pytest" errors="0" failures="0" skipped="0" tests="18" time="11.820" timestamp="2026-06-19T06:24:23.641962+00:00" hostname="agent-env-202f2836-c5ea-402c-ad2b-a32e7c42aed9"><testcase classname="tests.test_admin_user_control" name="test_search_as_founder" time="0.804" /><testcase classname="tests.test_admin_user_control" name="test_search_as_non_admin_403" time="0.432" /><testcase classname="tests.test_admin_user_control" name="test_suspend_overwrite_then_login_blocked_then_unsuspend" time="0.828" /><testcase classname="tests.test_admin_user_control" name="test_auto_resolve_elapsed_suspension" time="0.323" /><testcase classname="tests.test_admin_user_control" name="test_mute_specific_types_and_unmute_single" time="0.237" /><testcase classname="tests.test_admin_user_control" name="test_mute_all_permanent_fans_out_then_clear_all" time="0.218" /><testcase classname="tests.test_admin_user_control" name="test_delete_confirm_username_mismatch" time="0.102" /><testcase classname="tests.test_admin_user_control" name="test_reset_password_weak_rejected" time="0.400" /><testcase classname="tests.test_admin_user_control" name="test_reset_password_invalidates_old_token_then_login" time="4.518" /><testcase classname="tests.test_admin_user_control" name="test_reset_password_non_founder_forbidden" time="0.426" /><testcase classname="tests.test_admin_user_control" name="test_cannot_act_on_self_stealth" time="0.200" /><testcase classname="tests.test_admin_user_control" name="test_stealth_can_reset_support_password" time="2.301" /><testcase classname="tests.test_admin_user_control" name="test_audit_log_no_plaintext_password" time="0.004" /><testcase classname="tests.test_admin_user_control" name="test_regression_realm_pulse_overview" time="0.118" /><testcase classname="tests.test_admin_user_control" name="test_regression_communities_realms" time="0.100" /><testcase classname="tests.test_admin_user_control" name="test_regression_hashtags_interest_cards" time="0.105" /><testcase classname="tests.test_admin_user_control" name="test_regression_admin_support_summary" time="0.098" /><testcase classname="tests.test_admin_user_control" name="test_zzz_teardown_restore_tfone" time="0.552" /></testsuite></testsuites>