<?xml version="1.0" encoding="utf-8"?><testsuites name="pytest tests"><testsuite name="pytest" errors="0" failures="2" skipped="0" tests="4" time="58.306" timestamp="2026-08-05T04:42:06.442796+00:00" hostname="agent-env-202f2836-c5ea-402c-ad2b-a32e7c42aed9"><testcase classname="backend.tests.test_arpg_iter122" name="test_plan_selects_arpg" time="57.602" /><testcase classname="backend.tests.test_arpg_iter122" name="test_runtimes_contracts_lists_arpg" time="0.177"><failure message="AssertionError: action_rpg_2_5d not in executable: {'contracts': [{'runtime_id': 'runtime_quiz_adventure_v1', 'runtime': 'quiz_adventure', 'label': 'Quiz Adventure', 'executable_implementation': 'GameRuntime.qa', 'shared_foundation': None, 'template_implementation': 'tpl_quiz_adventure_v1', 'renderers': ['dom_ui'], 'scene_schema': 'validate_spec[quiz_adventure]', 'gameplay_systems': ['story stages', 'multiple-choice questions', 'explanations'], 'control_model': 'click answers', 'camera': 'panel', 'win_loss': ['answer through the story', 'accuracy below pass threshold'], 'validation_contract': 'services.game_studio.validate_spec', 'save_adapter': 'game_progress autosave (score/stage/best per player)', 'fire_power_adapter': 'fire_economy block + vault ledger (idempotent gfp:* claims)', 'placeholder_policy': 'painted-primitive presentation until spec.assets is wired from the asset library / Asset Studio (drawSpr slots)', 'smoke_test_adapter': 'iframe data-testids per runtime (e.g. rpg-tile-*, orai title tap)', 'status': 'executable'}, {'runtime_id': 'runtime_matching_v1', 'runtime': 'matching', 'label': 'Memory Matching (pairs)', 'executable_implementation': 'GameRuntime.ma', 'shared_foundation': None, 'template_implementation': 'tpl_matching_v1', 'renderers': ['canvas_2d'], 'scene_schema': 'validate_spec[matching]', 'gameplay_systems': ['pair matching'], 'control_model': 'flip cards', 'camera': 'board', 'win_loss': ['match all pairs', 'accuracy below pass threshold'], 'validation_contract': 'services.game_studio.validate_spec', 'save_adapter': 'game_progress autosave (score/stage/best per player)', 'fire_power_adapter': 'fire_economy block + vault ledger (idempotent gfp:* claims)', 'placeholder_policy': 'painted-primitive presentation until spec.assets is wired from the asset library / Asset Studio (drawSpr slots)', 'smoke_test_adapter': 'iframe data-testids per runtime (e.g. rpg-tile-*, orai title tap)', 'status': 'executable'}, {'runtime_id': 'runtime_sorting_v1', 'runtime': 'sorting', 'label': 'Sorting / Ordering', 'executable_implementation': 'GameRuntime.so', 'shared_foundation': None, 'template_implementation': 'tpl_sorting_v1', 'renderers': ['canvas_2d'], 'scene_schema': 'validate_spec[sorting]', 'gameplay_systems': ['category sorting'], 'control_model': 'click in order', 'camera': 'board', 'win_loss': ['sort all items', 'accuracy below pass threshold'], 'validation_contract': 'services.game_studio.validate_spec', 'save_adapter': 'game_progress autosave (score/stage/best per player)', 'fire_power_adapter': 'fire_economy block + vault ledger (idempotent gfp:* claims)', 'placeholder_policy': 'painted-primitive presentation until spec.assets is wired from the asset library / Asset Studio (drawSpr slots)', 'smoke_test_adapter': 'iframe data-testids per runtime (e.g. rpg-tile-*, orai title tap)', 'status': 'executable'}, {'runtime_id': 'runtime_memory_v1', 'runtime': 'memory', 'label': 'Memory Cards', 'executable_implementation': 'GameRuntime.me', 'shared_foundation': None, 'template_implementation': 'tpl_memory_v1', 'renderers': ['canvas_2d'], 'scene_schema': 'validate_spec[memory]', 'gameplay_systems': ['card flipping', 'pair recall'], 'control_model': 'flip cards', 'camera': 'board', 'win_loss': ['clear every pair', 'accuracy below pass threshold'], 'validation_contract': 'services.game_studio.validate_spec', 'save_adapter': 'game_progress autosave (score/stage/best per player)', 'fire_power_adapter': 'fire_economy block + vault ledger (idempotent gfp:* claims)', 'placeholder_policy': 'painted-primitive presentation until spec.assets is wired from the asset library / Asset Studio (drawSpr slots)', 'smoke_test_adapter': 'iframe data-testids per runtime (e.g. rpg-tile-*, orai title tap)', 'status': 'executable'}, {'runtime_id': 'runtime_rhythm_v1', 'runtime': 'rhythm', 'label': 'Rhythm / Tap', 'executable_implementation': 'GameRuntime.rh', 'shared_foundation': None, 'template_implementation': 'tpl_rhythm_v1', 'renderers': ['canvas_2d'], 'scene_schema': 'validate_spec[rhythm]', 'gameplay_systems': ['beat timing', 'tap accuracy', 'tempo ramp'], 'control_model': 'tap on beat', 'camera': 'lane highway', 'win_loss': ['hit enough beats per track', 'accuracy below pass threshold'], 'validation_contract': 'services.game_studio.validate_spec', 'save_adapter': 'game_progress autosave (score/stage/best per player)', 'fire_power_adapter': 'fire_economy block + vault ledger (idempotent gfp:* claims)', 'placeholder_policy': 'painted-primitive presentation until spec.assets is wired from the asset library / Asset Studio (drawSpr slots)', 'smoke_test_adapter': 'iframe data-testids per runtime (e.g. rpg-tile-*, orai title tap)', 'status': 'executable'}, {'runtime_id': 'runtime_top_down_v1', 'runtime': 'top_down', 'label': 'Top-Down Movement', 'executable_implementation': 'GameRuntime.td', 'shared_foundation': None, 'template_implementation': 'tpl_top_down_v1', 'renderers': ['canvas_2d'], 'scene_schema': 'validate_spec[top_down]', 'gameplay_systems': ['4-direction movement', 'collectible cores', 'patrol + chaser hazards', 'obstacles', 'finish portal', 'touch controls'], 'control_model': '4-direction movement', 'camera': 'top-down grid', 'win_loss': ['collect all cores and reach the exit portal', 'all lives lost'], 'validation_contract': 'services.game_studio.validate_spec', 'save_adapter': 'game_progress autosave (score/stage/best per player)', 'fire_power_adapter': 'fire_economy block + vault ledger (idempotent gfp:* claims)', 'placeholder_policy': 'painted-primitive presentation until spec.assets is wired from the asset library / Asset Studio (drawSpr slots)', 'smoke_test_adapter': 'iframe data-testids per runtime (e.g. rpg-tile-*, orai title tap)', 'status': 'executable'}, {'runtime_id': 'runtime_platformer_v1', 'runtime': 'platformer', 'label': 'Platformer Lite', 'executable_implementation': 'GameRuntime.pf', 'shared_foundation': None, 'template_implementation': 'tpl_platformer_v1', 'renderers': ['canvas_2d'], 'scene_schema': 'validate_spec[platformer]', 'gameplay_systems': ['player movement', 'jumping', 'gravity', 'collectibles', 'hazards', 'goal flag', 'touch controls'], 'control_model': 'arrows/left-right + jump', 'camera': 'side-scrolling', 'win_loss': ['reach the goal portal', 'all lives lost'], 'validation_contract': 'services.game_studio.validate_spec', 'save_adapter': 'game_progress autosave (score/stage/best per player)', 'fire_power_adapter': 'fire_economy block + vault ledger (idempotent gfp:* claims)', 'placeholder_policy': 'painted-primitive presentation until spec.assets is wired from the asset library / Asset Studio (drawSpr slots)', 'smoke_test_adapter': 'iframe data-testids per runtime (e.g. rpg-tile-*, orai title tap)', 'status': 'executable'}, {'runtime_id': 'runtime_dodge_collect_v1', 'runtime': 'dodge_collect', 'label': 'Dodge &amp; Collect Arcade', 'executable_implementation': 'GameRuntime.dc', 'shared_foundation': None, 'template_implementation': 'tpl_dodge_collect_v1', 'renderers': ['canvas_2d'], 'scene_schema': 'validate_spec[dodge_collect]', 'gameplay_systems': ['left/right movement', 'falling collectibles', 'moving hazards', 'increasing speed', 'touch/drag controls'], 'control_model': 'lane steering', 'camera': 'vertical scroll', 'win_loss': ['collect the target cores and reach the portal', 'all lives lost'], 'validation_contract': 'services.game_studio.validate_spec', 'save_adapter': 'game_progress autosave (score/stage/best per player)', 'fire_power_adapter': 'fire_economy block + vault ledger (idempotent gfp:* claims)', 'placeholder_policy': 'painted-primitive presentation until spec.assets is wired from the asset library / Asset Studio (drawSpr slots)', 'smoke_test_adapter': 'iframe data-testids per runtime (e.g. rpg-tile-*, orai title tap)', 'status': 'executable'}, {'runtime_id': 'runtime_puzzle_room_v1', 'runtime': 'puzzle_room', 'label': 'Puzzle Room', 'executable_implementation': 'GameRuntime.pz', 'shared_foundation': None, 'template_implementation': 'tpl_puzzle_room_v1', 'renderers': ['canvas_2d'], 'scene_schema': 'validate_spec[puzzle_room]', 'gameplay_systems': ['riddles', 'code locks', 'sequence puzzles', 'hints', 'room progression'], 'control_model': 'click objects/answers', 'camera': 'panel', 'win_loss': ['solve every puzzle to unlock the door', 'n/a (untimed)'], 'validation_contract': 'services.game_studio.validate_spec', 'save_adapter': 'game_progress autosave (score/stage/best per player)', 'fire_power_adapter': 'fire_economy block + vault ledger (idempotent gfp:* claims)', 'placeholder_policy': 'painted-primitive presentation until spec.assets is wired from the asset library / Asset Studio (drawSpr slots)', 'smoke_test_adapter': 'iframe data-testids per runtime (e.g. rpg-tile-*, orai title tap)', 'status': 'executable'}, {'runtime_id': 'runtime_card_battle_v1', 'runtime': 'card_battle', 'label': 'Card Battle', 'executable_implementation': 'GameRuntime.cb', 'shared_foundation': None, 'template_implementation': 'tpl_card_battle_v1', 'renderers': ['canvas_2d'], 'scene_schema': 'validate_spec[card_battle]', 'gameplay_systems': ['deck &amp; hand', 'draw/discard piles', 'turn-based combat', 'mana/energy', 'attack/defense/special cards', 'enemy AI', 'player &amp; enemy health'], 'control_model': 'click cards to play, end turn', 'camera': 'fixed duel table', 'win_loss': ['defeat the enemy (enemy HP to 0)', 'player HP reaches 0'], 'validation_contract': 'services.game_studio.validate_spec', 'save_adapter': 'game_progress autosave (score/stage/best per player)', 'fire_power_adapter': 'fire_economy block + vault ledger (idempotent gfp:* claims)', 'placeholder_policy': 'painted-primitive presentation until spec.assets is wired from the asset library / Asset Studio (drawSpr slots)', 'smoke_test_adapter': 'iframe data-testids per runtime (e.g. rpg-tile-*, orai title tap)', 'status': 'executable'}, {'runtime_id': 'runtime_tower_defense_v1', 'runtime': 'tower_defense', 'label': 'Tower Defense', 'executable_implementation': 'GameRuntime.tdf', 'shared_foundation': None, 'template_implementation': 'tpl_tower_defense_v1', 'renderers': ['canvas_2d'], 'scene_schema': 'validate_spec[tower_defense]', 'gameplay_systems': ['tower placement', 'upgrade/sell towers', 'enemy pathing', 'waves', 'multiple enemy types', 'range &amp; damage', 'base health', 'resources'], 'control_model': 'click to place/upgrade towers', 'camera': 'fixed board', 'win_loss': ['survive every wave with the base standing', 'base HP reaches 0'], 'validation_contract': 'services.game_studio.validate_spec', 'save_adapter': 'game_progress autosave (score/stage/best per player)', 'fire_power_adapter': 'fire_economy block + vault ledger (idempotent gfp:* claims)', 'placeholder_policy': 'painted-primitive presentation until spec.assets is wired from the asset library / Asset Studio (drawSpr slots)', 'smoke_test_adapter': 'iframe data-testids per runtime (e.g. rpg-tile-*, orai title tap)', 'status': 'executable'}, {'runtime_id': 'runtime_match3_v1', 'runtime': 'match3', 'label': 'Match-3 Puzzle', 'executable_implementation': 'GameRuntime.m3', 'shared_foundation': None, 'template_implementation': 'tpl_match3_v1', 'renderers': ['canvas_2d'], 'scene_schema': 'validate_spec[match3]', 'gameplay_systems': ['tile grid', 'swap adjacent tiles', 'match detection', 'cascades', 'combo multiplier', 'objectives', 'move limit'], 'control_model': 'click-swap adjacent tiles', 'camera': 'fixed board', 'win_loss': ['complete the stage objective within the move limit', 'moves run out before the objective'], 'validation_contract': 'services.game_studio.validate_spec', 'save_adapter': 'game_progress autosave (score/stage/best per player)', 'fire_power_adapter': 'fire_economy block + vault ledger (idempotent gfp:* claims)', 'placeholder_policy': 'painted-primitive presentation until spec.assets is wired from the asset library / Asset Studio (drawSpr slots)', 'smoke_test_adapter': 'iframe data-testids per runtime (e.g. rpg-tile-*, orai title tap)', 'status': 'executable'}, {'runtime_id': 'runtime_rpg_v1', 'runtime': 'rpg', 'label': 'RPG Adventure', 'executable_implementation': 'GameRuntime.rpg', 'shared_foundation': None, 'template_implementation': 'tpl_rpg_v1', 'renderers': ['canvas_2d'], 'scene_schema': 'validate_spec[rpg]', 'gameplay_systems': ['overworld exploration', 'world map zones (towns &amp; dungeons)', 'quests', 'NPC dialogue', 'inventory', 'equipment', 'XP &amp; leveling', 'turn-based battles', 'creature collection', 'party system', 'creature evolution'], 'control_model': 'tap-tile walk + battle action buttons', 'camera': 'top-down grid + battle overlay', 'win_loss': ['complete the quest and reach the exit', 'HP reaches 0 in combat'], 'validation_contract': 'services.game_studio.validate_spec', 'save_adapter': 'game_progress autosave (score/stage/best per player)', 'fire_power_adapter': 'fire_economy block + vault ledger (idempotent gfp:* claims)', 'placeholder_policy': 'painted-primitive presentation until spec.assets is wired from the asset library / Asset Studio (drawSpr slots)', 'smoke_test_adapter': 'iframe data-testids per runtime (e.g. rpg-tile-*, orai title tap)', 'status': 'executable'}, {'runtime_id': 'runtime_racing_v1', 'runtime': 'racing', 'label': 'Racing', 'executable_implementation': 'GameRuntime.rac', 'shared_foundation': None, 'template_implementation': 'tpl_racing_v1', 'renderers': ['canvas_2d'], 'scene_schema': 'validate_spec[racing]', 'gameplay_systems': ['laps &amp; checkpoints', 'AI racers', 'steering', 'drift', 'boost pads', 'position leaderboard'], 'control_model': 'steer/drift buttons', 'camera': 'chase/top', 'win_loss': ['finish all laps in 1st-3rd place', 'finish last / miss checkpoints'], 'validation_contract': 'services.game_studio.validate_spec', 'save_adapter': 'game_progress autosave (score/stage/best per player)', 'fire_power_adapter': 'fire_economy block + vault ledger (idempotent gfp:* claims)', 'placeholder_policy': 'painted-primitive presentation until spec.assets is wired from the asset library / Asset Studio (drawSpr slots)', 'smoke_test_adapter': 'iframe data-testids per runtime (e.g. rpg-tile-*, orai title tap)', 'status': 'executable'}, {'runtime_id': 'runtime_farming_v1', 'runtime': 'farming', 'label': 'Farming', 'executable_implementation': 'GameRuntime.frm', 'shared_foundation': None, 'template_implementation': 'tpl_farming_v1', 'renderers': ['canvas_2d'], 'scene_schema': 'validate_spec[farming]', 'gameplay_systems': ['plant seeds', 'watering', 'growth timers', 'harvesting', 'crafting goods', 'seasonal day cycle', 'market sales'], 'control_model': 'click plots (plant/water/harvest)', 'camera': 'fixed plots', 'win_loss': ['reach the coin goal before the season ends', 'season ends short of the goal'], 'validation_contract': 'services.game_studio.validate_spec', 'save_adapter': 'game_progress autosave (score/stage/best per player)', 'fire_power_adapter': 'fire_economy block + vault ledger (idempotent gfp:* claims)', 'placeholder_policy': 'painted-primitive presentation until spec.assets is wired from the asset library / Asset Studio (drawSpr slots)', 'smoke_test_adapter': 'iframe data-testids per runtime (e.g. rpg-tile-*, orai title tap)', 'status': 'executable'}, {'runtime_id': 'runtime_city_builder_v1', 'runtime': 'city_builder', 'label': 'City Builder', 'executable_implementation': 'GameRuntime.cbl', 'shared_foundation': None, 'template_implementation': 'tpl_city_builder_v1', 'renderers': ['canvas_2d'], 'scene_schema': 'validate_spec[city_builder]', 'gameplay_systems': ['building placement', 'gold/food/population economy', 'production chains', 'housing &amp; growth', 'expansion'], 'control_model': 'click grid to place buildings', 'camera': 'fixed board', 'win_loss': ['grow the city to the population target', 'treasury and food collapse'], 'validation_contract': 'services.game_studio.validate_spec', 'save_adapter': 'game_progress autosave (score/stage/best per player)', 'fire_power_adapter': 'fire_economy block + vault ledger (idempotent gfp:* claims)', 'placeholder_policy': 'painted-primitive presentation until spec.assets is wired from the asset library / Asset Studio (drawSpr slots)', 'smoke_test_adapter': 'iframe data-testids per runtime (e.g. rpg-tile-*, orai title tap)', 'status': 'executable'}, {'runtime_id': 'runtime_roguelike_v1', 'runtime': 'roguelike', 'label': 'Roguelike', 'executable_implementation': 'GameRuntime.rgl', 'shared_foundation': None, 'template_implementation': 'tpl_roguelike_v1', 'renderers': ['canvas_2d'], 'scene_schema': 'validate_spec[roguelike]', 'gameplay_systems': ['procedural levels', 'permadeath', 'randomized loot', 'run upgrades'], 'control_model': 'step movement (bump combat)', 'camera': 'top-down dungeon', 'win_loss': ['clear every dungeon floor and survive the run', 'HP reaches 0 — permadeath restarts the run'], 'validation_contract': 'services.game_studio.validate_spec', 'save_adapter': 'game_progress autosave (score/stage/best per player)', 'fire_power_adapter': 'fire_economy block + vault ledger (idempotent gfp:* claims)', 'placeholder_policy': 'painted-primitive presentation until spec.assets is wired from the asset library / Asset Studio (drawSpr slots)', 'smoke_test_adapter': 'iframe data-testids per runtime (e.g. rpg-tile-*, orai title tap)', 'status': 'executable'}, {'runtime_id': 'runtime_tactics_v1', 'runtime': 'tactics', 'label': 'Tactical Strategy', 'executable_implementation': 'GameRuntime.tac', 'shared_foundation': None, 'template_implementation': 'tpl_tactics_v1', 'renderers': ['canvas_2d'], 'scene_schema': 'validate_spec[tactics]', 'gameplay_systems': ['grid movement', 'turn-based combat', 'abilities', 'cover', 'enemy AI turns'], 'control_model': 'select unit → move/act grid', 'camera': 'fixed grid', 'win_loss': ['defeat every enemy unit', 'your whole squad falls'], 'validation_contract': 'services.game_studio.validate_spec', 'save_adapter': 'game_progress autosave (score/stage/best per player)', 'fire_power_adapter': 'fire_economy block + vault ledger (idempotent gfp:* claims)', 'placeholder_policy': 'painted-primitive presentation until spec.assets is wired from the asset library / Asset Studio (drawSpr slots)', 'smoke_test_adapter': 'iframe data-testids per runtime (e.g. rpg-tile-*, orai title tap)', 'status': 'executable'}, {'runtime_id': 'runtime_idle_v1', 'runtime': 'idle', 'label': 'Idle / Incremental', 'executable_implementation': 'GameRuntime.idl', 'shared_foundation': None, 'template_implementation': 'tpl_idle_v1', 'renderers': ['canvas_2d'], 'scene_schema': 'validate_spec[idle]', 'gameplay_systems': ['passive generation', 'automation', 'upgrades', 'prestige'], 'control_model': 'click generators/upgrades', 'camera': 'panel', 'win_loss': ['reach the production goal', 'n/a (untimed)'], 'validation_contract': 'services.game_studio.validate_spec', 'save_adapter': 'game_progress autosave (score/stage/best per player)', 'fire_power_adapter': 'fire_economy block + vault ledger (idempotent gfp:* claims)', 'placeholder_policy': 'painted-primitive presentation until spec.assets is wired from the asset library / Asset Studio (drawSpr slots)', 'smoke_test_adapter': 'iframe data-testids per runtime (e.g. rpg-tile-*, orai title tap)', 'status': 'executable'}, {'runtime_id': 'runtime_visual_novel_v1', 'runtime': 'visual_novel', 'label': 'Visual Novel', 'executable_implementation': 'GameRuntime.vn', 'shared_foundation': None, 'template_implementation': 'tpl_visual_novel_v1', 'renderers': ['dom_ui'], 'scene_schema': 'validate_spec[visual_novel]', 'gameplay_systems': ['branching dialogue', 'portraits', 'choices', 'multiple endings'], 'control_model': 'click choices', 'camera': 'scene panel', 'win_loss': ['reach an ending of every chapter', 'n/a (choice-driven, no fail state)'], 'validation_contract': 'services.game_studio.validate_spec', 'save_adapter': 'game_progress autosave (score/stage/best per player)', 'fire_power_adapter': 'fire_economy block + vault ledger (idempotent gfp:* claims)', 'placeholder_policy': 'painted-primitive presentation until spec.assets is wired from the asset library / Asset Studio (drawSpr slots)', 'smoke_test_adapter': 'iframe data-testids per runtime (e.g. rpg-tile-*, orai title tap)', 'status': 'executable'}, {'runtime_id': 'runtime_fishing_v1', 'runtime': 'fishing', 'label': 'Fishing', 'executable_implementation': 'GameRuntime.fsh', 'shared_foundation': None, 'template_implementation': 'tpl_fishing_v1', 'renderers': ['canvas_2d'], 'scene_schema': 'validate_spec[fishing]', 'gameplay_systems': ['casting', 'timing catch', 'bait', 'fish rarity', 'collection'], 'control_model': 'timed cast/reel', 'camera': 'side water view', 'win_loss': ['catch the target fish before casts run out', 'casts run out short of the goal'], 'validation_contract': 'services.game_studio.validate_spec', 'save_adapter': 'game_progress autosave (score/stage/best per player)', 'fire_power_adapter': 'fire_economy block + vault ledger (idempotent gfp:* claims)', 'placeholder_policy': 'painted-primitive presentation until spec.assets is wired from the asset library / Asset Studio (drawSpr slots)', 'smoke_test_adapter': 'iframe data-testids per runtime (e.g. rpg-tile-*, orai title tap)', 'status': 'executable'}, {'runtime_id': 'runtime_turn_based_creature_rpg_v1', 'runtime': 'turn_based_creature_rpg', 'label': 'Turn-Based Creature RPG', 'executable_implementation': 'GameRuntime.rpg', 'shared_foundation': {'with': 'rpg', 'justification': 'creature-RPG mode of the rpg engine: exploration, party, capture and turn-based battle are the same executable with a stricter spec contract (catchable creatures + starter required)'}, 'template_implementation': 'tpl_turn_based_creature_rpg_v1', 'renderers': ['canvas_2d'], 'scene_schema': 'validate_spec[turn_based_creature_rpg]', 'gameplay_systems': ['world exploration', 'NPC dialogue', 'quests', 'quest objectives', 'inventory', 'party system', 'creature roster', 'turn-based combat', 'capture mechanic', 'creature taming', 'tame &amp; befriend wild creature', 'XP &amp; leveling', 'save/load', 'starter creature', 'village &amp; region maps'], 'control_model': 'tap-tile walk + battle action buttons (Attack/Catch/Swap)', 'camera': 'top-down region grid + battle overlay', 'win_loss': ['complete the quest, grow your creature party and reach the exit', 'HP reaches 0 in a creature battle'], 'validation_contract': 'services.game_studio.validate_spec', 'save_adapter': 'game_progress autosave (score/stage/best per player)', 'fire_power_adapter': 'fire_economy block + vault ledger (idempotent gfp:* claims)', 'placeholder_policy': 'painted-primitive presentation until spec.assets is wired from the asset library / Asset Studio (drawSpr slots)', 'smoke_test_adapter': 'iframe data-testids per runtime (e.g. rpg-tile-*, orai title tap)', 'status': 'executable'}, {'runtime_id': 'runtime_action_rpg_2_5d_v1', 'runtime': 'action_rpg_2_5d', 'label': '2.5D Action RPG', 'executable_implementation': 'GameRuntime.arpg', 'shared_foundation': None, 'template_implementation': 'tpl_action_rpg_2_5d_v1', 'renderers': ['action_rpg_2_5d_layered'], 'scene_schema': 'validate_spec[action_rpg_2_5d]', 'gameplay_systems': ['continuous 8-direction movement', 'camera follow + look-ahead + shake', 'layered 2.5D parallax presentation', 'melee combat', 'projectile spells', 'dodge roll with i-frames', 'stamina &amp; mana', 'cooldowns', 'knockback &amp; crits', 'burn status effect', 'enemy AI profiles (patrol/chase/retreat/ranged/caster)', 'attack telegraphs', 'multi-phase boss with arena lock &amp; enrage', 'loot drops', 'NPC dialogue', 'quests (defeat/collect)', 'inventory &amp; potions', 'equipment', 'XP &amp; leveling', 'checkpoints &amp; respawn', 'region transitions', 'save/load', 'trigger volumes', 'gamepad support', 'mobile virtual joystick'], 'control_model': 'continuous 8-dir movement + melee/spell/dodge/interact (keyboard, gamepad, mobile joystick + buttons)', 'camera': 'smooth follow camera with look-ahead, bounds, arena lock and shake over a layered 2.5D parallax world', 'win_loss': ['complete the region quest, defeat the boss and pass the exit portal', 'all lives lost (respawn at checkpoints until then)'], 'validation_contract': 'services.game_studio.validate_spec', 'save_adapter': 'game_progress autosave (score/stage/best per player)', 'fire_power_adapter': 'fire_economy block + vault ledger (idempotent gfp:* claims)', 'placeholder_policy': 'painted-primitive presentation until spec.assets is wired from the asset library / Asset Studio (drawSpr slots)', 'smoke_test_adapter': 'iframe data-testids per runtime (e.g. rpg-tile-*, orai title tap)', 'status': 'executable'}], 'executable': ['quiz_adventure', 'matching', 'sorting', 'memory', 'rhythm', 'top_down', 'platformer', 'dodge_collect', 'puzzle_room', 'card_battle', 'tower_defense', 'match3', 'rpg', 'racing', 'farming', 'city_builder', 'roguelike', 'tactics', 'idle', 'visual_novel', 'fishing', 'turn_based_creature_rpg', 'action_rpg_2_5d'], 'registered_not_executable': []}&#10;assert None is not None">backend/tests/test_arpg_iter122.py:47: in test_runtimes_contracts_lists_arpg
    assert found is not None, f"action_rpg_2_5d not in executable: {d}"
E   AssertionError: action_rpg_2_5d not in executable: {'contracts': [{'runtime_id': 'runtime_quiz_adventure_v1', 'runtime': 'quiz_adventure', 'label': 'Quiz Adventure', 'executable_implementation': 'GameRuntime.qa', 'shared_foundation': None, 'template_implementation': 'tpl_quiz_adventure_v1', 'renderers': ['dom_ui'], 'scene_schema': 'validate_spec[quiz_adventure]', 'gameplay_systems': ['story stages', 'multiple-choice questions', 'explanations'], 'control_model': 'click answers', 'camera': 'panel', 'win_loss': ['answer through the story', 'accuracy below pass threshold'], 'validation_contract': 'services.game_studio.validate_spec', 'save_adapter': 'game_progress autosave (score/stage/best per player)', 'fire_power_adapter': 'fire_economy block + vault ledger (idempotent gfp:* claims)', 'placeholder_policy': 'painted-primitive presentation until spec.assets is wired from the asset library / Asset Studio (drawSpr slots)', 'smoke_test_adapter': 'iframe data-testids per runtime (e.g. rpg-tile-*, orai title tap)', 'status': 'executable'}, {'runtime_id': 'runtime_matching_v1', 'runtime': 'matching', 'label': 'Memory Matching (pairs)', 'executable_implementation': 'GameRuntime.ma', 'shared_foundation': None, 'template_implementation': 'tpl_matching_v1', 'renderers': ['canvas_2d'], 'scene_schema': 'validate_spec[matching]', 'gameplay_systems': ['pair matching'], 'control_model': 'flip cards', 'camera': 'board', 'win_loss': ['match all pairs', 'accuracy below pass threshold'], 'validation_contract': 'services.game_studio.validate_spec', 'save_adapter': 'game_progress autosave (score/stage/best per player)', 'fire_power_adapter': 'fire_economy block + vault ledger (idempotent gfp:* claims)', 'placeholder_policy': 'painted-primitive presentation until spec.assets is wired from the asset library / Asset Studio (drawSpr slots)', 'smoke_test_adapter': 'iframe data-testids per runtime (e.g. rpg-tile-*, orai title tap)', 'status': 'executable'}, {'runtime_id': 'runtime_sorting_v1', 'runtime': 'sorting', 'label': 'Sorting / Ordering', 'executable_implementation': 'GameRuntime.so', 'shared_foundation': None, 'template_implementation': 'tpl_sorting_v1', 'renderers': ['canvas_2d'], 'scene_schema': 'validate_spec[sorting]', 'gameplay_systems': ['category sorting'], 'control_model': 'click in order', 'camera': 'board', 'win_loss': ['sort all items', 'accuracy below pass threshold'], 'validation_contract': 'services.game_studio.validate_spec', 'save_adapter': 'game_progress autosave (score/stage/best per player)', 'fire_power_adapter': 'fire_economy block + vault ledger (idempotent gfp:* claims)', 'placeholder_policy': 'painted-primitive presentation until spec.assets is wired from the asset library / Asset Studio (drawSpr slots)', 'smoke_test_adapter': 'iframe data-testids per runtime (e.g. rpg-tile-*, orai title tap)', 'status': 'executable'}, {'runtime_id': 'runtime_memory_v1', 'runtime': 'memory', 'label': 'Memory Cards', 'executable_implementation': 'GameRuntime.me', 'shared_foundation': None, 'template_implementation': 'tpl_memory_v1', 'renderers': ['canvas_2d'], 'scene_schema': 'validate_spec[memory]', 'gameplay_systems': ['card flipping', 'pair recall'], 'control_model': 'flip cards', 'camera': 'board', 'win_loss': ['clear every pair', 'accuracy below pass threshold'], 'validation_contract': 'services.game_studio.validate_spec', 'save_adapter': 'game_progress autosave (score/stage/best per player)', 'fire_power_adapter': 'fire_economy block + vault ledger (idempotent gfp:* claims)', 'placeholder_policy': 'painted-primitive presentation until spec.assets is wired from the asset library / Asset Studio (drawSpr slots)', 'smoke_test_adapter': 'iframe data-testids per runtime (e.g. rpg-tile-*, orai title tap)', 'status': 'executable'}, {'runtime_id': 'runtime_rhythm_v1', 'runtime': 'rhythm', 'label': 'Rhythm / Tap', 'executable_implementation': 'GameRuntime.rh', 'shared_foundation': None, 'template_implementation': 'tpl_rhythm_v1', 'renderers': ['canvas_2d'], 'scene_schema': 'validate_spec[rhythm]', 'gameplay_systems': ['beat timing', 'tap accuracy', 'tempo ramp'], 'control_model': 'tap on beat', 'camera': 'lane highway', 'win_loss': ['hit enough beats per track', 'accuracy below pass threshold'], 'validation_contract': 'services.game_studio.validate_spec', 'save_adapter': 'game_progress autosave (score/stage/best per player)', 'fire_power_adapter': 'fire_economy block + vault ledger (idempotent gfp:* claims)', 'placeholder_policy': 'painted-primitive presentation until spec.assets is wired from the asset library / Asset Studio (drawSpr slots)', 'smoke_test_adapter': 'iframe data-testids per runtime (e.g. rpg-tile-*, orai title tap)', 'status': 'executable'}, {'runtime_id': 'runtime_top_down_v1', 'runtime': 'top_down', 'label': 'Top-Down Movement', 'executable_implementation': 'GameRuntime.td', 'shared_foundation': None, 'template_implementation': 'tpl_top_down_v1', 'renderers': ['canvas_2d'], 'scene_schema': 'validate_spec[top_down]', 'gameplay_systems': ['4-direction movement', 'collectible cores', 'patrol + chaser hazards', 'obstacles', 'finish portal', 'touch controls'], 'control_model': '4-direction movement', 'camera': 'top-down grid', 'win_loss': ['collect all cores and reach the exit portal', 'all lives lost'], 'validation_contract': 'services.game_studio.validate_spec', 'save_adapter': 'game_progress autosave (score/stage/best per player)', 'fire_power_adapter': 'fire_economy block + vault ledger (idempotent gfp:* claims)', 'placeholder_policy': 'painted-primitive presentation until spec.assets is wired from the asset library / Asset Studio (drawSpr slots)', 'smoke_test_adapter': 'iframe data-testids per runtime (e.g. rpg-tile-*, orai title tap)', 'status': 'executable'}, {'runtime_id': 'runtime_platformer_v1', 'runtime': 'platformer', 'label': 'Platformer Lite', 'executable_implementation': 'GameRuntime.pf', 'shared_foundation': None, 'template_implementation': 'tpl_platformer_v1', 'renderers': ['canvas_2d'], 'scene_schema': 'validate_spec[platformer]', 'gameplay_systems': ['player movement', 'jumping', 'gravity', 'collectibles', 'hazards', 'goal flag', 'touch controls'], 'control_model': 'arrows/left-right + jump', 'camera': 'side-scrolling', 'win_loss': ['reach the goal portal', 'all lives lost'], 'validation_contract': 'services.game_studio.validate_spec', 'save_adapter': 'game_progress autosave (score/stage/best per player)', 'fire_power_adapter': 'fire_economy block + vault ledger (idempotent gfp:* claims)', 'placeholder_policy': 'painted-primitive presentation until spec.assets is wired from the asset library / Asset Studio (drawSpr slots)', 'smoke_test_adapter': 'iframe data-testids per runtime (e.g. rpg-tile-*, orai title tap)', 'status': 'executable'}, {'runtime_id': 'runtime_dodge_collect_v1', 'runtime': 'dodge_collect', 'label': 'Dodge &amp; Collect Arcade', 'executable_implementation': 'GameRuntime.dc', 'shared_foundation': None, 'template_implementation': 'tpl_dodge_collect_v1', 'renderers': ['canvas_2d'], 'scene_schema': 'validate_spec[dodge_collect]', 'gameplay_systems': ['left/right movement', 'falling collectibles', 'moving hazards', 'increasing speed', 'touch/drag controls'], 'control_model': 'lane steering', 'camera': 'vertical scroll', 'win_loss': ['collect the target cores and reach the portal', 'all lives lost'], 'validation_contract': 'services.game_studio.validate_spec', 'save_adapter': 'game_progress autosave (score/stage/best per player)', 'fire_power_adapter': 'fire_economy block + vault ledger (idempotent gfp:* claims)', 'placeholder_policy': 'painted-primitive presentation until spec.assets is wired from the asset library / Asset Studio (drawSpr slots)', 'smoke_test_adapter': 'iframe data-testids per runtime (e.g. rpg-tile-*, orai title tap)', 'status': 'executable'}, {'runtime_id': 'runtime_puzzle_room_v1', 'runtime': 'puzzle_room', 'label': 'Puzzle Room', 'executable_implementation': 'GameRuntime.pz', 'shared_foundation': None, 'template_implementation': 'tpl_puzzle_room_v1', 'renderers': ['canvas_2d'], 'scene_schema': 'validate_spec[puzzle_room]', 'gameplay_systems': ['riddles', 'code locks', 'sequence puzzles', 'hints', 'room progression'], 'control_model': 'click objects/answers', 'camera': 'panel', 'win_loss': ['solve every puzzle to unlock the door', 'n/a (untimed)'], 'validation_contract': 'services.game_studio.validate_spec', 'save_adapter': 'game_progress autosave (score/stage/best per player)', 'fire_power_adapter': 'fire_economy block + vault ledger (idempotent gfp:* claims)', 'placeholder_policy': 'painted-primitive presentation until spec.assets is wired from the asset library / Asset Studio (drawSpr slots)', 'smoke_test_adapter': 'iframe data-testids per runtime (e.g. rpg-tile-*, orai title tap)', 'status': 'executable'}, {'runtime_id': 'runtime_card_battle_v1', 'runtime': 'card_battle', 'label': 'Card Battle', 'executable_implementation': 'GameRuntime.cb', 'shared_foundation': None, 'template_implementation': 'tpl_card_battle_v1', 'renderers': ['canvas_2d'], 'scene_schema': 'validate_spec[card_battle]', 'gameplay_systems': ['deck &amp; hand', 'draw/discard piles', 'turn-based combat', 'mana/energy', 'attack/defense/special cards', 'enemy AI', 'player &amp; enemy health'], 'control_model': 'click cards to play, end turn', 'camera': 'fixed duel table', 'win_loss': ['defeat the enemy (enemy HP to 0)', 'player HP reaches 0'], 'validation_contract': 'services.game_studio.validate_spec', 'save_adapter': 'game_progress autosave (score/stage/best per player)', 'fire_power_adapter': 'fire_economy block + vault ledger (idempotent gfp:* claims)', 'placeholder_policy': 'painted-primitive presentation until spec.assets is wired from the asset library / Asset Studio (drawSpr slots)', 'smoke_test_adapter': 'iframe data-testids per runtime (e.g. rpg-tile-*, orai title tap)', 'status': 'executable'}, {'runtime_id': 'runtime_tower_defense_v1', 'runtime': 'tower_defense', 'label': 'Tower Defense', 'executable_implementation': 'GameRuntime.tdf', 'shared_foundation': None, 'template_implementation': 'tpl_tower_defense_v1', 'renderers': ['canvas_2d'], 'scene_schema': 'validate_spec[tower_defense]', 'gameplay_systems': ['tower placement', 'upgrade/sell towers', 'enemy pathing', 'waves', 'multiple enemy types', 'range &amp; damage', 'base health', 'resources'], 'control_model': 'click to place/upgrade towers', 'camera': 'fixed board', 'win_loss': ['survive every wave with the base standing', 'base HP reaches 0'], 'validation_contract': 'services.game_studio.validate_spec', 'save_adapter': 'game_progress autosave (score/stage/best per player)', 'fire_power_adapter': 'fire_economy block + vault ledger (idempotent gfp:* claims)', 'placeholder_policy': 'painted-primitive presentation until spec.assets is wired from the asset library / Asset Studio (drawSpr slots)', 'smoke_test_adapter': 'iframe data-testids per runtime (e.g. rpg-tile-*, orai title tap)', 'status': 'executable'}, {'runtime_id': 'runtime_match3_v1', 'runtime': 'match3', 'label': 'Match-3 Puzzle', 'executable_implementation': 'GameRuntime.m3', 'shared_foundation': None, 'template_implementation': 'tpl_match3_v1', 'renderers': ['canvas_2d'], 'scene_schema': 'validate_spec[match3]', 'gameplay_systems': ['tile grid', 'swap adjacent tiles', 'match detection', 'cascades', 'combo multiplier', 'objectives', 'move limit'], 'control_model': 'click-swap adjacent tiles', 'camera': 'fixed board', 'win_loss': ['complete the stage objective within the move limit', 'moves run out before the objective'], 'validation_contract': 'services.game_studio.validate_spec', 'save_adapter': 'game_progress autosave (score/stage/best per player)', 'fire_power_adapter': 'fire_economy block + vault ledger (idempotent gfp:* claims)', 'placeholder_policy': 'painted-primitive presentation until spec.assets is wired from the asset library / Asset Studio (drawSpr slots)', 'smoke_test_adapter': 'iframe data-testids per runtime (e.g. rpg-tile-*, orai title tap)', 'status': 'executable'}, {'runtime_id': 'runtime_rpg_v1', 'runtime': 'rpg', 'label': 'RPG Adventure', 'executable_implementation': 'GameRuntime.rpg', 'shared_foundation': None, 'template_implementation': 'tpl_rpg_v1', 'renderers': ['canvas_2d'], 'scene_schema': 'validate_spec[rpg]', 'gameplay_systems': ['overworld exploration', 'world map zones (towns &amp; dungeons)', 'quests', 'NPC dialogue', 'inventory', 'equipment', 'XP &amp; leveling', 'turn-based battles', 'creature collection', 'party system', 'creature evolution'], 'control_model': 'tap-tile walk + battle action buttons', 'camera': 'top-down grid + battle overlay', 'win_loss': ['complete the quest and reach the exit', 'HP reaches 0 in combat'], 'validation_contract': 'services.game_studio.validate_spec', 'save_adapter': 'game_progress autosave (score/stage/best per player)', 'fire_power_adapter': 'fire_economy block + vault ledger (idempotent gfp:* claims)', 'placeholder_policy': 'painted-primitive presentation until spec.assets is wired from the asset library / Asset Studio (drawSpr slots)', 'smoke_test_adapter': 'iframe data-testids per runtime (e.g. rpg-tile-*, orai title tap)', 'status': 'executable'}, {'runtime_id': 'runtime_racing_v1', 'runtime': 'racing', 'label': 'Racing', 'executable_implementation': 'GameRuntime.rac', 'shared_foundation': None, 'template_implementation': 'tpl_racing_v1', 'renderers': ['canvas_2d'], 'scene_schema': 'validate_spec[racing]', 'gameplay_systems': ['laps &amp; checkpoints', 'AI racers', 'steering', 'drift', 'boost pads', 'position leaderboard'], 'control_model': 'steer/drift buttons', 'camera': 'chase/top', 'win_loss': ['finish all laps in 1st-3rd place', 'finish last / miss checkpoints'], 'validation_contract': 'services.game_studio.validate_spec', 'save_adapter': 'game_progress autosave (score/stage/best per player)', 'fire_power_adapter': 'fire_economy block + vault ledger (idempotent gfp:* claims)', 'placeholder_policy': 'painted-primitive presentation until spec.assets is wired from the asset library / Asset Studio (drawSpr slots)', 'smoke_test_adapter': 'iframe data-testids per runtime (e.g. rpg-tile-*, orai title tap)', 'status': 'executable'}, {'runtime_id': 'runtime_farming_v1', 'runtime': 'farming', 'label': 'Farming', 'executable_implementation': 'GameRuntime.frm', 'shared_foundation': None, 'template_implementation': 'tpl_farming_v1', 'renderers': ['canvas_2d'], 'scene_schema': 'validate_spec[farming]', 'gameplay_systems': ['plant seeds', 'watering', 'growth timers', 'harvesting', 'crafting goods', 'seasonal day cycle', 'market sales'], 'control_model': 'click plots (plant/water/harvest)', 'camera': 'fixed plots', 'win_loss': ['reach the coin goal before the season ends', 'season ends short of the goal'], 'validation_contract': 'services.game_studio.validate_spec', 'save_adapter': 'game_progress autosave (score/stage/best per player)', 'fire_power_adapter': 'fire_economy block + vault ledger (idempotent gfp:* claims)', 'placeholder_policy': 'painted-primitive presentation until spec.assets is wired from the asset library / Asset Studio (drawSpr slots)', 'smoke_test_adapter': 'iframe data-testids per runtime (e.g. rpg-tile-*, orai title tap)', 'status': 'executable'}, {'runtime_id': 'runtime_city_builder_v1', 'runtime': 'city_builder', 'label': 'City Builder', 'executable_implementation': 'GameRuntime.cbl', 'shared_foundation': None, 'template_implementation': 'tpl_city_builder_v1', 'renderers': ['canvas_2d'], 'scene_schema': 'validate_spec[city_builder]', 'gameplay_systems': ['building placement', 'gold/food/population economy', 'production chains', 'housing &amp; growth', 'expansion'], 'control_model': 'click grid to place buildings', 'camera': 'fixed board', 'win_loss': ['grow the city to the population target', 'treasury and food collapse'], 'validation_contract': 'services.game_studio.validate_spec', 'save_adapter': 'game_progress autosave (score/stage/best per player)', 'fire_power_adapter': 'fire_economy block + vault ledger (idempotent gfp:* claims)', 'placeholder_policy': 'painted-primitive presentation until spec.assets is wired from the asset library / Asset Studio (drawSpr slots)', 'smoke_test_adapter': 'iframe data-testids per runtime (e.g. rpg-tile-*, orai title tap)', 'status': 'executable'}, {'runtime_id': 'runtime_roguelike_v1', 'runtime': 'roguelike', 'label': 'Roguelike', 'executable_implementation': 'GameRuntime.rgl', 'shared_foundation': None, 'template_implementation': 'tpl_roguelike_v1', 'renderers': ['canvas_2d'], 'scene_schema': 'validate_spec[roguelike]', 'gameplay_systems': ['procedural levels', 'permadeath', 'randomized loot', 'run upgrades'], 'control_model': 'step movement (bump combat)', 'camera': 'top-down dungeon', 'win_loss': ['clear every dungeon floor and survive the run', 'HP reaches 0 — permadeath restarts the run'], 'validation_contract': 'services.game_studio.validate_spec', 'save_adapter': 'game_progress autosave (score/stage/best per player)', 'fire_power_adapter': 'fire_economy block + vault ledger (idempotent gfp:* claims)', 'placeholder_policy': 'painted-primitive presentation until spec.assets is wired from the asset library / Asset Studio (drawSpr slots)', 'smoke_test_adapter': 'iframe data-testids per runtime (e.g. rpg-tile-*, orai title tap)', 'status': 'executable'}, {'runtime_id': 'runtime_tactics_v1', 'runtime': 'tactics', 'label': 'Tactical Strategy', 'executable_implementation': 'GameRuntime.tac', 'shared_foundation': None, 'template_implementation': 'tpl_tactics_v1', 'renderers': ['canvas_2d'], 'scene_schema': 'validate_spec[tactics]', 'gameplay_systems': ['grid movement', 'turn-based combat', 'abilities', 'cover', 'enemy AI turns'], 'control_model': 'select unit → move/act grid', 'camera': 'fixed grid', 'win_loss': ['defeat every enemy unit', 'your whole squad falls'], 'validation_contract': 'services.game_studio.validate_spec', 'save_adapter': 'game_progress autosave (score/stage/best per player)', 'fire_power_adapter': 'fire_economy block + vault ledger (idempotent gfp:* claims)', 'placeholder_policy': 'painted-primitive presentation until spec.assets is wired from the asset library / Asset Studio (drawSpr slots)', 'smoke_test_adapter': 'iframe data-testids per runtime (e.g. rpg-tile-*, orai title tap)', 'status': 'executable'}, {'runtime_id': 'runtime_idle_v1', 'runtime': 'idle', 'label': 'Idle / Incremental', 'executable_implementation': 'GameRuntime.idl', 'shared_foundation': None, 'template_implementation': 'tpl_idle_v1', 'renderers': ['canvas_2d'], 'scene_schema': 'validate_spec[idle]', 'gameplay_systems': ['passive generation', 'automation', 'upgrades', 'prestige'], 'control_model': 'click generators/upgrades', 'camera': 'panel', 'win_loss': ['reach the production goal', 'n/a (untimed)'], 'validation_contract': 'services.game_studio.validate_spec', 'save_adapter': 'game_progress autosave (score/stage/best per player)', 'fire_power_adapter': 'fire_economy block + vault ledger (idempotent gfp:* claims)', 'placeholder_policy': 'painted-primitive presentation until spec.assets is wired from the asset library / Asset Studio (drawSpr slots)', 'smoke_test_adapter': 'iframe data-testids per runtime (e.g. rpg-tile-*, orai title tap)', 'status': 'executable'}, {'runtime_id': 'runtime_visual_novel_v1', 'runtime': 'visual_novel', 'label': 'Visual Novel', 'executable_implementation': 'GameRuntime.vn', 'shared_foundation': None, 'template_implementation': 'tpl_visual_novel_v1', 'renderers': ['dom_ui'], 'scene_schema': 'validate_spec[visual_novel]', 'gameplay_systems': ['branching dialogue', 'portraits', 'choices', 'multiple endings'], 'control_model': 'click choices', 'camera': 'scene panel', 'win_loss': ['reach an ending of every chapter', 'n/a (choice-driven, no fail state)'], 'validation_contract': 'services.game_studio.validate_spec', 'save_adapter': 'game_progress autosave (score/stage/best per player)', 'fire_power_adapter': 'fire_economy block + vault ledger (idempotent gfp:* claims)', 'placeholder_policy': 'painted-primitive presentation until spec.assets is wired from the asset library / Asset Studio (drawSpr slots)', 'smoke_test_adapter': 'iframe data-testids per runtime (e.g. rpg-tile-*, orai title tap)', 'status': 'executable'}, {'runtime_id': 'runtime_fishing_v1', 'runtime': 'fishing', 'label': 'Fishing', 'executable_implementation': 'GameRuntime.fsh', 'shared_foundation': None, 'template_implementation': 'tpl_fishing_v1', 'renderers': ['canvas_2d'], 'scene_schema': 'validate_spec[fishing]', 'gameplay_systems': ['casting', 'timing catch', 'bait', 'fish rarity', 'collection'], 'control_model': 'timed cast/reel', 'camera': 'side water view', 'win_loss': ['catch the target fish before casts run out', 'casts run out short of the goal'], 'validation_contract': 'services.game_studio.validate_spec', 'save_adapter': 'game_progress autosave (score/stage/best per player)', 'fire_power_adapter': 'fire_economy block + vault ledger (idempotent gfp:* claims)', 'placeholder_policy': 'painted-primitive presentation until spec.assets is wired from the asset library / Asset Studio (drawSpr slots)', 'smoke_test_adapter': 'iframe data-testids per runtime (e.g. rpg-tile-*, orai title tap)', 'status': 'executable'}, {'runtime_id': 'runtime_turn_based_creature_rpg_v1', 'runtime': 'turn_based_creature_rpg', 'label': 'Turn-Based Creature RPG', 'executable_implementation': 'GameRuntime.rpg', 'shared_foundation': {'with': 'rpg', 'justification': 'creature-RPG mode of the rpg engine: exploration, party, capture and turn-based battle are the same executable with a stricter spec contract (catchable creatures + starter required)'}, 'template_implementation': 'tpl_turn_based_creature_rpg_v1', 'renderers': ['canvas_2d'], 'scene_schema': 'validate_spec[turn_based_creature_rpg]', 'gameplay_systems': ['world exploration', 'NPC dialogue', 'quests', 'quest objectives', 'inventory', 'party system', 'creature roster', 'turn-based combat', 'capture mechanic', 'creature taming', 'tame &amp; befriend wild creature', 'XP &amp; leveling', 'save/load', 'starter creature', 'village &amp; region maps'], 'control_model': 'tap-tile walk + battle action buttons (Attack/Catch/Swap)', 'camera': 'top-down region grid + battle overlay', 'win_loss': ['complete the quest, grow your creature party and reach the exit', 'HP reaches 0 in a creature battle'], 'validation_contract': 'services.game_studio.validate_spec', 'save_adapter': 'game_progress autosave (score/stage/best per player)', 'fire_power_adapter': 'fire_economy block + vault ledger (idempotent gfp:* claims)', 'placeholder_policy': 'painted-primitive presentation until spec.assets is wired from the asset library / Asset Studio (drawSpr slots)', 'smoke_test_adapter': 'iframe data-testids per runtime (e.g. rpg-tile-*, orai title tap)', 'status': 'executable'}, {'runtime_id': 'runtime_action_rpg_2_5d_v1', 'runtime': 'action_rpg_2_5d', 'label': '2.5D Action RPG', 'executable_implementation': 'GameRuntime.arpg', 'shared_foundation': None, 'template_implementation': 'tpl_action_rpg_2_5d_v1', 'renderers': ['action_rpg_2_5d_layered'], 'scene_schema': 'validate_spec[action_rpg_2_5d]', 'gameplay_systems': ['continuous 8-direction movement', 'camera follow + look-ahead + shake', 'layered 2.5D parallax presentation', 'melee combat', 'projectile spells', 'dodge roll with i-frames', 'stamina &amp; mana', 'cooldowns', 'knockback &amp; crits', 'burn status effect', 'enemy AI profiles (patrol/chase/retreat/ranged/caster)', 'attack telegraphs', 'multi-phase boss with arena lock &amp; enrage', 'loot drops', 'NPC dialogue', 'quests (defeat/collect)', 'inventory &amp; potions', 'equipment', 'XP &amp; leveling', 'checkpoints &amp; respawn', 'region transitions', 'save/load', 'trigger volumes', 'gamepad support', 'mobile virtual joystick'], 'control_model': 'continuous 8-dir movement + melee/spell/dodge/interact (keyboard, gamepad, mobile joystick + buttons)', 'camera': 'smooth follow camera with look-ahead, bounds, arena lock and shake over a layered 2.5D parallax world', 'win_loss': ['complete the region quest, defeat the boss and pass the exit portal', 'all lives lost (respawn at checkpoints until then)'], 'validation_contract': 'services.game_studio.validate_spec', 'save_adapter': 'game_progress autosave (score/stage/best per player)', 'fire_power_adapter': 'fire_economy block + vault ledger (idempotent gfp:* claims)', 'placeholder_policy': 'painted-primitive presentation until spec.assets is wired from the asset library / Asset Studio (drawSpr slots)', 'smoke_test_adapter': 'iframe data-testids per runtime (e.g. rpg-tile-*, orai title tap)', 'status': 'executable'}], 'executable': ['quiz_adventure', 'matching', 'sorting', 'memory', 'rhythm', 'top_down', 'platformer', 'dodge_collect', 'puzzle_room', 'card_battle', 'tower_defense', 'match3', 'rpg', 'racing', 'farming', 'city_builder', 'roguelike', 'tactics', 'idle', 'visual_novel', 'fishing', 'turn_based_creature_rpg', 'action_rpg_2_5d'], 'registered_not_executable': []}
E   assert None is not None</failure></testcase><testcase classname="backend.tests.test_arpg_iter122" name="test_wiring_report_zero_placeholder" time="0.152"><failure message="AssertionError: {'game_id': '254523a78f694547ac36a6845e037e92', 'runtime': 'action_rpg_2_5d', 'validation': {'note': 'optional assets never block testing; required assets block publishing only', 'placeholder_pct': 0, 'publish_blockers': [], 'slots': [{'required': True, 'slot': 'player_sprite', 'status': 'ready', 'url': '/api/public/game-assets/16f77ef0fdf546a7add3e72dcbcab83e.png'}, {'required': True, 'slot': 'enemy_sprite', 'status': 'ready', 'url': '/api/public/game-assets/0dd6da02e5ab454ba6f893ccbac84783.png'}, {'required': True, 'slot': 'boss_sprite', 'status': 'ready', 'url': '/api/public/game-assets/7397a22a29474c0bbef9f253cf27ff59.png'}, {'required': False, 'slot': 'npc_sprite', 'status': 'ready', 'url': '/api/public/game-assets/d72564a9730d45be8d407e7c7b63efdd.png'}, {'required': True, 'slot': 'background', 'status': 'ready', 'url': '/api/public/game-assets/fa6c78b4e1cb48e6987fc4e0ff8efe39.png'}, {'required': False, 'slot': 'tileset', 'status': 'ready', 'url': '/api/public/game-assets/d126b3a1410540f49b0a4da0a83b3a17.png'}, ...], ...}}&#10;assert None == 0&#10; +  where None = &lt;built-in method get of dict object at 0xf9e7be336980&gt;('placeholder_pct')&#10; +    where &lt;built-in method get of dict object at 0xf9e7be336980&gt; = {'game_id': '254523a78f694547ac36a6845e037e92', 'runtime': 'action_rpg_2_5d', 'validation': {'note': 'optional assets never block testing; required assets block publishing only', 'placeholder_pct': 0, 'publish_blockers': [], 'slots': [{'required': True, 'slot': 'player_sprite', 'status': 'ready', 'url': '/api/public/game-assets/16f77ef0fdf546a7add3e72dcbcab83e.png'}, {'required': True, 'slot': 'enemy_sprite', 'status': 'ready', 'url': '/api/public/game-assets/0dd6da02e5ab454ba6f893ccbac84783.png'}, {'required': True, 'slot': 'boss_sprite', 'status': 'ready', 'url': '/api/public/game-assets/7397a22a29474c0bbef9f253cf27ff59.png'}, {'required': False, 'slot': 'npc_sprite', 'status': 'ready', 'url': '/api/public/game-assets/d72564a9730d45be8d407e7c7b63efdd.png'}, {'required': True, 'slot': 'background', 'status': 'ready', 'url': '/api/public/game-assets/fa6c78b4e1cb48e6987fc4e0ff8efe39.png'}, {'required': False, 'slot': 'tileset', 'status': 'ready', 'url': '/api/public/game-assets/d126b3a1410540f49b0a4da0a83b3a17.png'}, ...], ...}}.get">backend/tests/test_arpg_iter122.py:55: in test_wiring_report_zero_placeholder
    assert d.get("placeholder_pct") == 0, d
E   AssertionError: {'game_id': '254523a78f694547ac36a6845e037e92', 'runtime': 'action_rpg_2_5d', 'validation': {'note': 'optional assets never block testing; required assets block publishing only', 'placeholder_pct': 0, 'publish_blockers': [], 'slots': [{'required': True, 'slot': 'player_sprite', 'status': 'ready', 'url': '/api/public/game-assets/16f77ef0fdf546a7add3e72dcbcab83e.png'}, {'required': True, 'slot': 'enemy_sprite', 'status': 'ready', 'url': '/api/public/game-assets/0dd6da02e5ab454ba6f893ccbac84783.png'}, {'required': True, 'slot': 'boss_sprite', 'status': 'ready', 'url': '/api/public/game-assets/7397a22a29474c0bbef9f253cf27ff59.png'}, {'required': False, 'slot': 'npc_sprite', 'status': 'ready', 'url': '/api/public/game-assets/d72564a9730d45be8d407e7c7b63efdd.png'}, {'required': True, 'slot': 'background', 'status': 'ready', 'url': '/api/public/game-assets/fa6c78b4e1cb48e6987fc4e0ff8efe39.png'}, {'required': False, 'slot': 'tileset', 'status': 'ready', 'url': '/api/public/game-assets/d126b3a1410540f49b0a4da0a83b3a17.png'}, ...], ...}}
E   assert None == 0
E    +  where None = &lt;built-in method get of dict object at 0xf9e7be336980&gt;('placeholder_pct')
E    +    where &lt;built-in method get of dict object at 0xf9e7be336980&gt; = {'game_id': '254523a78f694547ac36a6845e037e92', 'runtime': 'action_rpg_2_5d', 'validation': {'note': 'optional assets never block testing; required assets block publishing only', 'placeholder_pct': 0, 'publish_blockers': [], 'slots': [{'required': True, 'slot': 'player_sprite', 'status': 'ready', 'url': '/api/public/game-assets/16f77ef0fdf546a7add3e72dcbcab83e.png'}, {'required': True, 'slot': 'enemy_sprite', 'status': 'ready', 'url': '/api/public/game-assets/0dd6da02e5ab454ba6f893ccbac84783.png'}, {'required': True, 'slot': 'boss_sprite', 'status': 'ready', 'url': '/api/public/game-assets/7397a22a29474c0bbef9f253cf27ff59.png'}, {'required': False, 'slot': 'npc_sprite', 'status': 'ready', 'url': '/api/public/game-assets/d72564a9730d45be8d407e7c7b63efdd.png'}, {'required': True, 'slot': 'background', 'status': 'ready', 'url': '/api/public/game-assets/fa6c78b4e1cb48e6987fc4e0ff8efe39.png'}, {'required': False, 'slot': 'tileset', 'status': 'ready', 'url': '/api/public/game-assets/d126b3a1410540f49b0a4da0a83b3a17.png'}, ...], ...}}.get</failure></testcase><testcase classname="backend.tests.test_arpg_iter122" name="test_art_preset_flow" time="0.317" /></testsuite></testsuites>