<?xml version="1.0" encoding="utf-8"?><testsuites name="pytest tests"><testsuite name="pytest" errors="0" failures="0" skipped="1" tests="18" time="3.321" timestamp="2026-08-01T06:43:49.478700+00:00" hostname="agent-env-202f2836-c5ea-402c-ad2b-a32e7c42aed9"><testcase classname="backend.tests.test_bundle_h_rc_home_education.TestHomeOverview" name="test_home_overview_shape" time="0.447" /><testcase classname="backend.tests.test_bundle_h_rc_home_education.TestHomeOverview" name="test_home_overview_counts_match_db" time="0.103" /><testcase classname="backend.tests.test_bundle_h_rc_home_education.TestEducationOverview" name="test_owner_sees_all_students" time="0.098" /><testcase classname="backend.tests.test_bundle_h_rc_home_education.TestEducationOverview" name="test_stealth_default_state" time="0.101" /><testcase classname="backend.tests.test_bundle_h_rc_home_education.TestEducationOverview" name="test_lessons_present" time="0.106" /><testcase classname="backend.tests.test_bundle_h_rc_home_education.TestUpdateStudent" name="test_change_grade_level_persists" time="0.403" /><testcase classname="backend.tests.test_bundle_h_rc_home_education.TestUpdateStudent" name="test_invalid_grade_for_stage" time="0.204" /><testcase classname="backend.tests.test_bundle_h_rc_home_education.TestUpdateStudent" name="test_invalid_ai_power_level" time="0.203" /><testcase classname="backend.tests.test_bundle_h_rc_home_education.TestUpdateStudent" name="test_stage_change_to_higher_then_revert" time="0.291" /><testcase classname="backend.tests.test_bundle_h_rc_home_education.TestUpdateStudent" name="test_ensure_stealth_final_state_standard" time="0.200" /><testcase classname="backend.tests.test_bundle_h_rc_home_education.TestUpdateStudent" name="test_non_manager_gets_403_and_sees_only_self" time="0.414"><skipped type="pytest.skip" message="tftwo not a member of education center — 403 behavior not testable">/app/backend/tests/test_bundle_h_rc_home_education.py:196: tftwo not a member of education center — 403 behavior not testable</skipped></testcase><testcase classname="backend.tests.test_bundle_h_rc_home_education.TestCreateCenterTypes" name="test_invalid_type_rejected" time="0.096" /><testcase classname="backend.tests.test_bundle_h_rc_home_education.TestCreateCenterTypes" name="test_invalid_type_government_rejected" time="0.106" /><testcase classname="backend.tests.test_bundle_h_rc_home_education.TestCreateCenterTypes" name="test_new_types_accepted_or_insufficient_funds[education]" time="0.098" /><testcase classname="backend.tests.test_bundle_h_rc_home_education.TestCreateCenterTypes" name="test_new_types_accepted_or_insufficient_funds[church]" time="0.093" /><testcase classname="backend.tests.test_bundle_h_rc_home_education.TestCreateCenterTypes" name="test_new_types_accepted_or_insufficient_funds[sports]" time="0.103" /><testcase classname="backend.tests.test_bundle_h_rc_home_education.TestCreateCenterTypes" name="test_new_types_accepted_or_insufficient_funds[personal]" time="0.096" /><testcase classname="backend.tests.test_bundle_h_rc_home_education.TestCreateCenterTypes" name="test_new_types_accepted_or_insufficient_funds[volunteer]" time="0.101" /></testsuite></testsuites>