<?xml version="1.0" encoding="utf-8"?><testsuites name="pytest tests"><testsuite name="pytest" errors="0" failures="0" skipped="1" tests="16" time="5.656" timestamp="2026-08-01T16:52:49.303300+00:00" hostname="agent-env-202f2836-c5ea-402c-ad2b-a32e7c42aed9"><testcase classname="backend.tests.test_bundle_i_orai.TestValidation" name="test_empty_message_400" time="0.557" /><testcase classname="backend.tests.test_bundle_i_orai.TestValidation" name="test_whitespace_only_400" time="0.106" /><testcase classname="backend.tests.test_bundle_i_orai.TestValidation" name="test_too_long_message_400" time="0.114" /><testcase classname="backend.tests.test_bundle_i_orai.TestChatAndSessions" name="test_first_chat_creates_session" time="0.807" /><testcase classname="backend.tests.test_bundle_i_orai.TestChatAndSessions" name="test_reply_references_real_center_data" time="0.000" /><testcase classname="backend.tests.test_bundle_i_orai.TestChatAndSessions" name="test_sessions_list_contains_new_session" time="0.101" /><testcase classname="backend.tests.test_bundle_i_orai.TestChatAndSessions" name="test_messages_history_has_user_and_assistant" time="0.149" /><testcase classname="backend.tests.test_bundle_i_orai.TestChatAndSessions" name="test_multi_turn_same_session" time="0.943" /><testcase classname="backend.tests.test_bundle_i_orai.TestPermissionIsolation" name="test_non_member_cannot_chat" time="0.481" /><testcase classname="backend.tests.test_bundle_i_orai.TestPermissionIsolation" name="test_non_member_cannot_list_sessions" time="0.151" /><testcase classname="backend.tests.test_bundle_i_orai.TestPermissionIsolation" name="test_other_user_cannot_access_session" time="0.142" /><testcase classname="backend.tests.test_bundle_i_orai.TestPermissionIsolation" name="test_other_user_cannot_delete_session" time="0.112" /><testcase classname="backend.tests.test_bundle_i_orai.TestActivityLog" name="test_orai_session_started_logged" time="0.101"><skipped type="pytest.skip" message="activity endpoint not available (404)">/app/backend/tests/test_bundle_i_orai.py:161: activity endpoint not available (404)</skipped></testcase><testcase classname="backend.tests.test_bundle_i_orai.TestCompliance" name="test_fire_power_not_money" time="1.501" /><testcase classname="backend.tests.test_bundle_i_orai.TestDeleteSession" name="test_delete_session_removes" time="0.230" /><testcase classname="backend.tests.test_bundle_i_orai.TestDeleteSession" name="test_delete_nonexistent_returns_404" time="0.104" /></testsuite></testsuites>