<?xml version="1.0" encoding="utf-8"?><testsuites name="pytest tests"><testsuite name="pytest" errors="0" failures="0" skipped="2" tests="23" time="4.509" timestamp="2026-08-01T06:03:56.329881+00:00" hostname="agent-env-202f2836-c5ea-402c-ad2b-a32e7c42aed9"><testcase classname="backend.tests.test_bundle_g_rc_final.TestTemplates" name="test_list_returns_11" time="0.482" /><testcase classname="backend.tests.test_bundle_g_rc_final.TestTemplates" name="test_family_detail_has_units_and_widgets" time="0.094" /><testcase classname="backend.tests.test_bundle_g_rc_final.TestTemplates" name="test_unknown_template_404" time="0.100" /><testcase classname="backend.tests.test_bundle_g_rc_final.TestApplyTemplate" name="test_apply_recommended_then_idempotent" time="0.119"><skipped type="pytest.skip" message="Stealth has 686 FP, need &gt;=1000 to create center">/app/backend/tests/test_bundle_g_rc_final.py:116: Stealth has 686 FP, need &gt;=1000 to create center</skipped></testcase><testcase classname="backend.tests.test_bundle_g_rc_final.TestApplyTemplate" name="test_invalid_mode_returns_400" time="0.000"><skipped type="pytest.skip" message="Stealth has 686 FP, need &gt;=1000 to create center">/app/backend/tests/test_bundle_g_rc_final.py:149: Stealth has 686 FP, need &gt;=1000 to create center</skipped></testcase><testcase classname="backend.tests.test_bundle_g_rc_final.TestWidgets" name="test_dashboard_widgets_shape" time="0.102" /><testcase classname="backend.tests.test_bundle_g_rc_final.TestWidgets" name="test_save_layout_and_version_conflict" time="0.294" /><testcase classname="backend.tests.test_bundle_g_rc_final.TestWidgets" name="test_reset_layout" time="0.097" /><testcase classname="backend.tests.test_bundle_g_rc_final.TestWidgets" name="test_center_default_requires_edit_perm" time="0.441" /><testcase classname="backend.tests.test_bundle_g_rc_final.TestSearch" name="test_short_query_returns_empty" time="0.104" /><testcase classname="backend.tests.test_bundle_g_rc_final.TestSearch" name="test_global_search_returns_results" time="0.099" /><testcase classname="backend.tests.test_bundle_g_rc_final.TestSearch" name="test_center_scoped_search" time="0.104" /><testcase classname="backend.tests.test_bundle_g_rc_final.TestAdminTemplateManager" name="test_admin_list_11_system" time="0.111" /><testcase classname="backend.tests.test_bundle_g_rc_final.TestAdminTemplateManager" name="test_non_admin_gets_403" time="0.104" /><testcase classname="backend.tests.test_bundle_g_rc_final.TestAdminTemplateManager" name="test_create_draft_and_status_lifecycle" time="0.904" /><testcase classname="backend.tests.test_bundle_g_rc_final.TestAdminTemplateManager" name="test_duplicate_system_template" time="0.111" /><testcase classname="backend.tests.test_bundle_g_rc_final.TestScheduledReports" name="test_create_off_by_default" time="0.570" /><testcase classname="backend.tests.test_bundle_g_rc_final.TestScheduledReports" name="test_invalid_timezone_400" time="0.100" /><testcase classname="backend.tests.test_bundle_g_rc_final.TestScheduledReports" name="test_invalid_frequency_400" time="0.097" /><testcase classname="backend.tests.test_bundle_g_rc_final.TestRcModeration" name="test_report_rc_center_as_member" time="0.099" /><testcase classname="backend.tests.test_bundle_g_rc_final.TestRcModeration" name="test_report_rc_center_nonmember_404" time="0.088" /><testcase classname="backend.tests.test_bundle_g_rc_final.TestRcModeration" name="test_admin_moderation_filter_rc" time="0.093" /><testcase classname="backend.tests.test_bundle_g_rc_final.TestRcModeration" name="test_admin_moderation_filter_core" time="0.130" /></testsuite></testsuites>