<?xml version="1.0" encoding="utf-8"?><testsuites name="pytest tests"><testsuite name="pytest" errors="0" failures="0" skipped="1" tests="12" time="69.729" timestamp="2026-07-29T01:16:51.681016+00:00" hostname="agent-env-202f2836-c5ea-402c-ad2b-a32e7c42aed9"><testcase classname="backend.tests.test_content_safety_phase1_5.TestPrivateReviewLock" name="test_lock_empty_reason_422" time="0.747" /><testcase classname="backend.tests.test_content_safety_phase1_5.TestPrivateReviewLock" name="test_lock_unlock_cycle_preserves_audience" time="1.160" /><testcase classname="backend.tests.test_content_safety_phase1_5.TestNotesAndCase" name="test_add_note_and_case_detail" time="0.648" /><testcase classname="backend.tests.test_content_safety_phase1_5.TestNonAdmin403" name="test_all_phase15_admin_endpoints_forbid_non_admin" time="0.803" /><testcase classname="backend.tests.test_content_safety_phase1_5.TestUserSearchAndProfile" name="test_user_search_partial_and_email_visibility" time="0.214" /><testcase classname="backend.tests.test_content_safety_phase1_5.TestUserSearchAndProfile" name="test_user_profile" time="0.234" /><testcase classname="backend.tests.test_content_safety_phase1_5.TestUserSearchAndProfile" name="test_user_posts_filters" time="0.427" /><testcase classname="backend.tests.test_content_safety_phase1_5.TestContentSearch" name="test_content_search_by_caption_and_filters" time="1.243" /><testcase classname="backend.tests.test_content_safety_phase1_5.TestCasesTabs" name="test_locked_tab_includes_locked" time="0.340" /><testcase classname="backend.tests.test_content_safety_phase1_5.TestCasesTabs" name="test_hidden_tab_includes_hidden" time="0.248"><skipped type="pytest.skip" message="hide endpoint not present at /api/admin/moderation/post/{id}/hide">/app/backend/tests/test_content_safety_phase1_5.py:326: hide endpoint not present at /api/admin/moderation/post/{id}/hide</skipped></testcase><testcase classname="backend.tests.test_content_safety_phase1_5.TestCasesTabs" name="test_review_tab_reachable" time="0.099" /><testcase classname="backend.tests.test_content_safety_phase1_5.TestBlurSource" name="test_blur_records_source_in_audit" time="63.507" /></testsuite></testsuites>