<?xml version="1.0" encoding="utf-8"?><testsuites name="pytest tests"><testsuite name="pytest" errors="0" failures="0" skipped="0" tests="17" time="42.520" timestamp="2026-07-29T00:21:09.773782+00:00" hostname="agent-env-202f2836-c5ea-402c-ad2b-a32e7c42aed9"><testcase classname="backend.tests.test_content_safety_phase1.TestSafetyPreferences" name="test_get_defaults" time="0.518" /><testcase classname="backend.tests.test_content_safety_phase1.TestSafetyPreferences" name="test_patch_persists_and_invalid_400" time="0.440" /><testcase classname="backend.tests.test_content_safety_phase1.TestSafetyView" name="test_viewer_sees_safety_view_not_raw_safety" time="6.620" /><testcase classname="backend.tests.test_content_safety_phase1.TestSafetyView" name="test_uploader_sees_is_uploader_true" time="0.133" /><testcase classname="backend.tests.test_content_safety_phase1.TestManualBlur" name="test_non_admin_blur_403" time="0.110" /><testcase classname="backend.tests.test_content_safety_phase1.TestManualBlur" name="test_blur_and_unblur_cycle" time="0.455" /><testcase classname="backend.tests.test_content_safety_phase1.TestAdminListings" name="test_safety_summary" time="0.115" /><testcase classname="backend.tests.test_content_safety_phase1.TestAdminListings" name="test_cases_ai_tab" time="0.106" /><testcase classname="backend.tests.test_content_safety_phase1.TestAdminListings" name="test_reports_open" time="0.161" /><testcase classname="backend.tests.test_content_safety_phase1.TestAdminListings" name="test_audit_log_has_entries" time="0.108" /><testcase classname="backend.tests.test_content_safety_phase1.TestRescan" name="test_rescan_queued" time="0.110" /><testcase classname="backend.tests.test_content_safety_phase1.TestReportAdminFlow" name="test_remove_requires_reason" time="0.234" /><testcase classname="backend.tests.test_content_safety_phase1.TestReportAdminFlow" name="test_remove_with_reason" time="0.399" /><testcase classname="backend.tests.test_content_safety_phase1.TestReportAdminFlow" name="test_reopen" time="0.320" /><testcase classname="backend.tests.test_content_safety_phase1.TestReportAdminFlow" name="test_close" time="0.231" /><testcase classname="backend.tests.test_content_safety_phase1.TestCommentModeration" name="test_threat_comment_autohidden" time="4.253" /><testcase classname="backend.tests.test_content_safety_phase1.TestImageVisionScan" name="test_image_upload_scan_done" time="28.139" /></testsuite></testsuites>