<?xml version="1.0" encoding="utf-8"?><testsuites name="pytest tests"><testsuite name="pytest" errors="0" failures="0" skipped="0" tests="10" time="2.205" timestamp="2026-08-04T00:17:13.022402+00:00" hostname="agent-env-202f2836-c5ea-402c-ad2b-a32e7c42aed9"><testcase classname="backend.tests.test_dragon_realm" name="test_state_anon_401" time="0.159" /><testcase classname="backend.tests.test_dragon_realm" name="test_state_founder_200_shape" time="0.455" /><testcase classname="backend.tests.test_dragon_realm" name="test_state_throwaway_403" time="0.463" /><testcase classname="backend.tests.test_dragon_realm" name="test_admin_config_get" time="0.104" /><testcase classname="backend.tests.test_dragon_realm" name="test_admin_config_throwaway_forbidden" time="0.112" /><testcase classname="backend.tests.test_dragon_realm" name="test_admin_config_put_requires_reason" time="0.122" /><testcase classname="backend.tests.test_dragon_realm" name="test_admin_config_put_changes_and_restore" time="0.339" /><testcase classname="backend.tests.test_dragon_realm" name="test_event_unknown_enemy" time="0.108" /><testcase classname="backend.tests.test_dragon_realm" name="test_boss_gate_locked_message" time="0.217" /><testcase classname="backend.tests.test_dragon_realm" name="test_route_runtime_creature_rpg" time="0.083" /></testsuite></testsuites>