<?xml version="1.0" encoding="utf-8"?><testsuites name="pytest tests"><testsuite name="pytest" errors="0" failures="0" skipped="0" tests="12" time="209.139" timestamp="2026-08-04T00:57:56.869889+00:00" hostname="agent-env-202f2836-c5ea-402c-ad2b-a32e7c42aed9"><testcase classname="backend.tests.test_dragon_realm_phase34" name="test_state_full_world_shape" time="0.531" /><testcase classname="backend.tests.test_dragon_realm_phase34" name="test_admin_reset_requires_reason_and_uid" time="0.116" /><testcase classname="backend.tests.test_dragon_realm_phase34" name="test_admin_reset_stealth_clean_slate" time="0.539" /><testcase classname="backend.tests.test_dragon_realm_phase34" name="test_event_unknown_enemy_400" time="0.105" /><testcase classname="backend.tests.test_dragon_realm_phase34" name="test_event_locked_region_400" time="0.127" /><testcase classname="backend.tests.test_dragon_realm_phase34" name="test_event_boss_win_pre_gate_400" time="0.097" /><testcase classname="backend.tests.test_dragon_realm_phase34" name="test_event_rate_limit" time="5.245" /><testcase classname="backend.tests.test_dragon_realm_phase34" name="test_progress_all_regions_and_dragon_king_gate" time="134.279" /><testcase classname="backend.tests.test_dragon_realm_phase34" name="test_dragon_king_locked_until_all_bosses" time="36.049" /><testcase classname="backend.tests.test_dragon_realm_phase34" name="test_claim_and_idempotent_second_call" time="31.404" /><testcase classname="backend.tests.test_dragon_realm_phase34" name="test_claim_all_endpoint" time="0.269" /><testcase classname="backend.tests.test_dragon_realm_phase34" name="test_admin_config_all_reward_keys_roundtrip" time="0.317" /></testsuite></testsuites>