<?xml version="1.0" encoding="utf-8"?><testsuites name="pytest tests"><testsuite name="pytest" errors="0" failures="0" skipped="0" tests="3" time="30.535" timestamp="2026-08-04T22:38:55.308229+00:00" hostname="agent-env-202f2836-c5ea-402c-ad2b-a32e7c42aed9"><testcase classname="tests.test_game_platform_iter121.TestLegacyRegression" name="test_legacy_projects_blueprints_plan_contract" time="27.262" /><testcase classname="tests.test_game_platform_iter121.TestLegacyRegression" name="test_public_games_hub" time="0.180" /><testcase classname="tests.test_game_platform_iter121.TestLegacyRegression" name="test_assistant_chat_openai" time="3.044" /></testsuite></testsuites>