<?xml version="1.0" encoding="utf-8"?><testsuites name="pytest tests"><testsuite name="pytest" errors="0" failures="0" skipped="0" tests="18" time="138.795" timestamp="2026-08-04T22:39:30.225679+00:00" hostname="agent-env-202f2836-c5ea-402c-ad2b-a32e7c42aed9"><testcase classname="tests.test_game_platform_iter121.TestRegistries" name="test_founder_sees_11_registries" time="0.616" /><testcase classname="tests.test_game_platform_iter121.TestRegistries" name="test_non_founder_forbidden" time="0.558" /><testcase classname="tests.test_game_platform_iter121.TestRegistries" name="test_anonymous_unauthorised" time="0.135" /><testcase classname="tests.test_game_platform_iter121.TestRuntimes" name="test_35_families_with_maturity_counts" time="0.155" /><testcase classname="tests.test_game_platform_iter121.TestRecommend" name="test_tower_defense_positive" time="0.161" /><testcase classname="tests.test_game_platform_iter121.TestRecommend" name="test_pure_rts_rejected" time="0.169" /><testcase classname="tests.test_game_platform_iter121.TestRegistryVersioning" name="test_upsert_bumps_version_and_rollback" time="16.990" /><testcase classname="tests.test_game_platform_iter121.TestPlan" name="test_15_stages_and_rhythm_family" time="41.393" /><testcase classname="tests.test_game_platform_iter121.TestPlan" name="test_platform_runtime_rhythm" time="0.000" /><testcase classname="tests.test_game_platform_iter121.TestPlan" name="test_grouped_validation_keys" time="0.000" /><testcase classname="tests.test_game_platform_iter121.TestPlan" name="test_diagnostics_no_media_no_build" time="0.000" /><testcase classname="tests.test_game_platform_iter121.TestBlueprintOps" name="test_validate_grouped" time="30.373" /><testcase classname="tests.test_game_platform_iter121.TestBlueprintOps" name="test_edit_section_and_rollback" time="18.419" /><testcase classname="tests.test_game_platform_iter121.TestBlueprintOps" name="test_pipeline_7_stages_blueprint_done" time="0.152" /><testcase classname="tests.test_game_platform_iter121.TestBlueprintOps" name="test_build_without_approval_409" time="0.172" /><testcase classname="tests.test_game_platform_iter121.TestLegacyRegression" name="test_legacy_projects_blueprints_plan_contract" time="26.615" /><testcase classname="tests.test_game_platform_iter121.TestLegacyRegression" name="test_public_games_hub" time="0.216" /><testcase classname="tests.test_game_platform_iter121.TestLegacyRegression" name="test_assistant_chat_openai" time="2.643" /></testsuite></testsuites>