<?xml version="1.0" encoding="utf-8"?><testsuites name="pytest tests"><testsuite name="pytest" errors="0" failures="0" skipped="0" tests="9" time="4.670" timestamp="2026-06-16T20:45:32.464446+00:00" hostname="agent-env-202f2836-c5ea-402c-ad2b-a32e7c42aed9"><testcase classname="tests.test_image_hosting.TestImageUpload" name="test_upload_jpeg_success" time="0.725" /><testcase classname="tests.test_image_hosting.TestImageUpload" name="test_upload_text_with_image_mime_rejected" time="0.120" /><testcase classname="tests.test_image_hosting.TestImageUpload" name="test_upload_oversize_rejected" time="0.717" /><testcase classname="tests.test_image_hosting.TestImageFromUrl" name="test_from_url_picsum_success" time="0.594" /><testcase classname="tests.test_image_hosting.TestImageFromUrl" name="test_from_url_non_image_rejected" time="0.190" /><testcase classname="tests.test_image_hosting.TestServeSecurity" name="test_path_traversal_rejected" time="0.098" /><testcase classname="tests.test_image_hosting.TestServeSecurity" name="test_invalid_extension_rejected" time="0.138" /><testcase classname="tests.test_image_hosting.TestProfileAlias" name="test_avatar_set_and_alias_exposed" time="0.318" /><testcase classname="tests.test_image_hosting.TestRateLimit" name="test_thirteenth_upload_rejected" time="1.722" /></testsuite></testsuites>