<?xml version="1.0" encoding="utf-8"?><testsuites name="pytest tests"><testsuite name="pytest" errors="0" failures="0" skipped="0" tests="24" time="14.809" timestamp="2026-07-31T22:38:56.012504+00:00" hostname="agent-env-202f2836-c5ea-402c-ad2b-a32e7c42aed9"><testcase classname="tests.test_bundle_b_rc_media.TestMediaSecurity" name="test_manifest_requires_auth" time="0.300" /><testcase classname="tests.test_bundle_b_rc_media.TestMediaSecurity" name="test_manifest_ok_for_any_user" time="0.497" /><testcase classname="tests.test_bundle_b_rc_media.TestMediaSecurity" name="test_assets_no_token_401" time="0.144" /><testcase classname="tests.test_bundle_b_rc_media.TestMediaSecurity" name="test_assets_non_admin_403" time="0.113" /><testcase classname="tests.test_bundle_b_rc_media.TestMediaSecurity" name="test_upload_version_non_admin_403" time="0.112" /><testcase classname="tests.test_bundle_b_rc_media.TestMediaSecurity" name="test_branding_patch_non_admin_403" time="0.208" /><testcase classname="tests.test_bundle_b_rc_media.TestAssetRegistry" name="test_sections_shape" time="0.464" /><testcase classname="tests.test_bundle_b_rc_media.TestUploadLifecycle" name="test_full_lifecycle" time="5.694" /><testcase classname="tests.test_bundle_b_rc_media.TestValidation" name="test_blob_url_rejected" time="0.112" /><testcase classname="tests.test_bundle_b_rc_media.TestValidation" name="test_data_url_rejected" time="0.095" /><testcase classname="tests.test_bundle_b_rc_media.TestValidation" name="test_short_reason_rejected" time="0.110" /><testcase classname="tests.test_bundle_b_rc_media.TestValidation" name="test_unknown_asset_key_404" time="0.126" /><testcase classname="tests.test_bundle_b_rc_media.TestValidation" name="test_unknown_theme_variant_400" time="0.852" /><testcase classname="tests.test_bundle_b_rc_media.TestValidation" name="test_unknown_device_variant_400" time="1.059" /><testcase classname="tests.test_bundle_b_rc_media.TestAltText" name="test_alt_text_update_and_manifest" time="1.312" /><testcase classname="tests.test_bundle_b_rc_media.TestBranding" name="test_get_branding_defaults" time="0.110" /><testcase classname="tests.test_bundle_b_rc_media.TestBranding" name="test_branding_invalid_key_400" time="0.108" /><testcase classname="tests.test_bundle_b_rc_media.TestBranding" name="test_branding_empty_product_name_400" time="0.113" /><testcase classname="tests.test_bundle_b_rc_media.TestBranding" name="test_branding_tagline_change_and_restore" time="0.460" /><testcase classname="tests.test_bundle_b_rc_media.TestCenterBranding" name="test_center_branding_gated_by_flag" time="0.214" /><testcase classname="tests.test_bundle_b_rc_media.TestCenterBranding" name="test_center_branding_flow" time="1.698" /><testcase classname="tests.test_bundle_b_rc_media.TestPreferences" name="test_get_defaults" time="0.112" /><testcase classname="tests.test_bundle_b_rc_media.TestPreferences" name="test_patch_persists_and_unknown_ignored" time="0.334" /><testcase classname="tests.test_bundle_b_rc_media" name="test_zzz_final_cleanup" time="0.387" /></testsuite></testsuites>