<?xml version="1.0" encoding="utf-8"?><testsuites name="pytest tests"><testsuite name="pytest" errors="0" failures="0" skipped="0" tests="15" time="3.679" timestamp="2026-06-26T08:31:29.925840+00:00" hostname="agent-env-202f2836-c5ea-402c-ad2b-a32e7c42aed9"><testcase classname="backend.tests.test_realm_hub_widget.TestHubWidgetCreate" name="test_non_admin_cannot_create" time="0.441" /><testcase classname="backend.tests.test_realm_hub_widget.TestHubWidgetCreate" name="test_founder_can_create" time="0.427" /><testcase classname="backend.tests.test_realm_hub_widget.TestHubPostsList" name="test_founder_sees_is_admin_true" time="0.152" /><testcase classname="backend.tests.test_realm_hub_widget.TestHubPostsList" name="test_member_sees_is_admin_false" time="0.109" /><testcase classname="backend.tests.test_realm_hub_widget.TestHubPostValidation" name="test_thought_empty_text_400" time="0.099" /><testcase classname="backend.tests.test_realm_hub_widget.TestHubPostValidation" name="test_photo_missing_media_400" time="0.135" /><testcase classname="backend.tests.test_realm_hub_widget.TestHubPostValidation" name="test_event_empty_text_400" time="0.101" /><testcase classname="backend.tests.test_realm_hub_widget.TestHubPostValidation" name="test_unknown_kind_400" time="0.096" /><testcase classname="backend.tests.test_realm_hub_widget.TestHubPostValidation" name="test_thought_ok_author_hydrated" time="0.197" /><testcase classname="backend.tests.test_realm_hub_widget.TestHubPostPermissions" name="test_member_can_post_and_delete_own" time="0.202" /><testcase classname="backend.tests.test_realm_hub_widget.TestHubPostPermissions" name="test_admin_can_delete_others_post" time="0.203" /><testcase classname="backend.tests.test_realm_hub_widget.TestHubPostPermissions" name="test_non_author_non_admin_cannot_delete" time="0.346" /><testcase classname="backend.tests.test_realm_hub_widget.TestHubPostsOrderingAndHydration" name="test_newest_first_and_authors_hydrated" time="0.720" /><testcase classname="backend.tests.test_realm_hub_widget.TestHubWrongWidgetType" name="test_post_to_poll_widget_404" time="0.222" /><testcase classname="backend.tests.test_realm_hub_widget.TestHubWrongWidgetType" name="test_get_on_poll_widget_404" time="0.203" /></testsuite></testsuites>