<?xml version="1.0" encoding="utf-8"?><testsuites name="pytest tests"><testsuite name="pytest" errors="0" failures="0" skipped="0" tests="4" time="1.617" timestamp="2026-08-02T21:42:55.494213+00:00" hostname="agent-env-202f2836-c5ea-402c-ad2b-a32e7c42aed9"><testcase classname="backend.tests.test_ai_policies_sprint2.TestAdminListPolicies" name="test_founder_can_list" time="0.556" /><testcase classname="backend.tests.test_ai_policies_sprint2.TestAdminListPolicies" name="test_non_founder_forbidden" time="0.412" /><testcase classname="backend.tests.test_ai_policies_sprint2.TestPublicMe" name="test_tftwo_gets_four_features_all_allowed" time="0.059" /><testcase classname="backend.tests.test_ai_policies_sprint2.TestPatchAndSimulateAiImages" name="test_patch_then_simulate_then_reset" time="0.560" /></testsuite></testsuites>