<?xml version="1.0" encoding="utf-8"?><testsuites name="pytest tests"><testsuite name="pytest" errors="0" failures="1" skipped="0" tests="27" time="161.942" timestamp="2026-08-02T04:34:56.758742+00:00" hostname="agent-env-202f2836-c5ea-402c-ad2b-a32e7c42aed9"><testcase classname="backend.tests.test_access_control_iter108.TestControlPlaneAccess" name="test_founder_can_get_panel" time="0.464" /><testcase classname="backend.tests.test_access_control_iter108.TestControlPlaneAccess" name="test_support_admin_403_on_panel" time="0.373" /><testcase classname="backend.tests.test_access_control_iter108.TestControlPlaneAccess" name="test_regular_user_403_on_panel" time="0.371" /><testcase classname="backend.tests.test_access_control_iter108.TestControlPlaneAccess" name="test_support_admin_403_on_all_control_endpoints" time="0.218" /><testcase classname="backend.tests.test_access_control_iter108.TestControlPlaneAccess" name="test_support_admin_403_on_patch" time="0.045" /><testcase classname="backend.tests.test_access_control_iter108.TestViewOnly" name="test_view_only_enforcement" time="8.596" /><testcase classname="backend.tests.test_access_control_iter108.TestViewOnly" name="test_view_only_blocks_action_get" time="8.538" /><testcase classname="backend.tests.test_access_control_iter108.TestHidden" name="test_hidden_returns_404_for_regular_and_200_for_founder" time="8.621" /><testcase classname="backend.tests.test_access_control_iter108.TestMaintenance" name="test_maintenance_returns_503_with_custom_message" time="8.552" /><testcase classname="backend.tests.test_access_control_iter108.TestAdminAndFounderOnly" name="test_admin_only" time="8.591" /><testcase classname="backend.tests.test_access_control_iter108.TestAdminAndFounderOnly" name="test_founder_only" time="8.589" /><testcase classname="backend.tests.test_access_control_iter108.TestInviteOnly" name="test_invite_only_gates_by_invited_list" time="13.243" /><testcase classname="backend.tests.test_access_control_iter108.TestCustom" name="test_custom_reads_allowed_writes_blocked" time="8.586" /><testcase classname="backend.tests.test_access_control_iter108.TestCascade" name="test_orai_voice_maintenance_does_not_affect_rc" time="8.585" /><testcase classname="backend.tests.test_access_control_iter108.TestCascade" name="test_orai_master_cascades_to_voice" time="8.552" /><testcase classname="backend.tests.test_access_control_iter108.TestEmergencyLock" name="test_engage_and_restore_snapshot" time="17.207" /><testcase classname="backend.tests.test_access_control_iter108.TestPublicPreview" name="test_preview_demo_gated_and_isolated" time="8.706"><failure message="assert ('tftwo' not in '{&quot;notice&quot;:&quot;... routines&quot;]}'&#10;  &#10;  'tftwo' is contained here:&#10;    {&quot;notice&quot;:&quot;DEMO PREVIEW — sample content only. No real Centers, members, tasks, schedules, reports, Fire Power or ORAi data is shown.&quot;,&quot;center&quot;:{&quot;name&quot;:&quot;Demo Family Center&quot;,&quot;type&quot;:&quot;family&quot;,&quot;members&quot;:4,&quot;description&quot;:&quot;A sample Center showing how families organize responsibilities together.&quot;},&quot;sample_tasks&quot;:[{&quot;title&quot;:&quot;Water the garden&quot;,&quot;status&quot;:&quot;in_progress&quot;,&quot;priority&quot;:&quot;medium&quot;},{&quot;title&quot;:&quot;Finish math practice&quot;,&quot;status&quot;:&quot;assigned&quot;,&quot;priority&quot;:&quot;high&quot;},{&quot;title&quot;:&quot;Plan the weekend hike&quot;,&quot;status&quot;:&quot;completed&quot;,&quot;priority&quot;:&quot;low&quot;}],&quot;sample_calendar&quot;:[{&quot;title&quot;:&quot;Family dinner&quot;,&quot;t...&#10;  &#10;  ...Full output truncated (1 line hidden), use '-vv' to show and 'stealth' not in '{&quot;notice&quot;:&quot;... routines&quot;]}'&#10;  &#10;  'stealth' is contained here:&#10;    {&quot;notice&quot;:&quot;DEMO PREVIEW — sample content only. No real Centers, members, tasks, schedules, reports, Fire Power or ORAi data is shown.&quot;,&quot;center&quot;:{&quot;name&quot;:&quot;Demo Family Center&quot;,&quot;type&quot;:&quot;family&quot;,&quot;members&quot;:4,&quot;description&quot;:&quot;A sample Center showing how families organize responsibilities together.&quot;},&quot;sample_tasks&quot;:[{&quot;title&quot;:&quot;Water the garden&quot;,&quot;status&quot;:&quot;in_progress&quot;,&quot;priority&quot;:&quot;medium&quot;},{&quot;title&quot;:&quot;Finish math practice&quot;,&quot;status&quot;:&quot;assigned&quot;,&quot;priority&quot;:&quot;high&quot;},{&quot;title&quot;:&quot;Plan the weekend hike&quot;,&quot;status&quot;:&quot;completed&quot;,&quot;priority&quot;:&quot;low&quot;}],&quot;sample_calendar&quot;:[{&quot;title&quot;:&quot;Family dinner...&#10;  &#10;  ...Full output truncated (1 line hidden), use '-vv' to show and 'Fire Power' not in '{&quot;notice&quot;:&quot;... routines&quot;]}'&#10;  &#10;  'Fire Power' is contained here:&#10;  ?                                                                                                     ^^^&#10;    {&quot;notice&quot;:&quot;DEMO PREVIEW — sample content only. No real Centers, members, tasks, schedules, reports, Fire Power or ORAi data is shown.&quot;,&quot;center&quot;:{&quot;name&quot;:&quot;Demo Family Center&quot;,&quot;type&quot;:&quot;family&quot;,&quot;members&quot;:4,&quot;description&quot;:&quot;A sample Center showing how families organize responsibilities together.&quot;},&quot;sample_tasks&quot;:[{&quot;title&quot;:&quot;Water the garden&quot;,&quot;status&quot;:&quot;in_progress&quot;,&quot;priority&quot;:&quot;medium&quot;},{&quot;title&quot;:&quot;Finish math practice&quot;,&quot;status&quot;:&quot;assigned&quot;,&quot;priority&quot;:&quot;high&quot;},{&quot;ti...&#10;  &#10;  ...Full output truncated (2 lines hidden), use '-vv' to show)">backend/tests/test_access_control_iter108.py:290: in test_preview_demo_gated_and_isolated
    assert "tftwo" not in body and "stealth" not in body and "Fire Power" not in body
E   assert ('tftwo' not in '{"notice":"... routines"]}'
E     
E     'tftwo' is contained here:
E       {"notice":"DEMO PREVIEW — sample content only. No real Centers, members, tasks, schedules, reports, Fire Power or ORAi data is shown.","center":{"name":"Demo Family Center","type":"family","members":4,"description":"A sample Center showing how families organize responsibilities together."},"sample_tasks":[{"title":"Water the garden","status":"in_progress","priority":"medium"},{"title":"Finish math practice","status":"assigned","priority":"high"},{"title":"Plan the weekend hike","status":"completed","priority":"low"}],"sample_calendar":[{"title":"Family dinner","t...
E     
E     ...Full output truncated (1 line hidden), use '-vv' to show and 'stealth' not in '{"notice":"... routines"]}'
E     
E     'stealth' is contained here:
E       {"notice":"DEMO PREVIEW — sample content only. No real Centers, members, tasks, schedules, reports, Fire Power or ORAi data is shown.","center":{"name":"Demo Family Center","type":"family","members":4,"description":"A sample Center showing how families organize responsibilities together."},"sample_tasks":[{"title":"Water the garden","status":"in_progress","priority":"medium"},{"title":"Finish math practice","status":"assigned","priority":"high"},{"title":"Plan the weekend hike","status":"completed","priority":"low"}],"sample_calendar":[{"title":"Family dinner...
E     
E     ...Full output truncated (1 line hidden), use '-vv' to show and 'Fire Power' not in '{"notice":"... routines"]}'
E     
E     'Fire Power' is contained here:
E     ?                                                                                                     ^^^
E       {"notice":"DEMO PREVIEW — sample content only. No real Centers, members, tasks, schedules, reports, Fire Power or ORAi data is shown.","center":{"name":"Demo Family Center","type":"family","members":4,"description":"A sample Center showing how families organize responsibilities together."},"sample_tasks":[{"title":"Water the garden","status":"in_progress","priority":"medium"},{"title":"Finish math practice","status":"assigned","priority":"high"},{"ti...
E     
E     ...Full output truncated (2 lines hidden), use '-vv' to show)</failure></testcase><testcase classname="backend.tests.test_access_control_iter108.TestSchedules" name="test_one_time_past_schedule_executes" time="4.393" /><testcase classname="backend.tests.test_access_control_iter108.TestSchedules" name="test_recurring_crud" time="0.141" /><testcase classname="backend.tests.test_access_control_iter108.TestAllowlist" name="test_allowlist_grant_and_revoke" time="17.175" /><testcase classname="backend.tests.test_access_control_iter108.TestImpact" name="test_impact_orai_emergency_lock" time="0.048" /><testcase classname="backend.tests.test_access_control_iter108.TestPreviewAs" name="test_preview_as_all_personas" time="0.228" /><testcase classname="backend.tests.test_access_control_iter108.TestAudit" name="test_audit_has_rows_after_changes" time="8.542" /><testcase classname="backend.tests.test_access_control_iter108.TestPublicStatus" name="test_public_status_unauthenticated" time="0.050" /><testcase classname="backend.tests.test_access_control_iter108.TestPublicStatus" name="test_public_status_authenticated" time="0.047" /><testcase classname="backend.tests.test_access_control_iter108.TestRace" name="test_parallel_patches_and_reads" time="8.994" /><testcase classname="backend.tests.test_access_control_iter108.TestZFinalRestore" name="test_restore_production_state" time="4.383" /></testsuite></testsuites>