<?xml version="1.0" encoding="utf-8"?><testsuites name="pytest tests"><testsuite name="pytest" errors="0" failures="0" skipped="0" tests="24" time="5.254" timestamp="2026-06-24T02:43:02.835631+00:00" hostname="agent-env-202f2836-c5ea-402c-ad2b-a32e7c42aed9"><testcase classname="backend.tests.test_admin_widgets_badges_phase1.TestAdminGate" name="test_widgets_non_admin_403" time="0.616" /><testcase classname="backend.tests.test_admin_widgets_badges_phase1.TestAdminGate" name="test_badges_non_admin_403" time="0.129" /><testcase classname="backend.tests.test_admin_widgets_badges_phase1.TestAdminGate" name="test_widgets_admin_200" time="0.514" /><testcase classname="backend.tests.test_admin_widgets_badges_phase1.TestAdminGate" name="test_badges_admin_200" time="0.099" /><testcase classname="backend.tests.test_admin_widgets_badges_phase1.TestSystemSeed" name="test_16_system_widgets_present" time="0.100" /><testcase classname="backend.tests.test_admin_widgets_badges_phase1.TestWidgetCRUD" name="test_create_widget" time="0.201" /><testcase classname="backend.tests.test_admin_widgets_badges_phase1.TestWidgetCRUD" name="test_duplicate_key_400" time="0.128" /><testcase classname="backend.tests.test_admin_widgets_badges_phase1.TestWidgetCRUD" name="test_patch_update_name" time="0.098" /><testcase classname="backend.tests.test_admin_widgets_badges_phase1.TestWidgetCRUD" name="test_launch_flips_live" time="0.114" /><testcase classname="backend.tests.test_admin_widgets_badges_phase1.TestWidgetCRUD" name="test_disable_flips_disabled" time="0.099" /><testcase classname="backend.tests.test_admin_widgets_badges_phase1.TestWidgetCRUD" name="test_delete_non_system" time="0.111" /><testcase classname="backend.tests.test_admin_widgets_badges_phase1.TestWidgetCRUD" name="test_delete_system_widget_blocked" time="0.206" /><testcase classname="backend.tests.test_admin_widgets_badges_phase1.TestPublicWidgetCatalogue" name="test_available_lists_16_live_for_tftwo" time="0.202" /><testcase classname="backend.tests.test_admin_widgets_badges_phase1.TestPublicWidgetCatalogue" name="test_disable_removes_from_available" time="0.348" /><testcase classname="backend.tests.test_admin_widgets_badges_phase1.TestPublicWidgetCatalogue" name="test_disabled_endpoint_admin_only" time="0.200" /><testcase classname="backend.tests.test_admin_widgets_badges_phase1.TestPublicWidgetCatalogue" name="test_launch_restores_in_available" time="0.198" /><testcase classname="backend.tests.test_admin_widgets_badges_phase1.TestBadgeFlow" name="test_create_badge" time="0.206" /><testcase classname="backend.tests.test_admin_widgets_badges_phase1.TestBadgeFlow" name="test_assign_two_users" time="0.102" /><testcase classname="backend.tests.test_admin_widgets_badges_phase1.TestBadgeFlow" name="test_recipients_count_2" time="0.116" /><testcase classname="backend.tests.test_admin_widgets_badges_phase1.TestBadgeFlow" name="test_remove_one" time="0.624" /><testcase classname="backend.tests.test_admin_widgets_badges_phase1.TestBadgeFlow" name="test_disable_hides_from_public" time="0.235" /><testcase classname="backend.tests.test_admin_widgets_badges_phase1.TestBadgeFlow" name="test_launch_shows_publicly" time="0.209" /><testcase classname="backend.tests.test_admin_widgets_badges_phase1.TestBadgeFlow" name="test_delete_removes_badge_and_assignments" time="0.208" /><testcase classname="backend.tests.test_admin_widgets_badges_phase1.TestPublicProfileBadges" name="test_tftwo_badges_live_only" time="0.132" /></testsuite></testsuites>