<?xml version="1.0" encoding="utf-8"?><testsuites name="pytest tests"><testsuite name="pytest" errors="0" failures="1" skipped="0" tests="15" time="21.285" timestamp="2026-07-16T22:17:49.031650+00:00" hostname="agent-env-202f2836-c5ea-402c-ad2b-a32e7c42aed9"><testcase classname="tests.test_sound_unification.TestClassifications" name="test_public_classifications" time="0.521" /><testcase classname="tests.test_sound_unification.TestUploadCreatesCanonicalPost" name="test_upload_creates_track_and_canonical_post" time="1.976" /><testcase classname="tests.test_sound_unification.TestUploadCreatesCanonicalPost" name="test_upload_defer_post_creates_no_canonical_yet" time="1.642" /><testcase classname="tests.test_sound_unification.TestFireSync" name="test_fire_syncs_across_sounds_feed_top100_and_posts" time="2.512" /><testcase classname="tests.test_sound_unification.TestFireSync" name="test_fire_ranked_sounds_feed" time="0.121" /><testcase classname="tests.test_sound_unification.TestForYouDedupe" name="test_media_type_sound_dedupes_canonical_tracks" time="0.150" /><testcase classname="tests.test_sound_unification.TestSyncAndDelete" name="test_patch_track_syncs_canonical_post" time="1.960" /><testcase classname="tests.test_sound_unification.TestSyncAndDelete" name="test_delete_track_removes_canonical_post" time="1.851"><failure message="AssertionError: canonical post NOT removed when track deleted&#10;assert 'e8463db2-87c8-4a7d-8fc3-ebc21129540b' not in {'0ad83111-4f88-4b51-bbde-3672ece44e69', '110d604c-ef1b-466c-a5e9-6d5e67055758', '3ab7ee5f-bf0d-4f89-a21c-1e1f4ce7470a', '507a7c3a-8f64-447c-9f50-b978040e5fdc', '631a0d8b-bf8d-4b47-bc64-1a3a8edf5066', '65b82089-74ce-4c2d-8fd6-e53fec850e03', ...}">tests/test_sound_unification.py:335: in test_delete_track_removes_canonical_post
    assert pid not in ids, "canonical post NOT removed when track deleted"
E   AssertionError: canonical post NOT removed when track deleted
E   assert 'e8463db2-87c8-4a7d-8fc3-ebc21129540b' not in {'0ad83111-4f88-4b51-bbde-3672ece44e69', '110d604c-ef1b-466c-a5e9-6d5e67055758', '3ab7ee5f-bf0d-4f89-a21c-1e1f4ce7470a', '507a7c3a-8f64-447c-9f50-b978040e5fdc', '631a0d8b-bf8d-4b47-bc64-1a3a8edf5066', '65b82089-74ce-4c2d-8fd6-e53fec850e03', ...}</failure></testcase><testcase classname="tests.test_sound_unification.TestSyncAndDelete" name="test_delete_canonical_post_removes_track" time="1.906" /><testcase classname="tests.test_sound_unification.TestMigrationEndpoints" name="test_dry_run_founder_only" time="0.680" /><testcase classname="tests.test_sound_unification.TestMigrationEndpoints" name="test_execute_requires_phrase_and_is_idempotent" time="0.685" /><testcase classname="tests.test_sound_unification.TestClassificationRename" name="test_founder_rename_and_revert" time="0.465" /><testcase classname="tests.test_sound_unification.TestCommentsUnification" name="test_comment_on_canonical_post" time="1.667" /><testcase classname="tests.test_sound_unification.TestBoostedFireMath" name="test_boosted_fire_charges_sender_pool_max_v_minus_1" time="2.285" /><testcase classname="tests.test_sound_unification.TestFriendsOnlyHidden" name="test_friends_only_sound_hidden_from_non_friend" time="2.779" /></testsuite></testsuites>