<?xml version="1.0" encoding="utf-8"?><testsuites name="pytest tests"><testsuite name="pytest" errors="0" failures="1" skipped="0" tests="7" time="4.046" timestamp="2026-06-24T00:23:13.651639+00:00" hostname="agent-env-202f2836-c5ea-402c-ad2b-a32e7c42aed9"><testcase classname="backend.tests.test_profile_widgets_top8_above_myfeed" name="test_tfone_top8_above_myfeed" time="0.481" /><testcase classname="backend.tests.test_profile_widgets_top8_above_myfeed" name="test_stealth_widget_order_untouched" time="0.421"><failure message="AssertionError: founder missing live: ['myfeed', 'top8']&#10;assert 'live' in ['myfeed', 'top8']">E   AssertionError: founder missing live: ['myfeed', 'top8']
    assert 'live' in ['myfeed', 'top8']</failure></testcase><testcase classname="backend.tests.test_profile_widgets_top8_above_myfeed" name="test_stealth_not_flagged_customized_on_view" time="0.529" /><testcase classname="backend.tests.test_profile_widgets_top8_above_myfeed" name="test_customized_flag_flips_for_normal_user_and_cleanup" time="0.621" /><testcase classname="backend.tests.test_profile_widgets_top8_above_myfeed" name="test_customized_flag_NOT_flipped_for_stealth" time="0.629" /><testcase classname="backend.tests.test_profile_widgets_top8_above_myfeed" name="test_notes_widget_text_persists_to_public_endpoint" time="0.727" /><testcase classname="backend.tests.test_profile_widgets_top8_above_myfeed" name="test_idempotency_proxy_via_repeat_me_calls" time="0.612" /></testsuite></testsuites>