<?xml version="1.0" encoding="utf-8"?><testsuites name="pytest tests"><testsuite name="pytest" errors="0" failures="0" skipped="0" tests="8" time="2.793" timestamp="2026-08-17T19:45:34.623957+00:00" hostname="agent-env-202f2836-c5ea-402c-ad2b-a32e7c42aed9"><testcase classname="backend.tests.test_realmlife_housing_v2" name="test_housing_member" time="0.728" /><testcase classname="backend.tests.test_realmlife_housing_v2" name="test_housing_founder" time="0.523" /><testcase classname="backend.tests.test_realmlife_housing_v2" name="test_beacons_list" time="0.180" /><testcase classname="backend.tests.test_realmlife_housing_v2" name="test_world_home_member" time="0.361" /><testcase classname="backend.tests.test_realmlife_housing_v2" name="test_world_home_founder" time="0.155" /><testcase classname="backend.tests.test_realmlife_housing_v2" name="test_access_check_denied" time="0.234" /><testcase classname="backend.tests.test_realmlife_housing_v2" name="test_entry_request_idempotent" time="0.380" /><testcase classname="backend.tests.test_realmlife_housing_v2" name="test_property_inbox" time="0.182" /></testsuite></testsuites>