<?xml version="1.0" encoding="utf-8"?><testsuites name="pytest tests"><testsuite name="pytest" errors="0" failures="0" skipped="0" tests="7" time="1.650" timestamp="2026-06-24T08:51:41.821841+00:00" hostname="agent-env-202f2836-c5ea-402c-ad2b-a32e7c42aed9"><testcase classname="backend.tests.test_phase35_chat_e2e" name="test_clone_stealth_ai_preserves_chat" time="0.393" /><testcase classname="backend.tests.test_phase35_chat_e2e" name="test_clone_realm_assistant_preserves_chat" time="0.048" /><testcase classname="backend.tests.test_phase35_chat_e2e" name="test_create_custom_chat_preserved" time="0.047" /><testcase classname="backend.tests.test_phase35_chat_e2e" name="test_invalid_memory_mode" time="0.044" /><testcase classname="backend.tests.test_phase35_chat_e2e" name="test_invalid_temperature" time="0.043" /><testcase classname="backend.tests.test_phase35_chat_e2e" name="test_invalid_max_tokens" time="0.044" /><testcase classname="backend.tests.test_phase35_chat_e2e" name="test_founder_only_403_for_non_founder" time="0.993" /></testsuite></testsuites>