<?xml version="1.0" encoding="utf-8"?><testsuites name="pytest tests"><testsuite name="pytest" errors="0" failures="0" skipped="0" tests="39" time="12.498" timestamp="2026-06-20T06:12:26.445512+00:00" hostname="agent-env-202f2836-c5ea-402c-ad2b-a32e7c42aed9"><testcase classname="backend.tests.test_founder_member_management.TestAddMember" name="test_founder_adds_user_ok" time="0.722" /><testcase classname="backend.tests.test_founder_member_management.TestAddMember" name="test_founder_adds_user_idempotent" time="0.102" /><testcase classname="backend.tests.test_founder_member_management.TestAddMember" name="test_founder_add_nonexistent_user_404" time="0.102" /><testcase classname="backend.tests.test_founder_member_management.TestAddMember" name="test_non_founder_add_forbidden" time="0.421" /><testcase classname="backend.tests.test_founder_member_management.TestAddMember" name="test_unauth_add_rejected" time="0.097" /><testcase classname="backend.tests.test_founder_member_management.TestRemoveMember" name="test_setup_add_tftwo" time="0.104" /><testcase classname="backend.tests.test_founder_member_management.TestRemoveMember" name="test_non_founder_remove_forbidden" time="0.515" /><testcase classname="backend.tests.test_founder_member_management.TestRemoveMember" name="test_founder_remove_ok" time="0.112" /><testcase classname="backend.tests.test_founder_member_management.TestRemoveMember" name="test_founder_cannot_remove_owner" time="0.100" /><testcase classname="backend.tests.test_founder_member_management.TestMemberListAfterMutation" name="test_added_user_appears_in_member_list" time="0.204" /><testcase classname="backend.tests.test_communities_realms" name="test_list_realms_returns_8_seeded" time="0.104" /><testcase classname="backend.tests.test_communities_realms" name="test_get_realm_dj_public_with_counts" time="0.102" /><testcase classname="backend.tests.test_communities_realms" name="test_get_realm_404_for_unknown" time="0.134" /><testcase classname="backend.tests.test_communities_realms" name="test_list_chats_for_dj_has_main_general_chat" time="1.453" /><testcase classname="backend.tests.test_communities_realms" name="test_user_join_dj_idempotent" time="0.503" /><testcase classname="backend.tests.test_communities_realms" name="test_list_members_dj_projection" time="0.144" /><testcase classname="backend.tests.test_communities_realms" name="test_send_and_list_messages_dj" time="0.256" /><testcase classname="backend.tests.test_communities_realms" name="test_admin_rename_chat_as_founder_then_403_as_user" time="0.344" /><testcase classname="backend.tests.test_communities_realms" name="test_admin_rename_validation_empty_and_too_long" time="0.242" /><testcase classname="backend.tests.test_communities_realms" name="test_create_realm_with_owner_and_main_chat" time="0.179" /><testcase classname="backend.tests.test_communities_realms" name="test_regression_founder_endpoints" time="0.320" /><testcase classname="backend.tests.test_communities_realms" name="test_ws_no_token_closes_4401" time="0.607" /><testcase classname="backend.tests.test_communities_realms" name="test_ws_invalid_chat_id_closes_4404" time="0.494" /><testcase classname="backend.tests.test_communities_realms" name="test_ws_message_broadcast_between_two_clients" time="1.292" /><testcase classname="backend.tests.test_realm_edit_delete.TestPatchAuthz" name="test_founder_patch_ok" time="0.526" /><testcase classname="backend.tests.test_realm_edit_delete.TestPatchAuthz" name="test_random_member_patch_forbidden" time="0.439" /><testcase classname="backend.tests.test_realm_edit_delete.TestPatchAuthz" name="test_unauthenticated_patch_401" time="0.106" /><testcase classname="backend.tests.test_realm_edit_delete.TestPatchAuthz" name="test_patch_nonexistent_404" time="0.107" /><testcase classname="backend.tests.test_realm_edit_delete.TestPatchPartial" name="test_partial_only_description" time="0.200" /><testcase classname="backend.tests.test_realm_edit_delete.TestPatchPartial" name="test_invalid_privacy_400" time="0.109" /><testcase classname="backend.tests.test_realm_edit_delete.TestPatchPartial" name="test_short_name_400" time="0.099" /><testcase classname="backend.tests.test_realm_edit_delete.TestPatchPartial" name="test_tags_clip_to_20" time="0.101" /><testcase classname="backend.tests.test_realm_edit_delete.TestPatchOwner" name="test_owner_can_patch_own_realm" time="0.617" /><testcase classname="backend.tests.test_realm_edit_delete.TestDelete" name="test_unauth_delete_401" time="0.105" /><testcase classname="backend.tests.test_realm_edit_delete.TestDelete" name="test_delete_nonexistent_404" time="0.098" /><testcase classname="backend.tests.test_realm_edit_delete.TestDelete" name="test_random_member_delete_403" time="0.095" /><testcase classname="backend.tests.test_realm_edit_delete.TestDelete" name="test_owner_delete_cascade_summary" time="0.498" /><testcase classname="backend.tests.test_realm_edit_delete.TestDelete" name="test_delete_does_not_touch_other_realm" time="0.602" /><testcase classname="backend.tests.test_realm_edit_delete.TestAuditSmoke" name="test_empty_patch_no_change" time="0.094" /></testsuite></testsuites>