<?xml version="1.0" encoding="utf-8"?><testsuites name="pytest tests"><testsuite name="pytest" errors="0" failures="2" skipped="0" tests="13" time="15.710" timestamp="2026-08-05T23:55:57.171220+00:00" hostname="agent-env-202f2836-c5ea-402c-ad2b-a32e7c42aed9"><testcase classname="backend.tests.test_account_privacy_iter124" name="test_regression_normal_login_works" time="0.689" /><testcase classname="backend.tests.test_account_privacy_iter124" name="test_stealth_cannot_self_close" time="0.535" /><testcase classname="backend.tests.test_account_privacy_iter124" name="test_closure_validation_and_restore" time="2.288" /><testcase classname="backend.tests.test_account_privacy_iter124" name="test_privacy_request_keep_active_and_duplicate" time="1.303" /><testcase classname="backend.tests.test_account_privacy_iter124" name="test_privacy_request_hide_now_hides_account" time="0.957"><failure message="AssertionError: expected session revoked, got 200&#10;assert 200 in (401, 403)&#10; +  where 200 = &lt;Response [200]&gt;.status_code">backend/tests/test_account_privacy_iter124.py:136: in test_privacy_request_hide_now_hides_account
    assert me.status_code in (401, 403), f"expected session revoked, got {me.status_code}"
E   AssertionError: expected session revoked, got 200
E   assert 200 in (401, 403)
E    +  where 200 = &lt;Response [200]&gt;.status_code</failure></testcase><testcase classname="backend.tests.test_account_privacy_iter124" name="test_admin_refuse_keeps_visibility_and_short_reason_rejected" time="1.595" /><testcase classname="backend.tests.test_account_privacy_iter124" name="test_extension_once_then_second_fails" time="1.467" /><testcase classname="backend.tests.test_account_privacy_iter124" name="test_restricted_retention_founder_only_and_release" time="2.482" /><testcase classname="backend.tests.test_account_privacy_iter124" name="test_manual_intake_backdated" time="0.877" /><testcase classname="backend.tests.test_account_privacy_iter124" name="test_deletion_job_stop_before_irreversible" time="1.383" /><testcase classname="backend.tests.test_account_privacy_iter124" name="test_data_export_flow_and_wrong_token" time="0.979" /><testcase classname="backend.tests.test_account_privacy_iter124" name="test_immediate_deletion_token_single_use_and_reissue" time="0.524"><failure message="KeyError: 'id'">backend/tests/test_account_privacy_iter124.py:319: in test_immediate_deletion_token_single_use_and_reissue
    uid = me["id"]
          ^^^^^^^^
E   KeyError: 'id'</failure></testcase><testcase classname="backend.tests.test_account_privacy_iter124" name="test_admin_queue_view" time="0.538" /></testsuite></testsuites>