<?xml version="1.0" encoding="utf-8"?><testsuites name="pytest tests"><testsuite name="pytest" errors="0" failures="0" skipped="0" tests="19" time="11.009" timestamp="2026-07-16T08:48:36.709697+00:00" hostname="agent-env-202f2836-c5ea-402c-ad2b-a32e7c42aed9"><testcase classname="tests.test_fire_phase06.TestBoostedAccounting" name="test_1x_costs_zero_pool_full_recipient" time="1.614" /><testcase classname="tests.test_fire_phase06.TestBoostedAccounting" name="test_5x_boosted_charges_4_recipient_gets_5" time="0.896" /><testcase classname="tests.test_fire_phase06.TestEditAccounting" name="test_edit_increase_and_decrease_and_remove_pool_and_deadline" time="1.615" /><testcase classname="tests.test_fire_phase06.TestReadOnlyAfterDeadline" name="test_mutation_rejected_after_deadline" time="0.492" /><testcase classname="tests.test_fire_phase06.TestFinalizeAndCollect" name="test_force_finalize_moves_pending_to_collectable" time="0.557" /><testcase classname="tests.test_fire_phase06.TestFinalizeAndCollect" name="test_manual_collect_moves_collectable_to_vault" time="0.236" /><testcase classname="tests.test_fire_phase06.TestFinalizeAndCollect" name="test_duplicate_collect_does_not_double_credit" time="1.064" /><testcase classname="tests.test_fire_phase06.TestIdempotency" name="test_same_key_returns_duplicate_true" time="0.543" /><testcase classname="tests.test_fire_phase06.TestFounderGuard" name="test_support_admin_forbidden_on_admin_endpoints" time="0.730" /><testcase classname="tests.test_fire_phase06.TestFounderGuard" name="test_unauthenticated_admin_endpoints" time="0.422" /><testcase classname="tests.test_fire_phase06.TestFounderGuard" name="test_support_forbidden_on_admin_action_endpoints" time="0.197" /><testcase classname="tests.test_fire_phase06.TestAdminCommandCenter" name="test_dashboard" time="0.118" /><testcase classname="tests.test_fire_phase06.TestAdminCommandCenter" name="test_inspect_user" time="0.117" /><testcase classname="tests.test_fire_phase06.TestAdminCommandCenter" name="test_inspect_post" time="0.324" /><testcase classname="tests.test_fire_phase06.TestAdminCommandCenter" name="test_pause_and_restore_fire" time="0.862" /><testcase classname="tests.test_fire_phase06.TestAdminCommandCenter" name="test_reverse_reaction_requires_reason" time="0.634" /><testcase classname="tests.test_fire_phase06.TestReconciliation" name="test_recalc_zero_drift" time="0.208" /><testcase classname="tests.test_fire_phase06.TestFireRankedFeed" name="test_ranked_by_fire_total" time="0.105" /><testcase classname="tests.test_fire_phase06.TestEmojiReactionsPreserved" name="test_emoji_reaction_endpoint_untouched" time="0.206" /></testsuite></testsuites>