<?xml version="1.0" encoding="utf-8"?><testsuites name="pytest tests"><testsuite name="pytest" errors="0" failures="0" skipped="0" tests="27" time="6.160" timestamp="2026-07-31T21:31:29.798152+00:00" hostname="agent-env-202f2836-c5ea-402c-ad2b-a32e7c42aed9"><testcase classname="backend.tests.test_responsibility_center" name="test_config_shape" time="1.291" /><testcase classname="backend.tests.test_responsibility_center" name="test_config_requires_auth" time="0.099" /><testcase classname="backend.tests.test_responsibility_center" name="test_dashboard_non_member_403" time="0.303" /><testcase classname="backend.tests.test_responsibility_center" name="test_dashboard_owner_includes_vault_txns" time="0.115" /><testcase classname="backend.tests.test_responsibility_center" name="test_dashboard_member_excludes_vault_txns" time="0.322" /><testcase classname="backend.tests.test_responsibility_center" name="test_patch_edit_owner" time="0.396" /><testcase classname="backend.tests.test_responsibility_center" name="test_patch_edit_member_403" time="0.102" /><testcase classname="backend.tests.test_responsibility_center" name="test_patch_empty_name_400" time="0.107" /><testcase classname="backend.tests.test_responsibility_center" name="test_patch_non_member_403" time="0.109" /><testcase classname="backend.tests.test_responsibility_center" name="test_set_role_owner_can_promote_to_admin" time="0.262" /><testcase classname="backend.tests.test_responsibility_center" name="test_set_role_owner_role_rejected" time="0.223" /><testcase classname="backend.tests.test_responsibility_center" name="test_set_role_owner_cannot_be_changed" time="0.217" /><testcase classname="backend.tests.test_responsibility_center" name="test_admin_cannot_promote_to_admin" time="0.232" /><testcase classname="backend.tests.test_responsibility_center" name="test_set_role_by_non_admin_403" time="0.314" /><testcase classname="backend.tests.test_responsibility_center" name="test_set_role_invalid_400" time="0.215" /><testcase classname="backend.tests.test_responsibility_center" name="test_member_cannot_invite" time="0.097" /><testcase classname="backend.tests.test_responsibility_center" name="test_invite_nonexistent_user_404" time="0.109" /><testcase classname="backend.tests.test_responsibility_center" name="test_invite_duplicate_active_member_409" time="0.108" /><testcase classname="backend.tests.test_responsibility_center" name="test_second_respond_404_or_409" time="0.362" /><testcase classname="backend.tests.test_responsibility_center" name="test_leave_owner_403" time="0.104" /><testcase classname="backend.tests.test_responsibility_center" name="test_leave_non_member_403" time="0.152" /><testcase classname="backend.tests.test_responsibility_center" name="test_remove_owner_forbidden" time="0.214" /><testcase classname="backend.tests.test_responsibility_center" name="test_remove_by_non_admin_403" time="0.224" /><testcase classname="backend.tests.test_responsibility_center" name="test_fund_non_member_403" time="0.101" /><testcase classname="backend.tests.test_responsibility_center" name="test_fund_invalid_amount_400" time="0.108" /><testcase classname="backend.tests.test_responsibility_center" name="test_mine_shape" time="0.102" /><testcase classname="backend.tests.test_responsibility_center" name="test_mine_outsider_empty" time="0.106" /></testsuite></testsuites>