<?xml version="1.0" encoding="utf-8"?><testsuites name="pytest tests"><testsuite name="pytest" errors="0" failures="0" skipped="0" tests="8" time="1.141" timestamp="2026-06-24T06:39:42.721163+00:00" hostname="agent-env-202f2836-c5ea-402c-ad2b-a32e7c42aed9"><testcase classname="backend.tests.test_widget_sounds_phase33.TestSoundsResolve" name="test_authed_resolve_preserves_order" time="0.487" /><testcase classname="backend.tests.test_widget_sounds_phase33.TestSoundsResolve" name="test_anonymous_resolve_public_only" time="0.125" /><testcase classname="backend.tests.test_widget_sounds_phase33.TestSoundsResolve" name="test_missing_ids_returns_empty" time="0.048" /><testcase classname="backend.tests.test_widget_sounds_phase33.TestSoundsResolve" name="test_no_ids_returns_empty" time="0.094" /><testcase classname="backend.tests.test_widget_sounds_phase33.TestSoundsResolve" name="test_cap_at_50" time="0.050" /><testcase classname="backend.tests.test_widget_sounds_phase33.TestWidgetSoundFieldAcceptsIdsAndUrls" name="test_create_widget_with_sound_field_mixed_values" time="0.106" /><testcase classname="backend.tests.test_widget_sounds_phase33.TestWidgetSoundFieldAcceptsIdsAndUrls" name="test_create_widget_with_sound_field_only_urls" time="0.103" /><testcase classname="backend.tests.test_widget_sounds_phase33.TestWidgetSoundFieldAcceptsIdsAndUrls" name="test_create_widget_with_fake_uuid_in_sound_field_still_validates" time="0.100" /></testsuite></testsuites>