<?xml version="1.0" encoding="utf-8"?><testsuites name="pytest tests"><testsuite name="pytest" errors="0" failures="0" skipped="1" tests="23" time="4.790" timestamp="2026-07-16T06:25:50.382393+00:00" hostname="agent-env-202f2836-c5ea-402c-ad2b-a32e7c42aed9"><testcase classname="tests.test_fire_power.TestFireStatus" name="test_status_authenticated_shape" time="0.554" /><testcase classname="tests.test_fire_power.TestFireStatus" name="test_status_guest_returns_flags_no_config" time="0.096" /><testcase classname="tests.test_fire_power.TestFireReact1x" name="test_1x_free_and_remove" time="0.748" /><testcase classname="tests.test_fire_power.TestFireReactBoostRules" name="test_level_cap_400" time="0.109" /><testcase classname="tests.test_fire_power.TestFireReactBoostRules" name="test_newbie_boost_rejected" time="0.095" /><testcase classname="tests.test_fire_power.TestFireReactBoostRules" name="test_public_only" time="0.220" /><testcase classname="tests.test_fire_power.TestFireReactBoostRules" name="test_idempotency_no_double_charge" time="0.404" /><testcase classname="tests.test_fire_power.TestFireReactDelta" name="test_delta_and_no_refund" time="0.105"><skipped type="pytest.skip" message="stealth pool has only 0 available — need ≥4 for delta test">/app/backend/tests/test_fire_power.py:194: stealth pool has only 0 available — need ≥4 for delta test</skipped></testcase><testcase classname="tests.test_fire_power.TestFireReactDelta" name="test_overspend_409" time="0.304" /><testcase classname="tests.test_fire_power.TestFeedAttachRank" name="test_feed_attaches_fire" time="0.104" /><testcase classname="tests.test_fire_power.TestFeedAttachRank" name="test_fire_ranked_windows[1h]" time="0.137" /><testcase classname="tests.test_fire_power.TestFeedAttachRank" name="test_fire_ranked_windows[12h]" time="0.127" /><testcase classname="tests.test_fire_power.TestFeedAttachRank" name="test_fire_ranked_windows[24h]" time="0.117" /><testcase classname="tests.test_fire_power.TestFeedAttachRank" name="test_fire_ranked_windows[1w]" time="0.145" /><testcase classname="tests.test_fire_power.TestFeedAttachRank" name="test_fire_ranked_windows[1m]" time="0.138" /><testcase classname="tests.test_fire_power.TestFeedAttachRank" name="test_fire_ranked_windows[all]" time="0.127" /><testcase classname="tests.test_fire_power.TestMigrationAdmin" name="test_non_founder_forbidden" time="0.099" /><testcase classname="tests.test_fire_power.TestMigrationAdmin" name="test_dry_run" time="0.101" /><testcase classname="tests.test_fire_power.TestMigrationAdmin" name="test_execute_requires_exact_phrase" time="0.094" /><testcase classname="tests.test_fire_power.TestMigrationAdmin" name="test_execute_idempotent" time="0.229" /><testcase classname="tests.test_fire_power.TestMigrationAdmin" name="test_reconcile" time="0.109" /><testcase classname="tests.test_fire_power.TestLegacyRegression" name="test_legacy_like_still_works" time="0.212" /><testcase classname="tests.test_fire_power.TestLegacyRegression" name="test_reactions_set_emoji_on_post" time="0.348" /></testsuite></testsuites>