<?xml version="1.0" encoding="utf-8"?><testsuites name="pytest tests"><testsuite name="pytest" errors="0" failures="0" skipped="0" tests="8" time="2.340" timestamp="2026-06-26T00:35:00.826203+00:00" hostname="agent-env-202f2836-c5ea-402c-ad2b-a32e7c42aed9"><testcase classname="backend.tests.test_iter57_vip_badge_registry_source_of_truth" name="test_static_no_vip_cutoff_import_or_count_documents" time="0.001" /><testcase classname="backend.tests.test_iter57_vip_badge_registry_source_of_truth" name="test_register_under_cap_grants_vip" time="1.015" /><testcase classname="backend.tests.test_iter57_vip_badge_registry_source_of_truth" name="test_register_no_vip_when_cap_full" time="0.614" /><testcase classname="backend.tests.test_iter57_vip_badge_registry_source_of_truth" name="test_register_no_vip_when_badge_draft" time="0.491" /><testcase classname="backend.tests.test_iter57_vip_badge_registry_source_of_truth" name="test_stealth_login_and_me_still_works" time="0.051" /><testcase classname="backend.tests.test_iter57_vip_badge_registry_source_of_truth" name="test_admin_badges_listing_still_authenticates" time="0.051" /><testcase classname="backend.tests.test_iter57_vip_badge_registry_source_of_truth" name="test_vip_badge_seeded_shape_intact" time="0.001" /><testcase classname="backend.tests.test_iter57_vip_badge_registry_source_of_truth" name="test_vip_holder_count_stable" time="0.002" /></testsuite></testsuites>