<?xml version="1.0" encoding="utf-8"?><testsuites name="pytest tests"><testsuite name="pytest" errors="0" failures="0" skipped="0" tests="32" time="8.444" timestamp="2026-06-27T04:56:50.150970+00:00" hostname="agent-env-202f2836-c5ea-402c-ad2b-a32e7c42aed9"><testcase classname="tests.test_phase37_orion_command_center.TestPhase36Regression" name="test_today_snapshot_still_works" time="0.516" /><testcase classname="tests.test_phase37_orion_command_center.TestPhase37Drafts" name="test_founder_briefing" time="0.118" /><testcase classname="tests.test_phase37_orion_command_center.TestPhase37Drafts" name="test_draft_badge_logs_action" time="0.102" /><testcase classname="tests.test_phase37_orion_command_center.TestPhase37Drafts" name="test_other_drafts_log[draft a widget for tracking top creators-draft_widget]" time="0.129" /><testcase classname="tests.test_phase37_orion_command_center.TestPhase37Drafts" name="test_other_drafts_log[draft an announcement about our growth-draft_announcement]" time="0.114" /><testcase classname="tests.test_phase37_orion_command_center.TestPhase37Drafts" name="test_other_drafts_log[draft a reply for the oldest support ticket-draft_support_reply]" time="0.111" /><testcase classname="tests.test_phase37_orion_command_center.TestPhase37Drafts" name="test_moderation_risks" time="0.135" /><testcase classname="tests.test_phase37_orion_command_center.TestConfirmation" name="test_explicit_confirm_phrases[Yes, execute]" time="0.106" /><testcase classname="tests.test_phase37_orion_command_center.TestConfirmation" name="test_explicit_confirm_phrases[Confirm]" time="0.107" /><testcase classname="tests.test_phase37_orion_command_center.TestConfirmation" name="test_explicit_confirm_phrases[Approve this action]" time="0.103" /><testcase classname="tests.test_phase37_orion_command_center.TestConfirmation" name="test_explicit_confirm_phrases[Launch it now]" time="0.103" /><testcase classname="tests.test_phase37_orion_command_center.TestConfirmation" name="test_vague_confirm_falls_through[ok]" time="1.183" /><testcase classname="tests.test_phase37_orion_command_center.TestConfirmation" name="test_vague_confirm_falls_through[looks good]" time="1.199" /><testcase classname="tests.test_phase37_orion_command_center.TestConfirmation" name="test_vague_confirm_falls_through[sure]" time="1.277" /><testcase classname="tests.test_phase37_orion_command_center.TestReadTools" name="test_read_tools_hit_orion[most reported users this week]" time="0.140" /><testcase classname="tests.test_phase37_orion_command_center.TestReadTools" name="test_read_tools_hit_orion[most reported content]" time="0.100" /><testcase classname="tests.test_phase37_orion_command_center.TestReadTools" name="test_read_tools_hit_orion[oldest unresolved tickets]" time="0.105" /><testcase classname="tests.test_phase37_orion_command_center.TestReadTools" name="test_read_tools_hit_orion[all launched widgets]" time="0.116" /><testcase classname="tests.test_phase37_orion_command_center.TestReadTools" name="test_read_tools_hit_orion[disabled widgets]" time="0.099" /><testcase classname="tests.test_phase37_orion_command_center.TestReadTools" name="test_read_tools_hit_orion[beta holders]" time="0.104" /><testcase classname="tests.test_phase37_orion_command_center.TestReadTools" name="test_read_tools_hit_orion[inactive realms]" time="0.095" /><testcase classname="tests.test_phase37_orion_command_center.TestOrionLogsEndpoints" name="test_summary_shape" time="0.101" /><testcase classname="tests.test_phase37_orion_command_center.TestOrionLogsEndpoints" name="test_queries_shape" time="0.104" /><testcase classname="tests.test_phase37_orion_command_center.TestOrionLogsEndpoints" name="test_actions_shape_and_filters" time="0.132" /><testcase classname="tests.test_phase37_orion_command_center.TestOrionLogsEndpoints" name="test_filter_approved" time="0.101" /><testcase classname="tests.test_phase37_orion_command_center.TestOrionLogsEndpoints" name="test_filter_by_user" time="0.099" /><testcase classname="tests.test_phase37_orion_command_center.TestOrionLogsEndpoints" name="test_filter_by_tool" time="0.105" /><testcase classname="tests.test_phase37_orion_command_center.TestOrionLogsEndpoints" name="test_founder_only_gate" time="0.676" /><testcase classname="tests.test_phase37_orion_command_center.TestNonAdmin" name="test_admin_question_refused" time="0.112" /><testcase classname="tests.test_phase37_orion_command_center.TestNonAdmin" name="test_draft_request_also_refused" time="0.098" /><testcase classname="tests.test_phase37_orion_command_center.TestNonAdmin" name="test_normal_chat_passes_through" time="0.742" /><testcase classname="tests.test_phase37_orion_command_center.TestReadOnlyInvariant" name="test_orion_analytics_writes_only_to_log_collections" time="0.001" /></testsuite></testsuites>