<?xml version="1.0" encoding="utf-8"?><testsuites name="pytest tests"><testsuite name="pytest" errors="0" failures="0" skipped="0" tests="9" time="4.643" timestamp="2026-07-15T21:56:51.023293+00:00" hostname="agent-env-202f2836-c5ea-402c-ad2b-a32e7c42aed9"><testcase classname="backend.tests.test_iter75_faq_and_media_posts.TestPublicFAQ" name="test_public_faq_returns_11_items_no_auth" time="0.136" /><testcase classname="backend.tests.test_iter75_faq_and_media_posts.TestAdminFAQCRUD" name="test_a_create_faq" time="0.550" /><testcase classname="backend.tests.test_iter75_faq_and_media_posts.TestAdminFAQCRUD" name="test_b_update_faq" time="0.253" /><testcase classname="backend.tests.test_iter75_faq_and_media_posts.TestAdminFAQCRUD" name="test_c_delete_faq_and_cleanup" time="0.178" /><testcase classname="backend.tests.test_iter75_faq_and_media_posts.TestAdminFAQCRUD" name="test_d_cleanup_any_leftover_testagent_entries" time="0.172" /><testcase classname="backend.tests.test_iter75_faq_and_media_posts.TestMediaOnlyPost" name="test_create_post_with_empty_content_and_images" time="0.112" /><testcase classname="backend.tests.test_iter75_faq_and_media_posts.TestMediaOnlyPost" name="test_verify_post_persistence_and_no_auto_image_label" time="0.107" /><testcase classname="backend.tests.test_iter75_faq_and_media_posts.TestMediaOnlyPost" name="test_cleanup_delete_post" time="0.104" /><testcase classname="backend.tests.test_iter75_faq_and_media_posts.TestImageUpload" name="test_upload_small_png" time="2.981" /></testsuite></testsuites>