<?xml version="1.0" encoding="utf-8"?><testsuites name="pytest tests"><testsuite name="pytest" errors="0" failures="1" skipped="0" tests="12" time="3.197" timestamp="2026-07-16T00:46:06.016550+00:00" hostname="agent-env-202f2836-c5ea-402c-ad2b-a32e7c42aed9"><testcase classname="tests.test_leaderboards.TestPublicLeaderboards" name="test_all_categories_return_ranked_rows" time="1.507" /><testcase classname="tests.test_leaderboards.TestPublicLeaderboards" name="test_all_periods_ok_for_reputation" time="0.236" /><testcase classname="tests.test_leaderboards.TestPublicLeaderboards" name="test_invalid_category_400" time="0.056" /><testcase classname="tests.test_leaderboards.TestPublicLeaderboards" name="test_pagination_and_search" time="0.116" /><testcase classname="tests.test_leaderboards.TestPublicLeaderboards" name="test_me_endpoint" time="0.093" /><testcase classname="tests.test_leaderboards.TestFounderSettings" name="test_settings_forbidden_for_non_founder" time="0.093" /><testcase classname="tests.test_leaderboards.TestFounderSettings" name="test_settings_get_ok_for_founder" time="0.051" /><testcase classname="tests.test_leaderboards.TestFounderSettings" name="test_cache_seconds_clamped" time="0.137" /><testcase classname="tests.test_leaderboards.TestFounderSettings" name="test_tie_breaker_validation" time="0.143" /><testcase classname="tests.test_leaderboards.TestFounderSettings" name="test_disabled_category_returns_400" time="0.191" /><testcase classname="tests.test_leaderboards.TestFounderSettings" name="test_refresh_founder_only" time="0.101" /><testcase classname="tests.test_leaderboards.TestFounderSettings" name="test_hidden_users_flow_and_audit" time="0.406"><failure message="assert 422 == 200&#10; +  where 422 = &lt;Response [422]&gt;.status_code">tests/test_leaderboards.py:193: in test_hidden_users_flow_and_audit
    assert pub2.status_code == 200
E   assert 422 == 200
E    +  where 422 = &lt;Response [422]&gt;.status_code</failure></testcase></testsuite></testsuites>