<?xml version="1.0" encoding="utf-8"?><testsuites name="pytest tests"><testsuite name="pytest" errors="0" failures="0" skipped="0" tests="19" time="38.909" timestamp="2026-06-24T08:49:35.032130+00:00" hostname="agent-env-202f2836-c5ea-402c-ad2b-a32e7c42aed9"><testcase classname="backend.tests.test_phase35_chat" name="test_chat_message_requires_auth" time="0.900" /><testcase classname="backend.tests.test_phase35_chat" name="test_chat_history_requires_auth" time="0.097" /><testcase classname="backend.tests.test_phase35_chat" name="test_unknown_widget_404" time="1.074" /><testcase classname="backend.tests.test_phase35_chat" name="test_chat_message_returns_reply" time="0.490" /><testcase classname="backend.tests.test_phase35_chat" name="test_history_persists" time="0.093" /><testcase classname="backend.tests.test_phase35_chat" name="test_regenerate_runs_against_last_user_turn" time="0.550" /><testcase classname="backend.tests.test_phase35_chat" name="test_clear_wipes_history" time="0.197" /><testcase classname="backend.tests.test_phase35_chat" name="test_founder_only_blocks_non_stealth" time="2.056" /><testcase classname="backend.tests.test_phase35_chat" name="test_variable_interpolation_in_system_prompt" time="2.442" /><testcase classname="backend.tests.test_phase35_chat" name="test_memory_off_does_not_persist" time="2.193" /><testcase classname="backend.tests.test_phase35_chat" name="test_streaming_disabled_by_default" time="0.106" /><testcase classname="backend.tests.test_phase35_chat" name="test_streaming_emits_sse_frames" time="2.458" /><testcase classname="backend.tests.test_phase35_chat" name="test_no_openai_key_leaks_in_response" time="1.291" /><testcase classname="backend.tests.test_phase35_chat_extras" name="test_schema_lists_chat_layout_and_field_types" time="0.415" /><testcase classname="backend.tests.test_phase35_chat_extras" name="test_templates_expose_stealth_ai_and_realm_assistant" time="0.100" /><testcase classname="backend.tests.test_phase35_chat_extras" name="test_clone_stealth_ai_template_produces_chat_widget" time="0.291" /><testcase classname="backend.tests.test_phase35_chat_extras" name="test_rate_limit_returns_429_after_30" time="20.908" /><testcase classname="backend.tests.test_phase35_chat_extras" name="test_disabled_openai_blocks_chat" time="1.694" /><testcase classname="backend.tests.test_phase35_chat_extras" name="test_stream_endpoint_400_when_streaming_off" time="1.524" /></testsuite></testsuites>