<?xml version="1.0" encoding="utf-8"?><testsuites name="pytest tests"><testsuite name="pytest" errors="0" failures="0" skipped="0" tests="6" time="1.302" timestamp="2026-06-24T02:13:07.185462+00:00" hostname="agent-env-202f2836-c5ea-402c-ad2b-a32e7c42aed9"><testcase classname="backend.tests.test_photos_widget_phase16.TestPhotosAllowList" name="test_photos_widget_now_accepted" time="0.533" /><testcase classname="backend.tests.test_photos_widget_phase16.TestPhotosAllowList" name="test_disallowed_still_stripped_alongside_photos" time="0.051" /><testcase classname="backend.tests.test_photos_widget_phase16.TestPhotosCap" name="test_13_photos_rejected" time="0.052" /><testcase classname="backend.tests.test_photos_widget_phase16.TestPhotosCap" name="test_12_photos_accepted" time="0.055" /><testcase classname="backend.tests.test_photos_widget_phase16.TestPhotosPublicReadthrough" name="test_public_profile_returns_photos_unchanged" time="0.492" /><testcase classname="backend.tests.test_photos_widget_phase16.TestCleanup" name="test_cleanup_photos" time="0.092" /></testsuite></testsuites>