<?xml version="1.0" encoding="utf-8"?><testsuites name="pytest tests"><testsuite name="pytest" errors="0" failures="3" skipped="0" tests="23" time="94.411" timestamp="2026-08-08T22:26:05.919921+00:00" hostname="agent-env-202f2836-c5ea-402c-ad2b-a32e7c42aed9"><testcase classname="backend.tests.test_gamemaker_phase1.TestJobEngine" name="test_delayed_job_202_and_progress" time="92.227"><failure message="AssertionError: final status=None phases=set()&#10;assert None in ('completed', 'succeeded')">backend/tests/test_gamemaker_phase1.py:81: in test_delayed_job_202_and_progress
    assert last_status in ("completed", "succeeded"), f"final status={last_status} phases={phases_seen}"
E   AssertionError: final status=None phases=set()
E   assert None in ('completed', 'succeeded')</failure></testcase><testcase classname="backend.tests.test_gamemaker_phase1.TestCatalog" name="test_founder_sees_catalog" time="0.053" /><testcase classname="backend.tests.test_gamemaker_phase1.TestCatalog" name="test_member_denied" time="0.461" /><testcase classname="backend.tests.test_gamemaker_phase1.TestCreate" name="test_planned_runtime_blocked" time="0.048" /><testcase classname="backend.tests.test_gamemaker_phase1.TestCreate" name="test_dry_run_estimated_cost" time="0.098" /><testcase classname="backend.tests.test_gamemaker_phase1.TestResources" name="test_idempotent_stars_grant" time="0.227" /><testcase classname="backend.tests.test_gamemaker_phase1.TestResources" name="test_adjust_missing_reason_400" time="0.051" /><testcase classname="backend.tests.test_gamemaker_phase1.TestResources" name="test_reverse_transaction" time="0.059"><failure message="AssertionError: no tx_id in {'transaction': {'id': 'f806f122d6ec4597bd9739f9b8b9cd4e', 'user_id': '01f04b53-f928-4d95-8325-06d47005e3ca', 'resource_key': 'stars', 'amount': 3, 'source_type': 'admin_adjustment', 'source_id': '', 'game_id': None, 'stage_id': None, 'idem_key': 'revtest-25f7f3e0', 'status': 'finalized', 'reason': 'to-reverse', 'actor': 'stealth', 'reversal_of': None, 'created_at': '2026-08-08T22:27:39.206337+00:00', 'finalized_at': '2026-08-08T22:27:39.206345+00:00'}, 'replayed': False}&#10;assert None">backend/tests/test_gamemaker_phase1.py:171: in test_reverse_transaction
    assert tx_id, f"no tx_id in {r.json()}"
E   AssertionError: no tx_id in {'transaction': {'id': 'f806f122d6ec4597bd9739f9b8b9cd4e', 'user_id': '01f04b53-f928-4d95-8325-06d47005e3ca', 'resource_key': 'stars', 'amount': 3, 'source_type': 'admin_adjustment', 'source_id': '', 'game_id': None, 'stage_id': None, 'idem_key': 'revtest-25f7f3e0', 'status': 'finalized', 'reason': 'to-reverse', 'actor': 'stealth', 'reversal_of': None, 'created_at': '2026-08-08T22:27:39.206337+00:00', 'finalized_at': '2026-08-08T22:27:39.206345+00:00'}, 'replayed': False}
E   assert None</failure></testcase><testcase classname="backend.tests.test_gamemaker_phase1.TestResources" name="test_resources_me_fire_matches_wallet" time="0.124" /><testcase classname="backend.tests.test_gamemaker_phase1.TestAdminGamemaker" name="test_founder_ok[overview]" time="0.092" /><testcase classname="backend.tests.test_gamemaker_phase1.TestAdminGamemaker" name="test_founder_ok[jobs]" time="0.051" /><testcase classname="backend.tests.test_gamemaker_phase1.TestAdminGamemaker" name="test_founder_ok[migration/report]" time="0.102" /><testcase classname="backend.tests.test_gamemaker_phase1.TestAdminGamemaker" name="test_member_denied[overview]" time="0.050" /><testcase classname="backend.tests.test_gamemaker_phase1.TestAdminGamemaker" name="test_member_denied[jobs]" time="0.087" /><testcase classname="backend.tests.test_gamemaker_phase1.TestAdminGamemaker" name="test_member_denied[migration/report]" time="0.048" /><testcase classname="backend.tests.test_gamemaker_phase1.TestAdminGamemaker" name="test_anon_denied[overview]" time="0.125" /><testcase classname="backend.tests.test_gamemaker_phase1.TestAdminGamemaker" name="test_anon_denied[jobs]" time="0.042" /><testcase classname="backend.tests.test_gamemaker_phase1.TestAdminGamemaker" name="test_anon_denied[migration/report]" time="0.045" /><testcase classname="backend.tests.test_gamemaker_phase1.TestAdminGamemaker" name="test_member_cannot_post_access" time="0.049" /><testcase classname="backend.tests.test_gamemaker_phase1.TestOraiEditDryRun" name="test_dry_run_sync" time="0.107"><failure message="AssertionError: 400 {&quot;detail&quot;:&quot;Describe what ORAi should change, or set add_stages&quot;}&#10;assert 400 == 200&#10; +  where 400 = &lt;Response [400]&gt;.status_code">backend/tests/test_gamemaker_phase1.py:259: in test_dry_run_sync
    assert r.status_code == 200, f"{r.status_code} {r.text[:300]}"
E   AssertionError: 400 {"detail":"Describe what ORAi should change, or set add_stages"}
E   assert 400 == 200
E    +  where 400 = &lt;Response [400]&gt;.status_code</failure></testcase><testcase classname="backend.tests.test_gamemaker_phase1.TestRegression" name="test_public_game_hub" time="0.059" /><testcase classname="backend.tests.test_gamemaker_phase1.TestRegression" name="test_games_requires_auth" time="0.043" /><testcase classname="backend.tests.test_gamemaker_phase1.TestRegression" name="test_fire_wallet_founder" time="0.065" /></testsuite></testsuites>