<?xml version="1.0" encoding="utf-8"?><testsuites name="pytest tests"><testsuite name="pytest" errors="0" failures="0" skipped="0" tests="6" time="4.788" timestamp="2026-07-22T19:42:30.796886+00:00" hostname="agent-env-202f2836-c5ea-402c-ad2b-a32e7c42aed9"><testcase classname="backend.tests.test_fire_widget_iter85.TestAnonymousAccess" name="test_wallet_requires_auth" time="0.261" /><testcase classname="backend.tests.test_fire_widget_iter85.TestAnonymousAccess" name="test_wallet_history_requires_auth" time="0.110" /><testcase classname="backend.tests.test_fire_widget_iter85.TestAnonymousAccess" name="test_wallet_collect_requires_auth" time="0.140" /><testcase classname="backend.tests.test_fire_widget_iter85.TestPublicStatsPrivacy" name="test_non_friend_viewer_gets_visible_false_no_value" time="1.153" /><testcase classname="backend.tests.test_fire_widget_iter85.TestPublicStatsPrivacy" name="test_owner_sees_all_values_visible" time="0.141" /><testcase classname="backend.tests.test_fire_widget_iter85.TestFireNotificationLifecycle" name="test_full_lifecycle" time="2.936" /></testsuite></testsuites>