<?xml version="1.0" encoding="utf-8"?><testsuites name="pytest tests"><testsuite name="pytest" errors="0" failures="0" skipped="0" tests="13" time="10.362" timestamp="2026-06-24T01:22:43.786690+00:00" hostname="agent-env-202f2836-c5ea-402c-ad2b-a32e7c42aed9"><testcase classname="backend.tests.test_widget_allowlist_phase15.TestWidgetAllowList" name="test_patch_strips_deprecated_types" time="0.455" /><testcase classname="backend.tests.test_widget_allowlist_phase15.TestNotesCharLimit" name="test_vip_notes_600_rejected" time="0.046" /><testcase classname="backend.tests.test_widget_allowlist_phase15.TestNotesCharLimit" name="test_vip_notes_500_accepted" time="0.048" /><testcase classname="backend.tests.test_widget_allowlist_phase15.TestNotesCharLimit" name="test_stealth_notes_3000_accepted" time="0.485" /><testcase classname="backend.tests.test_widget_allowlist_phase15.TestBlogCharLimit" name="test_vip_blog_2100_rejected" time="0.060" /><testcase classname="backend.tests.test_widget_allowlist_phase15.TestBlogCharLimit" name="test_stealth_blog_5000_accepted" time="0.145" /><testcase classname="backend.tests.test_widget_allowlist_phase15.TestVideosLimit" name="test_videos_5_rejected" time="0.047" /><testcase classname="backend.tests.test_widget_allowlist_phase15.TestSoundsLimit" name="test_music_11_rejected" time="0.048" /><testcase classname="backend.tests.test_widget_allowlist_phase15.TestSoundsLimit" name="test_podcasts_11_rejected" time="0.047" /><testcase classname="backend.tests.test_widget_allowlist_phase15.TestPublicProfileFilter" name="test_stealth_public_only_allowed" time="0.107" /><testcase classname="backend.tests.test_widget_allowlist_phase15.TestPollsVote" name="test_polls_full_cycle" time="0.719" /><testcase classname="backend.tests.test_widget_allowlist_phase15.TestSoundsByUser" name="test_stealth_music_tracks" time="0.112" /><testcase classname="backend.tests.test_widget_allowlist_phase15.TestMigrationIdempotent" name="test_no_strip_on_clean_boot" time="8.000" /></testsuite></testsuites>