<?xml version="1.0" encoding="utf-8"?><testsuites name="pytest tests"><testsuite name="pytest" errors="0" failures="0" skipped="0" tests="12" time="4.044" timestamp="2026-08-10T05:23:53.665066+00:00" hostname="agent-env-202f2836-c5ea-402c-ad2b-a32e7c42aed9"><testcase classname="backend.tests.test_iter131_production_repair" name="test_production_repair_temp_game" time="1.083" /><testcase classname="backend.tests.test_iter131_production_repair" name="test_production_repair_non_founder_403" time="0.538" /><testcase classname="backend.tests.test_iter131_production_repair" name="test_production_repair_demo_shooter_noop" time="0.962" /><testcase classname="backend.tests.test_iter130_honesty_and_trim" name="test_catalog_one_live_nine_beta" time="0.433" /><testcase classname="backend.tests.test_iter130_honesty_and_trim" name="test_quote_beta_shooter_ok" time="0.107" /><testcase classname="backend.tests.test_iter130_honesty_and_trim" name="test_trim_stages_founder_ok" time="0.109" /><testcase classname="backend.tests.test_iter130_honesty_and_trim" name="test_trim_stages_non_founder_403" time="0.437" /><testcase classname="backend.tests.test_shooter_owr_launch" name="test_catalog_lists_both" time="0.237" /><testcase classname="backend.tests.test_shooter_owr_launch" name="test_validate_spec_rules" time="0.003" /><testcase classname="backend.tests.test_shooter_owr_launch" name="test_explicit_selection_authoritative_for_new_runtimes" time="0.003" /><testcase classname="backend.tests.test_shooter_owr_launch" name="test_registry_live_and_truthful" time="0.054" /><testcase classname="backend.tests.test_shooter_owr_launch" name="test_demo_games_published_and_playable" time="0.014" /></testsuite></testsuites>