<?xml version="1.0" encoding="utf-8"?><testsuites name="pytest tests"><testsuite name="pytest" errors="0" failures="0" skipped="0" tests="12" time="4.177" timestamp="2026-08-10T07:46:12.874848+00:00" hostname="agent-env-202f2836-c5ea-402c-ad2b-a32e7c42aed9"><testcase classname="backend.tests.test_iter130_honesty_and_trim" name="test_catalog_three_live_seven_beta" time="0.584" /><testcase classname="backend.tests.test_iter130_honesty_and_trim" name="test_quote_beta_shooter_ok" time="0.102" /><testcase classname="backend.tests.test_iter130_honesty_and_trim" name="test_trim_stages_founder_ok" time="0.192" /><testcase classname="backend.tests.test_iter130_honesty_and_trim" name="test_trim_stages_non_founder_403" time="0.424" /><testcase classname="backend.tests.test_shooter_owr_launch" name="test_catalog_lists_both" time="0.239" /><testcase classname="backend.tests.test_shooter_owr_launch" name="test_validate_spec_rules" time="0.004" /><testcase classname="backend.tests.test_shooter_owr_launch" name="test_explicit_selection_authoritative_for_new_runtimes" time="0.003" /><testcase classname="backend.tests.test_shooter_owr_launch" name="test_registry_live_and_truthful" time="0.072" /><testcase classname="backend.tests.test_shooter_owr_launch" name="test_demo_games_published_and_playable" time="0.015" /><testcase classname="backend.tests.test_iter131_production_repair" name="test_production_repair_temp_game" time="0.871" /><testcase classname="backend.tests.test_iter131_production_repair" name="test_production_repair_non_founder_403" time="0.589" /><testcase classname="backend.tests.test_iter131_production_repair" name="test_production_repair_demo_shooter_noop" time="1.019" /></testsuite></testsuites>