<?xml version="1.0" encoding="utf-8"?><testsuites name="pytest tests"><testsuite name="pytest" errors="0" failures="0" skipped="0" tests="9" time="1.773" timestamp="2026-08-10T12:18:28.340346+00:00" hostname="agent-env-202f2836-c5ea-402c-ad2b-a32e7c42aed9"><testcase classname="backend.tests.test_iter138_wkq_skybound_v3" name="test_registry_lists_3_active_keys" time="0.403" /><testcase classname="backend.tests.test_iter138_wkq_skybound_v3" name="test_award_idempotent_per_level[0]" time="0.789" /><testcase classname="backend.tests.test_iter138_wkq_skybound_v3" name="test_award_idempotent_per_level[1]" time="0.109" /><testcase classname="backend.tests.test_iter138_wkq_skybound_v3" name="test_award_idempotent_per_level[2]" time="0.112" /><testcase classname="backend.tests.test_iter138_wkq_skybound_v3" name="test_award_invalid_level_returns_404" time="0.050" /><testcase classname="backend.tests.test_iter138_wkq_skybound_v3" name="test_mine_lists_owned_keys" time="0.050" /><testcase classname="backend.tests.test_iter138_wkq_skybound_v3" name="test_fire_info_final_10000" time="0.051" /><testcase classname="backend.tests.test_iter138_wkq_skybound_v3" name="test_complete_grants_final_once" time="0.110" /><testcase classname="backend.tests.test_iter138_wkq_skybound_v3" name="test_zzz_cleanup" time="0.056" /></testsuite></testsuites>