<?xml version="1.0" encoding="utf-8"?><testsuites name="pytest tests"><testsuite name="pytest" errors="0" failures="0" skipped="0" tests="25" time="3.496" timestamp="2026-07-24T00:30:02.271928+00:00" hostname="agent-env-202f2836-c5ea-402c-ad2b-a32e7c42aed9"><testcase classname="backend.tests.test_auth_guard_iter88.TestAnonymousProtected" name="test_get_returns_401[/posts]" time="0.126" /><testcase classname="backend.tests.test_auth_guard_iter88.TestAnonymousProtected" name="test_get_returns_401[/hashtags/trending]" time="0.142" /><testcase classname="backend.tests.test_auth_guard_iter88.TestAnonymousProtected" name="test_get_returns_401[/users/featured]" time="0.092" /><testcase classname="backend.tests.test_auth_guard_iter88.TestAnonymousProtected" name="test_get_returns_401[/users/newest]" time="0.109" /><testcase classname="backend.tests.test_auth_guard_iter88.TestAnonymousProtected" name="test_get_returns_401[/communities/realms]" time="0.121" /><testcase classname="backend.tests.test_auth_guard_iter88.TestAnonymousProtected" name="test_get_returns_401[/faq]" time="0.089" /><testcase classname="backend.tests.test_auth_guard_iter88.TestAnonymousProtected" name="test_get_returns_401[/website-media/published]" time="0.111" /><testcase classname="backend.tests.test_auth_guard_iter88.TestAnonymousProtected" name="test_get_returns_401[/auth/me]" time="0.100" /><testcase classname="backend.tests.test_auth_guard_iter88.TestAnonymousProtected" name="test_get_returns_401[/announcements/pinned]" time="0.093" /><testcase classname="backend.tests.test_auth_guard_iter88.TestAnonymousProtected" name="test_get_returns_401[/profile/by-username/stealth]" time="0.099" /><testcase classname="backend.tests.test_auth_guard_iter88.TestAnonymousProtected" name="test_v1_alias_returns_401[/v1/posts]" time="0.171" /><testcase classname="backend.tests.test_auth_guard_iter88.TestAnonymousProtected" name="test_v1_alias_returns_401[/v1/hashtags/trending]" time="0.104" /><testcase classname="backend.tests.test_auth_guard_iter88.TestAnonymousProtected" name="test_v1_alias_returns_401[/v1/auth/me]" time="0.095" /><testcase classname="backend.tests.test_auth_guard_iter88.TestAnonymousProtected" name="test_random_protected_id_returns_401" time="0.103" /><testcase classname="backend.tests.test_auth_guard_iter88.TestAnonymousProtected" name="test_fire_status_returns_401" time="0.300" /><testcase classname="backend.tests.test_auth_guard_iter88.TestAnonymousPublic" name="test_health_root" time="0.116" /><testcase classname="backend.tests.test_auth_guard_iter88.TestAnonymousPublic" name="test_username_check" time="0.106" /><testcase classname="backend.tests.test_auth_guard_iter88.TestAnonymousPublic" name="test_forgot_password_returns_200" time="0.102" /><testcase classname="backend.tests.test_auth_guard_iter88.TestAnonymousPublic" name="test_login_public" time="0.109" /><testcase classname="backend.tests.test_auth_guard_iter88.TestAuthenticated" name="test_auth_me" time="0.668" /><testcase classname="backend.tests.test_auth_guard_iter88.TestAuthenticated" name="test_posts_list" time="0.114" /><testcase classname="backend.tests.test_auth_guard_iter88.TestAuthenticated" name="test_profile_by_username" time="0.097" /><testcase classname="backend.tests.test_auth_guard_iter88.TestAuthenticated" name="test_hashtags_trending" time="0.102" /><testcase classname="backend.tests.test_auth_guard_iter88.TestAuthenticated" name="test_users_featured" time="0.099" /><testcase classname="backend.tests.test_auth_guard_iter88.TestAuthenticated" name="test_v1_alias_authenticated" time="0.100" /></testsuite></testsuites>