<?xml version="1.0" encoding="utf-8"?><testsuites name="pytest tests"><testsuite name="pytest" errors="0" failures="0" skipped="0" tests="25" time="6.364" timestamp="2026-06-24T07:13:34.156539+00:00" hostname="agent-env-202f2836-c5ea-402c-ad2b-a32e7c42aed9"><testcase classname="backend.tests.test_phase34_providers.TestProvidersList" name="test_requires_auth" time="0.211" /><testcase classname="backend.tests.test_phase34_providers.TestProvidersList" name="test_non_admin_forbidden" time="1.106" /><testcase classname="backend.tests.test_phase34_providers.TestProvidersList" name="test_support_can_list" time="0.142" /><testcase classname="backend.tests.test_phase34_providers.TestProvidersList" name="test_stealth_full_view" time="0.134" /><testcase classname="backend.tests.test_phase34_providers.TestProvidersList" name="test_no_secret_leak" time="0.135" /><testcase classname="backend.tests.test_phase34_providers.TestProvidersStatus" name="test_admin_compact" time="0.096" /><testcase classname="backend.tests.test_phase34_providers.TestProviderToggle" name="test_support_forbidden" time="0.102" /><testcase classname="backend.tests.test_phase34_providers.TestProviderToggle" name="test_tfone_forbidden" time="0.105" /><testcase classname="backend.tests.test_phase34_providers.TestProviderToggle" name="test_unknown_provider_404" time="0.097" /><testcase classname="backend.tests.test_phase34_providers.TestProviderToggle" name="test_toggle_coingecko_off_on" time="0.310" /><testcase classname="backend.tests.test_phase34_providers.TestProviderHealthTest" name="test_tfone_forbidden" time="0.095" /><testcase classname="backend.tests.test_phase34_providers.TestProviderHealthTest" name="test_support_can_probe" time="0.224" /><testcase classname="backend.tests.test_phase34_providers.TestProviderHealthTest" name="test_coming_soon_returns_marker" time="0.132" /><testcase classname="backend.tests.test_phase34_providers.TestProviderHealthTest" name="test_unconfigured_returns_marker" time="0.098" /><testcase classname="backend.tests.test_phase34_providers.TestProviderHealthTest" name="test_disabled_returns_marker" time="0.293" /><testcase classname="backend.tests.test_phase34_providers.TestProviderHealthTest" name="test_openai_ping" time="1.670" /><testcase classname="backend.tests.test_phase34_providers.TestAnalytics" name="test_admin_only" time="0.086" /><testcase classname="backend.tests.test_phase34_providers.TestAnalytics" name="test_snapshot" time="0.120" /><testcase classname="backend.tests.test_phase34_providers.TestWidgetApiCall" name="test_unauth_401" time="0.094" /><testcase classname="backend.tests.test_phase34_providers.TestWidgetApiCall" name="test_unknown_widget_404" time="0.093" /><testcase classname="backend.tests.test_phase34_providers.TestWidgetApiCall" name="test_disabled_provider_blocked" time="0.291" /><testcase classname="backend.tests.test_phase34_providers.TestAdminWidgetsTestApi" name="test_support_forbidden" time="0.090" /><testcase classname="backend.tests.test_phase34_providers.TestAdminWidgetsTestApi" name="test_stealth_ok" time="0.169" /><testcase classname="backend.tests.test_phase34_providers.TestAdminWidgetsTestApi" name="test_refuses_disabled" time="0.320" /><testcase classname="backend.tests.test_phase34_providers.TestApiProvidersMergedFlag" name="test_includes_enabled" time="0.094" /></testsuite></testsuites>