<?xml version="1.0" encoding="utf-8"?><testsuites name="pytest tests"><testsuite name="pytest" errors="0" failures="0" skipped="0" tests="14" time="4.929" timestamp="2026-06-19T05:57:30.254305+00:00" hostname="agent-env-202f2836-c5ea-402c-ad2b-a32e7c42aed9"><testcase classname="tests.test_communities_realms" name="test_list_realms_returns_8_seeded" time="0.135" /><testcase classname="tests.test_communities_realms" name="test_get_realm_dj_public_with_counts" time="0.097" /><testcase classname="tests.test_communities_realms" name="test_get_realm_404_for_unknown" time="0.124" /><testcase classname="tests.test_communities_realms" name="test_list_chats_for_dj_has_main_general_chat" time="0.418" /><testcase classname="tests.test_communities_realms" name="test_user_join_dj_idempotent" time="0.473" /><testcase classname="tests.test_communities_realms" name="test_list_members_dj_projection" time="0.183" /><testcase classname="tests.test_communities_realms" name="test_send_and_list_messages_dj" time="0.237" /><testcase classname="tests.test_communities_realms" name="test_admin_rename_chat_as_founder_then_403_as_user" time="0.336" /><testcase classname="tests.test_communities_realms" name="test_admin_rename_validation_empty_and_too_long" time="0.238" /><testcase classname="tests.test_communities_realms" name="test_create_realm_with_owner_and_main_chat" time="0.142" /><testcase classname="tests.test_communities_realms" name="test_regression_founder_endpoints" time="0.232" /><testcase classname="tests.test_communities_realms" name="test_ws_no_token_closes_4401" time="0.581" /><testcase classname="tests.test_communities_realms" name="test_ws_invalid_chat_id_closes_4404" time="0.485" /><testcase classname="tests.test_communities_realms" name="test_ws_message_broadcast_between_two_clients" time="1.225" /></testsuite></testsuites>