<?xml version="1.0" encoding="utf-8"?><testsuites name="pytest tests"><testsuite name="pytest" errors="0" failures="0" skipped="0" tests="5" time="1.185" timestamp="2026-08-02T22:50:02.031896+00:00" hostname="agent-env-202f2836-c5ea-402c-ad2b-a32e7c42aed9"><testcase classname="backend.tests.test_edu_plans_iter111" name="test_list_plans_as_stealth" time="0.527" /><testcase classname="backend.tests.test_edu_plans_iter111" name="test_plan_detail_as_stealth" time="0.057" /><testcase classname="backend.tests.test_edu_plans_iter111" name="test_list_plans_as_ash_forbidden" time="0.369" /><testcase classname="backend.tests.test_edu_plans_iter111" name="test_detail_as_ash_forbidden" time="0.047" /><testcase classname="backend.tests.test_edu_plans_iter111" name="test_patch_caps" time="0.117" /></testsuite></testsuites>