<?xml version="1.0" encoding="utf-8"?><testsuites name="pytest tests"><testsuite name="pytest" errors="0" failures="0" skipped="0" tests="8" time="1.967" timestamp="2026-08-10T22:27:54.519262+00:00" hostname="agent-env-202f2836-c5ea-402c-ad2b-a32e7c42aed9"><testcase classname="backend.tests.test_iter139_wkq_arcane_v1" name="test_registry_3_active_keys" time="0.580" /><testcase classname="backend.tests.test_iter139_wkq_arcane_v1" name="test_award_level0_idempotent" time="0.810" /><testcase classname="backend.tests.test_iter139_wkq_arcane_v1" name="test_award_other_levels[1]" time="0.054" /><testcase classname="backend.tests.test_iter139_wkq_arcane_v1" name="test_award_other_levels[2]" time="0.053" /><testcase classname="backend.tests.test_iter139_wkq_arcane_v1" name="test_award_invalid_level_404" time="0.053" /><testcase classname="backend.tests.test_iter139_wkq_arcane_v1" name="test_fire_info" time="0.057" /><testcase classname="backend.tests.test_iter139_wkq_arcane_v1" name="test_score_stage_and_finale_idempotent" time="0.238" /><testcase classname="backend.tests.test_iter139_wkq_arcane_v1" name="test_zzz_cleanup" time="0.004" /></testsuite></testsuites>