<?xml version="1.0" encoding="utf-8"?><testsuites name="pytest tests"><testsuite name="pytest" errors="0" failures="0" skipped="0" tests="13" time="14.092" timestamp="2026-06-24T08:40:05.820421+00:00" hostname="agent-env-202f2836-c5ea-402c-ad2b-a32e7c42aed9"><testcase classname="backend.tests.test_phase35_chat" name="test_chat_message_requires_auth" time="0.905" /><testcase classname="backend.tests.test_phase35_chat" name="test_chat_history_requires_auth" time="0.097" /><testcase classname="backend.tests.test_phase35_chat" name="test_unknown_widget_404" time="1.083" /><testcase classname="backend.tests.test_phase35_chat" name="test_chat_message_returns_reply" time="0.839" /><testcase classname="backend.tests.test_phase35_chat" name="test_history_persists" time="0.105" /><testcase classname="backend.tests.test_phase35_chat" name="test_regenerate_runs_against_last_user_turn" time="0.526" /><testcase classname="backend.tests.test_phase35_chat" name="test_clear_wipes_history" time="0.197" /><testcase classname="backend.tests.test_phase35_chat" name="test_founder_only_blocks_non_stealth" time="2.708" /><testcase classname="backend.tests.test_phase35_chat" name="test_variable_interpolation_in_system_prompt" time="2.111" /><testcase classname="backend.tests.test_phase35_chat" name="test_memory_off_does_not_persist" time="2.115" /><testcase classname="backend.tests.test_phase35_chat" name="test_streaming_disabled_by_default" time="0.139" /><testcase classname="backend.tests.test_phase35_chat" name="test_streaming_emits_sse_frames" time="1.941" /><testcase classname="backend.tests.test_phase35_chat" name="test_no_openai_key_leaks_in_response" time="1.303" /></testsuite></testsuites>