<?xml version="1.0" encoding="utf-8"?><testsuites name="pytest tests"><testsuite name="pytest" errors="0" failures="0" skipped="0" tests="13" time="3.234" timestamp="2026-07-14T21:38:43.941222+00:00" hostname="agent-env-202f2836-c5ea-402c-ad2b-a32e7c42aed9"><testcase classname="tests.test_iter73_updates" name="test_poll_saved_as_poll_media_type" time="0.714" /><testcase classname="tests.test_iter73_updates" name="test_thought_stays_thought" time="0.000" /><testcase classname="tests.test_iter73_updates" name="test_poll_filter_returns_only_polls" time="0.122" /><testcase classname="tests.test_iter73_updates" name="test_thought_filter_excludes_polls" time="0.114" /><testcase classname="tests.test_iter73_updates" name="test_realm_available_widgets_are_renderable" time="0.121" /><testcase classname="tests.test_iter73_updates" name="test_add_widget_normalizes_polls_alias" time="0.334" /><testcase classname="tests.test_iter73_updates" name="test_add_widget_resolves_registry_uuid" time="0.326" /><testcase classname="tests.test_iter73_updates" name="test_added_builtin_widget_gets_default_config" time="0.231" /><testcase classname="tests.test_iter73_updates" name="test_poll_migration_dry_run_founder_only" time="0.546" /><testcase classname="tests.test_iter73_updates" name="test_poll_migration_requires_confirm_phrase" time="0.094" /><testcase classname="tests.test_iter73_updates" name="test_realm_widget_dry_run" time="0.112" /><testcase classname="tests.test_iter73_updates" name="test_relationships_audit_shape" time="0.204" /><testcase classname="tests.test_iter73_updates" name="test_relationship_repair_requires_confirm" time="0.292" /></testsuite></testsuites>