<?xml version="1.0" encoding="utf-8"?><testsuites name="pytest tests"><testsuite name="pytest" errors="0" failures="0" skipped="5" tests="21" time="50.790" timestamp="2026-06-24T06:02:51.928287+00:00" hostname="agent-env-202f2836-c5ea-402c-ad2b-a32e7c42aed9"><testcase classname="tests.test_widget_api_phase32_formatters.TestValueFormattersDirect" name="test_currency_basic" time="0.001" /><testcase classname="tests.test_widget_api_phase32_formatters.TestValueFormattersDirect" name="test_percent_negative_color" time="0.000" /><testcase classname="tests.test_widget_api_phase32_formatters.TestValueFormattersDirect" name="test_percent_positive_color" time="0.000" /><testcase classname="tests.test_widget_api_phase32_formatters.TestValueFormattersDirect" name="test_compact_billion" time="0.000" /><testcase classname="tests.test_widget_api_phase32_formatters.TestValueFormattersDirect" name="test_relative_time_recent" time="0.000" /><testcase classname="tests.test_widget_api_phase32_formatters.TestValueFormattersDirect" name="test_uppercase" time="0.000" /><testcase classname="tests.test_widget_api_phase32_formatters.TestValueFormattersDirect" name="test_none_returns_raw_only" time="0.000" /><testcase classname="tests.test_widget_api_phase32_formatters.TestValueFormattersDirect" name="test_apply_formatters_dict_skips_none" time="0.000" /><testcase classname="tests.test_widget_api_phase32_formatters.TestSlidingWindowDirect" name="test_allows_then_denies_then_recovers" time="2.370" /><testcase classname="tests.test_widget_api_phase32_formatters.TestTestApiFormatters" name="test_coingecko_currency_percent_with_colors" time="0.576"><skipped type="pytest.skip" message="CoinGecko upstream 429 — retry after 65s">/app/backend/tests/test_widget_api_phase32_formatters.py:208: CoinGecko upstream 429 — retry after 65s</skipped></testcase><testcase classname="tests.test_widget_api_phase32_formatters.TestRateLimitHeaders" name="test_remaining_decreases_within_window" time="0.169"><skipped type="pytest.skip" message="CoinGecko upstream 429">/app/backend/tests/test_widget_api_phase32_formatters.py:248: CoinGecko upstream 429</skipped></testcase><testcase classname="tests.test_widget_api_phase32_formatters.TestEditorConfigValidation" name="test_valid_formatters" time="0.202" /><testcase classname="tests.test_widget_api_phase32_formatters.TestEditorConfigValidation" name="test_invalid_formatters_string" time="0.098" /><testcase classname="tests.test_widget_api_phase32_formatters.TestEditorConfigValidation" name="test_invalid_item_formatters_string" time="0.089" /><testcase classname="tests.test_widget_api_phase32_formatters.TestLiveCryptoTemplateFormatters" name="test_template_carries_formatters_and_api_call_formats" time="45.880"><skipped type="pytest.skip" message="CoinGecko upstream 429">/app/backend/tests/test_widget_api_phase32_formatters.py:362: CoinGecko upstream 429</skipped></testcase><testcase classname="tests.test_widget_api_phase32_formatters.TestLiveCryptoMarketsItemFormatters" name="test_item_formatters_apply" time="0.411" /><testcase classname="tests.test_widget_api_phase32_formatters.TestAdminRateLimitAnalytics" name="test_stealth_200_shape" time="0.094" /><testcase classname="tests.test_widget_api_phase32_formatters.TestAdminRateLimitAnalytics" name="test_support_200" time="0.109" /><testcase classname="tests.test_widget_api_phase32_formatters.TestAdminRateLimitAnalytics" name="test_tfone_403" time="0.419" /><testcase classname="tests.test_widget_api_phase32_formatters.TestNoFormattersRegression" name="test_no_formatters_returns_empty_mapped_formatted" time="0.157"><skipped type="pytest.skip" message="CoinGecko upstream 429">/app/backend/tests/test_widget_api_phase32_formatters.py:480: CoinGecko upstream 429</skipped></testcase><testcase classname="tests.test_widget_api_phase32_formatters.TestStructured429Body" name="test_429_body_shape_if_triggered" time="0.161"><skipped type="pytest.skip" message="Hit CoinGecko upstream 429 before local sliding-window burst">/app/backend/tests/test_widget_api_phase32_formatters.py:523: Hit CoinGecko upstream 429 before local sliding-window burst</skipped></testcase></testsuite></testsuites>