<?xml version="1.0" encoding="utf-8"?><testsuites name="pytest tests"><testsuite name="pytest" errors="0" failures="0" skipped="0" tests="22" time="4.423" timestamp="2026-07-16T02:25:26.946422+00:00" hostname="agent-env-202f2836-c5ea-402c-ad2b-a32e7c42aed9"><testcase classname="tests.test_progression_claim_flow" name="test_a_fresh_user_starts_newbie_no_claim" time="0.711" /><testcase classname="tests.test_progression_claim_flow" name="test_b_complete_newbie_tasks" time="0.101" /><testcase classname="tests.test_progression_claim_flow" name="test_c_claim_available_after_tasks" time="0.051" /><testcase classname="tests.test_progression_claim_flow" name="test_d_claim_wrong_level_409" time="0.064" /><testcase classname="tests.test_progression_claim_flow" name="test_e_successful_claim" time="0.124" /><testcase classname="tests.test_progression_claim_flow" name="test_f_idempotent_replay" time="0.049" /><testcase classname="tests.test_progression_claim_flow" name="test_g_ulp_advanced_exactly_one_level" time="0.001" /><testcase classname="tests.test_progression_claim_flow" name="test_h_leaderboards_freshness_after_claim" time="0.103" /><testcase classname="tests.test_progression_claim_flow" name="test_i_incomplete_tasks_400" time="0.056" /><testcase classname="tests.test_progression_claim_flow" name="test_j_stealth_preview_state_preserved" time="0.061" /><testcase classname="tests.test_leaderboards.TestPublicLeaderboards" name="test_all_categories_return_ranked_rows" time="1.322" /><testcase classname="tests.test_leaderboards.TestPublicLeaderboards" name="test_all_periods_ok_for_reputation" time="0.209" /><testcase classname="tests.test_leaderboards.TestPublicLeaderboards" name="test_invalid_category_400" time="0.045" /><testcase classname="tests.test_leaderboards.TestPublicLeaderboards" name="test_pagination_and_search" time="0.099" /><testcase classname="tests.test_leaderboards.TestPublicLeaderboards" name="test_me_endpoint" time="0.051" /><testcase classname="tests.test_leaderboards.TestFounderSettings" name="test_settings_forbidden_for_non_founder" time="0.049" /><testcase classname="tests.test_leaderboards.TestFounderSettings" name="test_settings_get_ok_for_founder" time="0.056" /><testcase classname="tests.test_leaderboards.TestFounderSettings" name="test_cache_seconds_clamped" time="0.153" /><testcase classname="tests.test_leaderboards.TestFounderSettings" name="test_tie_breaker_validation" time="0.206" /><testcase classname="tests.test_leaderboards.TestFounderSettings" name="test_disabled_category_returns_400" time="0.278" /><testcase classname="tests.test_leaderboards.TestFounderSettings" name="test_refresh_founder_only" time="0.107" /><testcase classname="tests.test_leaderboards.TestFounderSettings" name="test_hidden_users_flow_and_audit" time="0.453" /></testsuite></testsuites>