<?xml version="1.0" encoding="utf-8"?><testsuites name="pytest tests"><testsuite name="pytest" errors="0" failures="0" skipped="6" tests="16" time="5.235" timestamp="2026-06-24T05:05:09.311888+00:00" hostname="agent-env-202f2836-c5ea-402c-ad2b-a32e7c42aed9"><testcase classname="tests.test_widget_api_phase31_array.TestArrayBindingsTestApi" name="test_coingecko_markets_root_array" time="0.544"><skipped type="pytest.skip" message="CoinGecko upstream 429: {&quot;detail&quot;:&quot;Upstream 429: {\&quot;status\&quot;:{\&quot;error_code\&quot;:429,\&quot;error_message\&quot;:\&quot;You've exceeded the Rate Limit. Please visi">/app/backend/tests/test_widget_api_phase31_array.py:96: CoinGecko upstream 429: {"detail":"Upstream 429: {\"status\":{\"error_code\":429,\"error_message\":\"You've exceeded the Rate Limit. Please visi</skipped></testcase><testcase classname="tests.test_widget_api_phase31_array.TestArrayBindingsTestApi" name="test_coingecko_empty_array_path" time="0.160"><skipped type="pytest.skip" message="CoinGecko upstream 429">/app/backend/tests/test_widget_api_phase31_array.py:125: CoinGecko upstream 429</skipped></testcase><testcase classname="tests.test_widget_api_phase31_array.TestArrayBindingsTestApi" name="test_coingecko_scalar_mode" time="0.160"><skipped type="pytest.skip" message="CoinGecko upstream 429">/app/backend/tests/test_widget_api_phase31_array.py:144: CoinGecko upstream 429</skipped></testcase><testcase classname="tests.test_widget_api_phase31_array.TestArrayBindingsTestApi" name="test_response_map_and_array_bindings_together" time="0.163"><skipped type="pytest.skip" message="CoinGecko upstream 429">/app/backend/tests/test_widget_api_phase31_array.py:166: CoinGecko upstream 429</skipped></testcase><testcase classname="tests.test_widget_api_phase31_array.TestArrayBindingsTestApi" name="test_reddit_subreddit_top_nested_array" time="0.210"><skipped type="pytest.skip" message="Reddit CDN block status=502: &lt;!DOCTYPE html&gt;&#10;&lt;!--[if lt IE 7]&gt; &lt;html class=&quot;no-js ie6 oldie&quot; lang=&quot;en-US&quot;&gt; &lt;![endif]--&gt;&#10;&lt;!--[if IE 7]&gt;    &lt;html class">/app/backend/tests/test_widget_api_phase31_array.py:186: Reddit CDN block status=502: &lt;!DOCTYPE html&gt;
&lt;!--[if lt IE 7]&gt; &lt;html class="no-js ie6 oldie" lang="en-US"&gt; &lt;![endif]--&gt;
&lt;!--[if IE 7]&gt;    &lt;html class</skipped></testcase><testcase classname="tests.test_widget_api_phase31_array.TestStealthGating" name="test_support_cannot_test_api" time="0.412" /><testcase classname="tests.test_widget_api_phase31_array.TestStealthGating" name="test_support_cannot_direct_api_call" time="0.091" /><testcase classname="tests.test_widget_api_phase31_array.TestEditorConfigValidation" name="test_valid_array_bindings_201" time="0.095" /><testcase classname="tests.test_widget_api_phase31_array.TestEditorConfigValidation" name="test_array_bindings_not_a_list_400" time="0.100" /><testcase classname="tests.test_widget_api_phase31_array.TestEditorConfigValidation" name="test_binding_missing_field_key_400" time="0.090" /><testcase classname="tests.test_widget_api_phase31_array.TestEditorConfigValidation" name="test_item_map_not_object_400" time="0.095" /><testcase classname="tests.test_widget_api_phase31_array.TestFromTemplates" name="test_template_creates_with_array_bindings[live_crypto_markets]" time="0.100" /><testcase classname="tests.test_widget_api_phase31_array.TestFromTemplates" name="test_template_creates_with_array_bindings[live_news_headlines]" time="0.103" /><testcase classname="tests.test_widget_api_phase31_array.TestFromTemplates" name="test_template_creates_with_array_bindings[live_reddit_top]" time="0.105" /><testcase classname="tests.test_widget_api_phase31_array.TestFromTemplates" name="test_live_crypto_markets_api_call_returns_10" time="1.476" /><testcase classname="tests.test_widget_api_phase31_array.TestPhase3Regression" name="test_live_crypto_single_value" time="1.283"><skipped type="pytest.skip" message="upstream 429">/app/backend/tests/test_widget_api_phase31_array.py:355: upstream 429</skipped></testcase></testsuite></testsuites>