<?xml version="1.0" encoding="utf-8"?><testsuites name="pytest tests"><testsuite name="pytest" errors="0" failures="0" skipped="0" tests="12" time="12.332" timestamp="2026-06-25T22:47:35.419914+00:00" hostname="agent-env-202f2836-c5ea-402c-ad2b-a32e7c42aed9"><testcase classname="tests.test_phase31_badge_assignment" name="test_create_live_all_users_auto_assigns" time="1.470" /><testcase classname="tests.test_phase31_badge_assignment" name="test_launch_draft_admin_assignment" time="1.234" /><testcase classname="tests.test_phase31_badge_assignment" name="test_relaunch_idempotent_no_duplicates" time="1.271" /><testcase classname="tests.test_phase31_badge_assignment" name="test_patch_assignment_type_reconciles" time="1.177" /><testcase classname="tests.test_phase31_badge_assignment" name="test_custom_badge_color_roundtrip" time="1.042" /><testcase classname="tests.test_phase31_badge_assignment" name="test_founder_badge_still_locked" time="0.641" /><testcase classname="tests.test_phase32_badge_reconcile" name="test_reconcile_requires_admin" time="0.433" /><testcase classname="tests.test_phase32_badge_reconcile" name="test_reconcile_basic_runs_across_live_badges" time="0.493" /><testcase classname="tests.test_phase32_badge_reconcile" name="test_reconcile_picks_up_new_eligible_user" time="1.711" /><testcase classname="tests.test_phase32_badge_reconcile" name="test_reconcile_idempotent" time="0.354" /><testcase classname="tests.test_phase32_badge_reconcile" name="test_reconcile_prune_removes_invalid_recipients" time="2.104" /><testcase classname="tests.test_phase32_badge_reconcile" name="test_reconcile_prune_skips_founder" time="0.374" /></testsuite></testsuites>