<?xml version="1.0" encoding="utf-8"?><testsuites name="pytest tests"><testsuite name="pytest" errors="0" failures="0" skipped="0" tests="11" time="1.584" timestamp="2026-06-27T19:00:14.180423+00:00" hostname="agent-env-202f2836-c5ea-402c-ad2b-a32e7c42aed9"><testcase classname="backend.tests.test_orion_phase374.TestOrionHealth374" name="test_health_founder_10_checks_keys" time="0.565" /><testcase classname="backend.tests.test_orion_phase374.TestOrionHealth374" name="test_health_cache_behavior" time="0.139" /><testcase classname="backend.tests.test_orion_phase374.TestOrionHealth374" name="test_health_support_403" time="0.382" /><testcase classname="backend.tests.test_orion_phase374.TestOrionHealth374" name="test_health_unauth_401" time="0.113" /><testcase classname="backend.tests.test_orion_phase374.TestOrionHealth374" name="test_supabase_warning_not_critical" time="0.051" /><testcase classname="backend.tests.test_orion_phase374.TestOrionCSVExport" name="test_queries_export_csv" time="0.047" /><testcase classname="backend.tests.test_orion_phase374.TestOrionCSVExport" name="test_queries_export_user_filter" time="0.046" /><testcase classname="backend.tests.test_orion_phase374.TestOrionCSVExport" name="test_actions_export_csv" time="0.047" /><testcase classname="backend.tests.test_orion_phase374.TestOrionCSVExport" name="test_export_support_403" time="0.051" /><testcase classname="backend.tests.test_orion_phase374.TestProviderAudit" name="test_no_provider_switch_in_actions" time="0.052" /><testcase classname="backend.tests.test_orion_phase374.TestProviderAudit" name="test_action_type_filter_supported" time="0.049" /></testsuite></testsuites>