<?xml version="1.0" encoding="utf-8"?><testsuites name="pytest tests"><testsuite name="pytest" errors="0" failures="0" skipped="0" tests="3" time="1.235" timestamp="2026-06-24T00:08:17.628700+00:00" hostname="agent-env-202f2836-c5ea-402c-ad2b-a32e7c42aed9"><testcase classname="backend.tests.test_notifications_hidden_kinds" name="test_unread_count_excludes_hidden_kinds" time="0.823" /><testcase classname="backend.tests.test_notifications_hidden_kinds" name="test_list_excludes_hidden_kinds" time="0.109" /><testcase classname="backend.tests.test_notifications_hidden_kinds" name="test_mark_seen_leaves_hidden_rows_unseen" time="0.211" /></testsuite></testsuites>