<?xml version="1.0" encoding="utf-8"?><testsuites name="pytest tests"><testsuite name="pytest" errors="0" failures="1" skipped="0" tests="31" time="6.910" timestamp="2026-06-27T04:33:58.348520+00:00" hostname="agent-env-202f2836-c5ea-402c-ad2b-a32e7c42aed9"><testcase classname="tests.test_phase36_orion_analytics.TestAuth" name="test_founder_login" time="0.478" /><testcase classname="tests.test_phase36_orion_analytics.TestAuth" name="test_member_login" time="0.326" /><testcase classname="tests.test_phase36_orion_analytics.TestFounderAnalytics" name="test_intent_returns_orion[Show today snapshot-must_contain0]" time="0.107" /><testcase classname="tests.test_phase36_orion_analytics.TestFounderAnalytics" name="test_intent_returns_orion[Give me an investor snapshot-must_contain1]" time="0.107" /><testcase classname="tests.test_phase36_orion_analytics.TestFounderAnalytics" name="test_intent_returns_orion[How many users signed up this week?-must_contain2]" time="0.105"><failure message="AssertionError: How many users signed up this week?: missing 'Today:' in reply: Total users on OurRealm: **151**&#10;assert 'Today:' in 'Total users on OurRealm: **151**'">tests/test_phase36_orion_analytics.py:144: in test_intent_returns_orion
    assert needle in reply, f"{message}: missing '{needle}' in reply: {reply[:300]}"
E   AssertionError: How many users signed up this week?: missing 'Today:' in reply: Total users on OurRealm: **151**
E   assert 'Today:' in 'Total users on OurRealm: **151**'</failure></testcase><testcase classname="tests.test_phase36_orion_analytics.TestFounderAnalytics" name="test_intent_returns_orion[What is the DAU?-must_contain3]" time="0.109" /><testcase classname="tests.test_phase36_orion_analytics.TestFounderAnalytics" name="test_intent_returns_orion[Show me top realms-must_contain4]" time="0.102" /><testcase classname="tests.test_phase36_orion_analytics.TestFounderAnalytics" name="test_intent_returns_orion[Open support tickets?-must_contain5]" time="0.111" /><testcase classname="tests.test_phase36_orion_analytics.TestFounderAnalytics" name="test_intent_returns_orion[Moderation reports today?-must_contain6]" time="0.105" /><testcase classname="tests.test_phase36_orion_analytics.TestFounderAnalytics" name="test_intent_returns_orion[How many badges have been awarded?-must_contain7]" time="0.110" /><testcase classname="tests.test_phase36_orion_analytics.TestFounderAnalytics" name="test_intent_returns_orion[Most used widgets?-must_contain8]" time="0.098" /><testcase classname="tests.test_phase36_orion_analytics.TestIntentRouter" name="test_phrasing_routes_to_orion[DAU?]" time="0.107" /><testcase classname="tests.test_phase36_orion_analytics.TestIntentRouter" name="test_phrasing_routes_to_orion[weekly active users]" time="0.106" /><testcase classname="tests.test_phase36_orion_analytics.TestIntentRouter" name="test_phrasing_routes_to_orion[how many users total?]" time="0.104" /><testcase classname="tests.test_phase36_orion_analytics.TestIntentRouter" name="test_phrasing_routes_to_orion[sounds uploaded today]" time="0.111" /><testcase classname="tests.test_phase36_orion_analytics.TestIntentRouter" name="test_phrasing_routes_to_orion[top creators]" time="0.112" /><testcase classname="tests.test_phase36_orion_analytics.TestIntentRouter" name="test_phrasing_routes_to_orion[new realms this week]" time="0.105" /><testcase classname="tests.test_phase36_orion_analytics.TestIntentRouter" name="test_phrasing_routes_to_orion[moderation queue]" time="0.105" /><testcase classname="tests.test_phase36_orion_analytics.TestIntentRouter" name="test_phrasing_routes_to_orion[open tickets]" time="0.095" /><testcase classname="tests.test_phase36_orion_analytics.TestIntentRouter" name="test_phrasing_routes_to_orion[vip holders]" time="0.098" /><testcase classname="tests.test_phase36_orion_analytics.TestFallThrough" name="test_founder_non_analytics_falls_through" time="0.808" /><testcase classname="tests.test_phase36_orion_analytics.TestFallThrough" name="test_long_non_analytics_falls_through" time="0.919" /><testcase classname="tests.test_phase36_orion_analytics.TestRefusalPath" name="test_non_admin_analytics_refused" time="0.167" /><testcase classname="tests.test_phase36_orion_analytics.TestRefusalPath" name="test_non_admin_normal_chat_still_works" time="0.756" /><testcase classname="tests.test_phase36_orion_analytics.TestEdgeCases" name="test_empty_message_422" time="0.125" /><testcase classname="tests.test_phase36_orion_analytics.TestPerformance" name="test_today_snapshot_under_2s_p95" time="0.537" /><testcase classname="tests.test_phase36_orion_analytics.TestAuditLog" name="test_audit_log_captures_founder_and_refusal" time="0.506" /><testcase classname="tests.test_phase36_orion_analytics.TestReadOnly" name="test_orion_analytics_only_writes_audit_log" time="0.000" /><testcase classname="tests.test_phase36_orion_analytics.TestRegressionPhase35" name="test_history_endpoint" time="0.103" /><testcase classname="tests.test_phase36_orion_analytics.TestRegressionPhase35" name="test_clear_endpoint" time="0.100" /><testcase classname="tests.test_phase36_orion_analytics.TestRegressionPhase35" name="test_investor_snapshot_endpoint_intact" time="0.104" /></testsuite></testsuites>