<?xml version="1.0" encoding="utf-8"?><testsuites name="pytest tests"><testsuite name="pytest" errors="0" failures="2" skipped="0" tests="19" time="3.743" timestamp="2026-06-24T04:17:27.058561+00:00" hostname="agent-env-202f2836-c5ea-402c-ad2b-a32e7c42aed9"><testcase classname="tests.test_widget_api_phase3.TestApiProviders" name="test_stealth_sees_11_providers" time="0.451" /><testcase classname="tests.test_widget_api_phase3.TestApiProviders" name="test_support_admin_can_list" time="0.422" /><testcase classname="tests.test_widget_api_phase3.TestApiProviders" name="test_tfone_forbidden" time="0.423" /><testcase classname="tests.test_widget_api_phase3.TestTestApi" name="test_stealth_coingecko_simple_price" time="0.097"><failure message="AssertionError: {&quot;detail&quot;:&quot;Provider burst limit (60/min) on coingecko&quot;}&#10;assert 429 == 200&#10; +  where 429 = &lt;Response [429]&gt;.status_code">E   AssertionError: {"detail":"Provider burst limit (60/min) on coingecko"}
    assert 429 == 200
     +  where 429 = &lt;Response [429]&gt;.status_code</failure></testcase><testcase classname="tests.test_widget_api_phase3.TestTestApi" name="test_support_forbidden_test_api" time="0.108" /><testcase classname="tests.test_widget_api_phase3.TestTestApi" name="test_coming_soon_spotify_400" time="0.106" /><testcase classname="tests.test_widget_api_phase3.TestTestApi" name="test_missing_credential_503" time="0.123" /><testcase classname="tests.test_widget_api_phase3.TestTestApi" name="test_unknown_provider_404" time="0.099" /><testcase classname="tests.test_widget_api_phase3.TestTestApi" name="test_unknown_endpoint_404" time="0.098" /><testcase classname="tests.test_widget_api_phase3.TestEditorConfigValidation" name="test_valid_api_widget_201" time="0.213" /><testcase classname="tests.test_widget_api_phase3.TestEditorConfigValidation" name="test_unknown_provider_400" time="0.115" /><testcase classname="tests.test_widget_api_phase3.TestEditorConfigValidation" name="test_unknown_endpoint_400" time="0.108" /><testcase classname="tests.test_widget_api_phase3.TestEditorConfigValidation" name="test_params_not_object_400" time="0.102" /><testcase classname="tests.test_widget_api_phase3.TestEditorConfigValidation" name="test_response_map_not_object_400" time="0.110" /><testcase classname="tests.test_widget_api_phase3.TestFromTemplateAndApiCall" name="test_full_flow" time="0.732" /><testcase classname="tests.test_widget_api_phase3.TestApiCallGating" name="test_unauthenticated_401" time="0.103" /><testcase classname="tests.test_widget_api_phase3.TestApiCallGating" name="test_direct_call_as_support_403" time="0.100" /><testcase classname="tests.test_widget_api_phase3.TestApiCallGating" name="test_direct_call_as_stealth_200" time="0.108"><failure message="AssertionError: {&quot;detail&quot;:&quot;Provider burst limit (60/min) on coingecko&quot;}&#10;assert 429 == 200&#10; +  where 429 = &lt;Response [429]&gt;.status_code">E   AssertionError: {"detail":"Provider burst limit (60/min) on coingecko"}
    assert 429 == 200
     +  where 429 = &lt;Response [429]&gt;.status_code</failure></testcase><testcase classname="tests.test_widget_api_phase3.TestRateLimit" name="test_burst_429" time="0.100" /></testsuite></testsuites>