<?xml version="1.0" encoding="utf-8"?><testsuites name="pytest tests"><testsuite name="pytest" errors="0" failures="0" skipped="0" tests="10" time="1.466" timestamp="2026-07-16T02:17:08.283484+00:00" hostname="agent-env-202f2836-c5ea-402c-ad2b-a32e7c42aed9"><testcase classname="tests.test_progression_claim_flow" name="test_a_fresh_user_starts_newbie_no_claim" time="0.741" /><testcase classname="tests.test_progression_claim_flow" name="test_b_complete_newbie_tasks" time="0.107" /><testcase classname="tests.test_progression_claim_flow" name="test_c_claim_available_after_tasks" time="0.049" /><testcase classname="tests.test_progression_claim_flow" name="test_d_claim_wrong_level_409" time="0.106" /><testcase classname="tests.test_progression_claim_flow" name="test_e_successful_claim" time="0.115" /><testcase classname="tests.test_progression_claim_flow" name="test_f_idempotent_replay" time="0.049" /><testcase classname="tests.test_progression_claim_flow" name="test_g_ulp_advanced_exactly_one_level" time="0.001" /><testcase classname="tests.test_progression_claim_flow" name="test_h_leaderboards_freshness_after_claim" time="0.101" /><testcase classname="tests.test_progression_claim_flow" name="test_i_incomplete_tasks_400" time="0.052" /><testcase classname="tests.test_progression_claim_flow" name="test_j_stealth_preview_state_preserved" time="0.058" /></testsuite></testsuites>