<?xml version="1.0" encoding="utf-8"?><testsuites name="pytest tests"><testsuite name="pytest" errors="0" failures="1" skipped="0" tests="14" time="2.730" timestamp="2026-06-17T03:52:23.039874+00:00" hostname="agent-env-202f2836-c5ea-402c-ad2b-a32e7c42aed9"><testcase classname="backend.tests.test_launch_fixes.TestRegressionSmoke" name="test_auth_me" time="0.576" /><testcase classname="backend.tests.test_launch_fixes.TestRegressionSmoke" name="test_posts_list" time="0.050" /><testcase classname="backend.tests.test_launch_fixes.TestRegressionSmoke" name="test_messages_threads" time="0.047" /><testcase classname="backend.tests.test_launch_fixes.TestRegressionSmoke" name="test_upload_limits" time="0.048" /><testcase classname="backend.tests.test_launch_fixes.TestRegressionSmoke" name="test_dashboard_layout_get" time="0.044" /><testcase classname="backend.tests.test_launch_fixes.TestRegisterCompliance" name="test_register_with_all_4_booleans" time="0.394" /><testcase classname="backend.tests.test_launch_fixes.TestRegisterCompliance" name="test_register_missing_compliance_rejected" time="0.132" /><testcase classname="backend.tests.test_launch_fixes.TestDashboardSync" name="test_put_layout_returns_widgets" time="0.046" /><testcase classname="backend.tests.test_launch_fixes.TestDashboardSync" name="test_layout_persisted_on_reload" time="0.044" /><testcase classname="backend.tests.test_launch_fixes.TestDashboardSync" name="test_change_visibility_persists" time="0.137" /><testcase classname="backend.tests.test_launch_fixes.TestAvatarFlow" name="test_profile_patch_avatar_url" time="0.130" /><testcase classname="backend.tests.test_launch_fixes.TestAvatarFlow" name="test_images_from_url_endpoint" time="0.392" /><testcase classname="backend.tests.test_launch_fixes.TestAvatarFlow" name="test_images_upload_endpoint" time="0.155"><failure message="AssertionError: 500 Internal Server Error&#10;assert 500 in (200, 201)&#10; +  where 500 = &lt;Response [500]&gt;.status_code">backend/tests/test_launch_fixes.py:186: in test_images_upload_endpoint
    assert r.status_code in (200, 201), f"{r.status_code} {r.text}"
E   AssertionError: 500 Internal Server Error
E   assert 500 in (200, 201)
E    +  where 500 = &lt;Response [500]&gt;.status_code</failure></testcase><testcase classname="backend.tests.test_launch_fixes.TestNonOwnerPostManagement" name="test_tftwo_cannot_delete_tfone_post" time="0.473" /></testsuite></testsuites>