<?xml version="1.0" encoding="utf-8"?><testsuites name="pytest tests"><testsuite name="pytest" errors="0" failures="0" skipped="0" tests="7" time="1.461" timestamp="2026-08-02T21:27:42.470772+00:00" hostname="agent-env-202f2836-c5ea-402c-ad2b-a32e7c42aed9"><testcase classname="backend.tests.test_media_retry_dashboard" name="test_media_status_dashboard_fields" time="0.488" /><testcase classname="backend.tests.test_media_retry_dashboard" name="test_media_retry_no_failed_returns_404" time="0.053" /><testcase classname="backend.tests.test_media_retry_dashboard" name="test_insert_needs_attention_then_requeue" time="0.109" /><testcase classname="backend.tests.test_media_retry_dashboard" name="test_media_status_403_for_non_manager" time="0.441" /><testcase classname="backend.tests.test_media_retry_dashboard" name="test_media_retry_403_for_non_manager" time="0.060" /><testcase classname="backend.tests.test_media_retry_dashboard" name="test_ai_video_settings_retry_schedule" time="0.153" /><testcase classname="backend.tests.test_media_retry_dashboard" name="test_course_gen_active" time="0.050" /></testsuite></testsuites>