<?xml version="1.0" encoding="utf-8"?><testsuites name="pytest tests"><testsuite name="pytest" errors="0" failures="0" skipped="0" tests="15" time="3.788" timestamp="2026-08-13T08:03:53.477538+00:00" hostname="agent-env-202f2836-c5ea-402c-ad2b-a32e7c42aed9"><testcase classname="backend.tests.test_nexus_founder_starter_iter148" name="test_avatars_list_only_ninja_active" time="0.668" /><testcase classname="backend.tests.test_nexus_founder_starter_iter148" name="test_starters_have_7_animations" time="0.115" /><testcase classname="backend.tests.test_nexus_founder_starter_iter148" name="test_starter_save_female_violet_no_fp_burn" time="0.670" /><testcase classname="backend.tests.test_nexus_founder_starter_iter148" name="test_starter_invalid_id_422" time="0.109" /><testcase classname="backend.tests.test_nexus_founder_starter_iter148" name="test_starter_invalid_color_422" time="0.111" /><testcase classname="backend.tests.test_nexus_founder_starter_iter148" name="test_glow_cyan_ok" time="0.102" /><testcase classname="backend.tests.test_nexus_founder_starter_iter148" name="test_founder_collection_all_unlocked" time="0.468" /><testcase classname="backend.tests.test_nexus_founder_starter_iter148" name="test_founder_unlock_zero_burn" time="0.359" /><testcase classname="backend.tests.test_nexus_founder_starter_iter148" name="test_founder_can_select_premium" time="0.103" /><testcase classname="backend.tests.test_nexus_founder_starter_iter148" name="test_all_premium_have_7_animations" time="0.110" /><testcase classname="backend.tests.test_nexus_founder_starter_iter148" name="test_regular_user_no_founder_vault" time="0.154" /><testcase classname="backend.tests.test_nexus_founder_starter_iter148" name="test_regular_user_select_locked_premium_403" time="0.214" /><testcase classname="backend.tests.test_nexus_founder_starter_iter148" name="test_world_version_ge_28" time="0.117" /><testcase classname="backend.tests.test_nexus_founder_starter_iter148" name="test_public_and_join" time="0.213" /><testcase classname="backend.tests.test_nexus_founder_starter_iter148" name="test_zz_restore_equipped" time="0.208" /></testsuite></testsuites>