<?xml version="1.0" encoding="utf-8"?><testsuites name="pytest tests"><testsuite name="pytest" errors="0" failures="2" skipped="0" tests="49" time="81.515" timestamp="2026-08-12T02:33:38.367507+00:00" hostname="agent-env-202f2836-c5ea-402c-ad2b-a32e7c42aed9"><testcase classname="tests.test_nexus_magic.TestFounderGate" name="test_member_forbidden[GET-/nexus/magic/config-None]" time="1.049" /><testcase classname="tests.test_nexus_magic.TestFounderGate" name="test_member_forbidden[GET-/nexus/magic/runs-None]" time="0.049" /><testcase classname="tests.test_nexus_magic.TestFounderGate" name="test_member_forbidden[GET-/nexus/magic/variants-None]" time="0.048" /><testcase classname="tests.test_nexus_magic.TestFounderGate" name="test_member_forbidden[GET-/nexus/admin/presence-None]" time="0.062" /><testcase classname="tests.test_nexus_magic.TestFounderGate" name="test_member_forbidden[POST-/nexus/magic/estimate-body4]" time="0.049" /><testcase classname="tests.test_nexus_magic.TestFounderGate" name="test_member_forbidden[POST-/nexus/magic/start-body5]" time="0.057" /><testcase classname="tests.test_nexus_magic.TestFounderGate" name="test_member_forbidden[POST-/nexus/magic/control-all-body6]" time="0.051" /><testcase classname="tests.test_nexus_magic.TestFounderGate" name="test_member_forbidden[POST-/nexus/admin/save-version-body7]" time="0.054" /><testcase classname="tests.test_nexus_magic.TestFounderGate" name="test_founder_ok_config" time="0.377" /><testcase classname="tests.test_nexus_magic.TestEstimate" name="test_estimate_improve_draft_zero_credits" time="0.119" /><testcase classname="tests.test_nexus_magic.TestEstimate" name="test_estimate_unknown_mode_400" time="0.048" /><testcase classname="tests.test_nexus_magic.TestEstimate" name="test_estimate_invalid_target_400" time="0.047" /><testcase classname="tests.test_nexus_magic.TestImproveDraftLifecycle" name="test_full_run_and_approve_draft_only" time="3.747" /><testcase classname="tests.test_nexus_magic.TestControl" name="test_pause_resume" time="6.360" /><testcase classname="tests.test_nexus_magic.TestControl" name="test_stop_and_control_all" time="1.853" /><testcase classname="tests.test_nexus_magic.TestCloneVariant" name="test_clone_and_load" time="3.761" /><testcase classname="tests.test_nexus_magic.TestDryRun" name="test_dry_run_completes_not_appliable" time="3.592" /><testcase classname="tests.test_nexus_magic.TestFounderMax" name="test_founder_max_accepts_higher_stop" time="0.050" /><testcase classname="tests.test_nexus_magic.TestFounderMax" name="test_normal_clamps_stop_score" time="0.054" /><testcase classname="tests.test_nexus_magic.TestStyles" name="test_animation_portal_spin_fast" time="3.626" /><testcase classname="tests.test_nexus_magic.TestStyles" name="test_animation_unsupported_400" time="0.111" /><testcase classname="tests.test_nexus_magic.TestStyles" name="test_runtime_neon_dusk" time="25.769"><failure message="AssertionError: run run_58d8274286 did not reach {'awaiting_approval'}; last={'id': 'run_58d8274286', 'label': 'runtime_style · 1 target(s)', 'mode': 'runtime_style', 'style': 'neon_dusk', 'targets': [{'kind': 'zone', 'zone_id': 'plaza'}], 'settings': {'founder_max': False, 'stop_score': 90, 'max_attempts': 3, 'repair_cycles': 2, 'reviewer': True, 'dry_run': False, 'mock': False}, 'request': '', 'status': 'failed', 'stage': 'done', 'stages_done': 5, 'score': 0, 'cycles': 2, 'stage_history': [{'stage': 'build', 'note': 'Deterministic proposer built 1 ops (provider: local, 0 credits)', 'at': '2026-08-12T02:34:03.617573+00:00'}, {'stage': 'review', 'note': 'Heuristic schema score 88 (55 issue(s)) · independent reviewer pass agreed (88)', 'at': '2026-08-12T02:34:04.622767+00:00', 'score': 88}, {'stage': 'compare', 'note': 'Diff vs draft: +0 ~1 -0 across 1 target(s)', 'at': '2026-08-12T02:34:05.626147+00:00'}, {'stage': 'improve', 'note': 'Repair cycle 1/2 → score 0', 'at': '2026-08-12T02:34:06.629571+00:00', 'score': 0}, {'stage': 'improve', 'note': 'Repair cycle 2/2 → score 0', 'at': '2026-08-12T02:34:07.632964+00:00', 'score': 0}, {'stage': 'verify', 'note': 'FAILED final validation: ops must be a list of 1-40 operations', 'at': '2026-08-12T02:34:08.635894+00:00'}], 'diff': {'ops_count': 1, 'adds': 0, 'updates': 1, 'removes': 0, 'targets': 1}, 'result': None, 'provider_usage': {'orai_calls': 0, 'openai_calls': 0, 'meshy_calls': 0}, 'control': None, 'created_by': 'stealth', 'created_at': '2026-08-12T02:34:03.612975+00:00', 'updated_at': '2026-08-12T02:34:08.636229+00:00', 'heartbeat': 1786502048.6362329}">tests/test_nexus_magic.py:326: in test_runtime_neon_dusk
    run = _wait_for_status(founder, rid, "awaiting_approval", timeout=25)
          ^^^^^^^^^^^^^^^^^^^^^^^^^^^^^^^^^^^^^^^^^^^^^^^^^^^^^^^^^^^^^^^
tests/test_nexus_magic.py:69: in _wait_for_status
    raise AssertionError(f"run {rid} did not reach {wanted}; last={last}")
E   AssertionError: run run_58d8274286 did not reach {'awaiting_approval'}; last={'id': 'run_58d8274286', 'label': 'runtime_style · 1 target(s)', 'mode': 'runtime_style', 'style': 'neon_dusk', 'targets': [{'kind': 'zone', 'zone_id': 'plaza'}], 'settings': {'founder_max': False, 'stop_score': 90, 'max_attempts': 3, 'repair_cycles': 2, 'reviewer': True, 'dry_run': False, 'mock': False}, 'request': '', 'status': 'failed', 'stage': 'done', 'stages_done': 5, 'score': 0, 'cycles': 2, 'stage_history': [{'stage': 'build', 'note': 'Deterministic proposer built 1 ops (provider: local, 0 credits)', 'at': '2026-08-12T02:34:03.617573+00:00'}, {'stage': 'review', 'note': 'Heuristic schema score 88 (55 issue(s)) · independent reviewer pass agreed (88)', 'at': '2026-08-12T02:34:04.622767+00:00', 'score': 88}, {'stage': 'compare', 'note': 'Diff vs draft: +0 ~1 -0 across 1 target(s)', 'at': '2026-08-12T02:34:05.626147+00:00'}, {'stage': 'improve', 'note': 'Repair cycle 1/2 → score 0', 'at': '2026-08-12T02:34:06.629571+00:00', 'score': 0}, {'stage': 'improve', 'note': 'Repair cycle 2/2 → score 0', 'at': '2026-08-12T02:34:07.632964+00:00', 'score': 0}, {'stage': 'verify', 'note': 'FAILED final validation: ops must be a list of 1-40 operations', 'at': '2026-08-12T02:34:08.635894+00:00'}], 'diff': {'ops_count': 1, 'adds': 0, 'updates': 1, 'removes': 0, 'targets': 1}, 'result': None, 'provider_usage': {'orai_calls': 0, 'openai_calls': 0, 'meshy_calls': 0}, 'control': None, 'created_by': 'stealth', 'created_at': '2026-08-12T02:34:03.612975+00:00', 'updated_at': '2026-08-12T02:34:08.636229+00:00', 'heartbeat': 1786502048.6362329}</failure></testcase><testcase classname="tests.test_nexus_magic.TestStyles" name="test_runtime_unsupported_400" time="0.049" /><testcase classname="tests.test_nexus_magic.TestLivingEditorMock" name="test_living_editor_mock_adds_entity" time="25.673"><failure message="AssertionError: run run_3054a9378e did not reach {'awaiting_approval'}; last={'id': 'run_3054a9378e', 'label': 'living_editor · 1 target(s)', 'mode': 'living_editor', 'style': None, 'targets': [{'kind': 'zone', 'zone_id': 'plaza'}], 'settings': {'founder_max': False, 'stop_score': 90, 'max_attempts': 3, 'repair_cycles': 2, 'reviewer': True, 'dry_run': False, 'mock': True}, 'request': 'add a test kiosk', 'status': 'failed', 'stage': 'done', 'stages_done': 5, 'score': 0, 'cycles': 2, 'stage_history': [{'stage': 'build', 'note': 'Deterministic proposer built 1 ops (provider: local, 0 credits)', 'at': '2026-08-12T02:34:29.468439+00:00'}, {'stage': 'review', 'note': 'Heuristic schema score 88 (55 issue(s)) · independent reviewer pass agreed (88)', 'at': '2026-08-12T02:34:30.473835+00:00', 'score': 88}, {'stage': 'compare', 'note': 'Diff vs draft: +1 ~0 -0 across 1 target(s)', 'at': '2026-08-12T02:34:31.476834+00:00'}, {'stage': 'improve', 'note': 'Repair cycle 1/2 → score 0', 'at': '2026-08-12T02:34:32.480293+00:00', 'score': 0}, {'stage': 'improve', 'note': 'Repair cycle 2/2 → score 0', 'at': '2026-08-12T02:34:33.484093+00:00', 'score': 0}, {'stage': 'verify', 'note': 'FAILED final validation: ops must be a list of 1-40 operations', 'at': '2026-08-12T02:34:34.487728+00:00'}], 'diff': {'ops_count': 1, 'adds': 1, 'updates': 0, 'removes': 0, 'targets': 1}, 'result': None, 'provider_usage': {'orai_calls': 0, 'openai_calls': 0, 'meshy_calls': 0}, 'control': None, 'created_by': 'stealth', 'created_at': '2026-08-12T02:34:29.463542+00:00', 'updated_at': '2026-08-12T02:34:34.488140+00:00', 'heartbeat': 1786502074.4881427}">tests/test_nexus_magic.py:348: in test_living_editor_mock_adds_entity
    run = _wait_for_status(founder, rid, "awaiting_approval", timeout=25)
          ^^^^^^^^^^^^^^^^^^^^^^^^^^^^^^^^^^^^^^^^^^^^^^^^^^^^^^^^^^^^^^^
tests/test_nexus_magic.py:69: in _wait_for_status
    raise AssertionError(f"run {rid} did not reach {wanted}; last={last}")
E   AssertionError: run run_3054a9378e did not reach {'awaiting_approval'}; last={'id': 'run_3054a9378e', 'label': 'living_editor · 1 target(s)', 'mode': 'living_editor', 'style': None, 'targets': [{'kind': 'zone', 'zone_id': 'plaza'}], 'settings': {'founder_max': False, 'stop_score': 90, 'max_attempts': 3, 'repair_cycles': 2, 'reviewer': True, 'dry_run': False, 'mock': True}, 'request': 'add a test kiosk', 'status': 'failed', 'stage': 'done', 'stages_done': 5, 'score': 0, 'cycles': 2, 'stage_history': [{'stage': 'build', 'note': 'Deterministic proposer built 1 ops (provider: local, 0 credits)', 'at': '2026-08-12T02:34:29.468439+00:00'}, {'stage': 'review', 'note': 'Heuristic schema score 88 (55 issue(s)) · independent reviewer pass agreed (88)', 'at': '2026-08-12T02:34:30.473835+00:00', 'score': 88}, {'stage': 'compare', 'note': 'Diff vs draft: +1 ~0 -0 across 1 target(s)', 'at': '2026-08-12T02:34:31.476834+00:00'}, {'stage': 'improve', 'note': 'Repair cycle 1/2 → score 0', 'at': '2026-08-12T02:34:32.480293+00:00', 'score': 0}, {'stage': 'improve', 'note': 'Repair cycle 2/2 → score 0', 'at': '2026-08-12T02:34:33.484093+00:00', 'score': 0}, {'stage': 'verify', 'note': 'FAILED final validation: ops must be a list of 1-40 operations', 'at': '2026-08-12T02:34:34.487728+00:00'}], 'diff': {'ops_count': 1, 'adds': 1, 'updates': 0, 'removes': 0, 'targets': 1}, 'result': None, 'provider_usage': {'orai_calls': 0, 'openai_calls': 0, 'meshy_calls': 0}, 'control': None, 'created_by': 'stealth', 'created_at': '2026-08-12T02:34:29.463542+00:00', 'updated_at': '2026-08-12T02:34:34.488140+00:00', 'heartbeat': 1786502074.4881427}</failure></testcase><testcase classname="tests.test_nexus_magic.TestSaveVersionAndAudit" name="test_save_version_and_rollback" time="0.219" /><testcase classname="tests.test_nexus_magic.TestSaveVersionAndAudit" name="test_audit_has_magic_actions" time="0.052" /><testcase classname="tests.test_nexus_phase1.TestPublicWorld" name="test_public_unauth" time="0.159" /><testcase classname="tests.test_nexus_phase1.TestPublicWorld" name="test_world_requires_auth" time="0.044" /><testcase classname="tests.test_nexus_phase1.TestPublicWorld" name="test_world_published_ok_for_member" time="0.385" /><testcase classname="tests.test_nexus_phase1.TestPublicWorld" name="test_world_draft_forbidden_for_member" time="0.049" /><testcase classname="tests.test_nexus_phase1.TestPublicWorld" name="test_world_draft_ok_for_founder" time="0.486" /><testcase classname="tests.test_nexus_phase1.TestAdminGate" name="test_member_forbidden[/nexus/admin/ops-POST-body0]" time="0.047" /><testcase classname="tests.test_nexus_phase1.TestAdminGate" name="test_member_forbidden[/nexus/admin/publish-POST-body1]" time="0.058" /><testcase classname="tests.test_nexus_phase1.TestAdminGate" name="test_member_forbidden[/nexus/admin/versions-GET-None]" time="0.050" /><testcase classname="tests.test_nexus_phase1.TestAdminGate" name="test_member_forbidden[/nexus/admin/rollback-POST-body3]" time="0.051" /><testcase classname="tests.test_nexus_phase1.TestAdminGate" name="test_member_forbidden[/nexus/admin/audit-GET-None]" time="0.051" /><testcase classname="tests.test_nexus_phase1.TestAdminGate" name="test_member_forbidden[/nexus/orai/propose-POST-body5]" time="0.052" /><testcase classname="tests.test_nexus_phase1.TestAdminGate" name="test_member_forbidden[/nexus/orai/decide-POST-body6]" time="0.054" /><testcase classname="tests.test_nexus_phase1.TestAdminGate" name="test_member_forbidden[/nexus/orai/proposals-GET-None]" time="0.049" /><testcase classname="tests.test_nexus_phase1.TestPresence" name="test_out_of_bounds_400" time="0.257" /><testcase classname="tests.test_nexus_phase1.TestPresence" name="test_unknown_zone_400" time="0.260" /><testcase classname="tests.test_nexus_phase1.TestPresence" name="test_rate_limit_429" time="0.326" /><testcase classname="tests.test_nexus_phase1.TestPresence" name="test_teleport_snapback" time="0.580" /><testcase classname="tests.test_nexus_phase1.TestPresence" name="test_two_users_see_each_other" time="0.509" /><testcase classname="tests.test_nexus_phase1.TestPosition" name="test_save_and_get" time="0.097" /><testcase classname="tests.test_nexus_phase1.TestPosition" name="test_save_bad_400" time="0.049" /><testcase classname="tests.test_nexus_phase1.TestAdminOps" name="test_full_flow" time="0.745" /><testcase classname="tests.test_nexus_phase1.TestAdminOps" name="test_rollback_missing_snapshot_404" time="0.054" /><testcase classname="tests.test_nexus_phase1.TestORAi" name="test_proposals_list" time="0.079" /></testsuite></testsuites>