<?xml version="1.0" encoding="utf-8"?><testsuites name="pytest tests"><testsuite name="pytest" errors="0" failures="0" skipped="0" tests="24" time="18.712" timestamp="2026-08-10T23:53:04.892738+00:00" hostname="agent-env-202f2836-c5ea-402c-ad2b-a32e7c42aed9"><testcase classname="backend.tests.test_nexus_phase1.TestPublicWorld" name="test_public_unauth" time="0.194" /><testcase classname="backend.tests.test_nexus_phase1.TestPublicWorld" name="test_world_requires_auth" time="0.087" /><testcase classname="backend.tests.test_nexus_phase1.TestPublicWorld" name="test_world_published_ok_for_member" time="0.450" /><testcase classname="backend.tests.test_nexus_phase1.TestPublicWorld" name="test_world_draft_forbidden_for_member" time="0.072" /><testcase classname="backend.tests.test_nexus_phase1.TestPublicWorld" name="test_world_draft_ok_for_founder" time="0.379" /><testcase classname="backend.tests.test_nexus_phase1.TestAdminGate" name="test_member_forbidden[/nexus/admin/ops-POST-body0]" time="0.063" /><testcase classname="backend.tests.test_nexus_phase1.TestAdminGate" name="test_member_forbidden[/nexus/admin/publish-POST-body1]" time="0.060" /><testcase classname="backend.tests.test_nexus_phase1.TestAdminGate" name="test_member_forbidden[/nexus/admin/versions-GET-None]" time="0.068" /><testcase classname="backend.tests.test_nexus_phase1.TestAdminGate" name="test_member_forbidden[/nexus/admin/rollback-POST-body3]" time="0.070" /><testcase classname="backend.tests.test_nexus_phase1.TestAdminGate" name="test_member_forbidden[/nexus/admin/audit-GET-None]" time="0.094" /><testcase classname="backend.tests.test_nexus_phase1.TestAdminGate" name="test_member_forbidden[/nexus/orai/propose-POST-body5]" time="0.062" /><testcase classname="backend.tests.test_nexus_phase1.TestAdminGate" name="test_member_forbidden[/nexus/orai/decide-POST-body6]" time="0.086" /><testcase classname="backend.tests.test_nexus_phase1.TestAdminGate" name="test_member_forbidden[/nexus/orai/proposals-GET-None]" time="0.057" /><testcase classname="backend.tests.test_nexus_phase1.TestPresence" name="test_out_of_bounds_400" time="0.253" /><testcase classname="backend.tests.test_nexus_phase1.TestPresence" name="test_unknown_zone_400" time="0.249" /><testcase classname="backend.tests.test_nexus_phase1.TestPresence" name="test_rate_limit_429" time="0.409" /><testcase classname="backend.tests.test_nexus_phase1.TestPresence" name="test_teleport_snapback" time="0.553" /><testcase classname="backend.tests.test_nexus_phase1.TestPresence" name="test_two_users_see_each_other" time="0.510" /><testcase classname="backend.tests.test_nexus_phase1.TestPosition" name="test_save_and_get" time="0.113" /><testcase classname="backend.tests.test_nexus_phase1.TestPosition" name="test_save_bad_400" time="0.060" /><testcase classname="backend.tests.test_nexus_phase1.TestAdminOps" name="test_full_flow" time="0.470" /><testcase classname="backend.tests.test_nexus_phase1.TestAdminOps" name="test_rollback_missing_snapshot_404" time="0.045" /><testcase classname="backend.tests.test_nexus_phase1.TestORAi" name="test_propose_reject_then_approve" time="14.187" /><testcase classname="backend.tests.test_nexus_phase1.TestORAi" name="test_proposals_list" time="0.051" /></testsuite></testsuites>