<?xml version="1.0" encoding="utf-8"?><testsuites name="pytest tests"><testsuite name="pytest" errors="0" failures="0" skipped="0" tests="7" time="1.906" timestamp="2026-08-13T06:32:32.769327+00:00" hostname="agent-env-202f2836-c5ea-402c-ad2b-a32e7c42aed9"><testcase classname="backend.tests.test_nexus_mobile_p0_iter147" name="test_login_ok" time="0.538" /><testcase classname="backend.tests.test_nexus_mobile_p0_iter147" name="test_world_version_and_ktx2" time="0.059" /><testcase classname="backend.tests.test_nexus_mobile_p0_iter147" name="test_avatars_collection" time="0.055" /><testcase classname="backend.tests.test_nexus_mobile_p0_iter147" name="test_nexus_public" time="0.161" /><testcase classname="backend.tests.test_nexus_mobile_p0_iter147" name="test_nexus_join" time="0.057" /><testcase classname="backend.tests.test_nexus_mobile_p0_iter147" name="test_one_ktx2_glb_fetch" time="0.713" /><testcase classname="backend.tests.test_nexus_mobile_p0_iter147" name="test_basis_transcoder_assets_served" time="0.279" /></testsuite></testsuites>