<?xml version="1.0" encoding="utf-8"?><testsuites name="pytest tests"><testsuite name="pytest" errors="0" failures="1" skipped="0" tests="16" time="15.159" timestamp="2026-08-12T02:36:06.203949+00:00" hostname="agent-env-202f2836-c5ea-402c-ad2b-a32e7c42aed9"><testcase classname="tests.test_nexus_central_iter143.TestWorld" name="test_published_world_has_nexus_central" time="0.541" /><testcase classname="tests.test_nexus_central_iter143.TestWorld" name="test_meta_default_zone_and_starter_avatar" time="0.066" /><testcase classname="tests.test_nexus_central_iter143.TestAvatars" name="test_list_shows_starter_m_and_f" time="0.399" /><testcase classname="tests.test_nexus_central_iter143.TestAvatars" name="test_select_persists_and_restore" time="0.269" /><testcase classname="tests.test_nexus_central_iter143.TestAvatars" name="test_admin_avatars_founder_gate" time="0.161" /><testcase classname="tests.test_nexus_central_iter143.TestAssetStudio" name="test_founder_only_endpoints" time="0.200" /><testcase classname="tests.test_nexus_central_iter143.TestAssetStudio" name="test_upload_invalid_base64" time="0.050" /><testcase classname="tests.test_nexus_central_iter143.TestPresenceChat" name="test_presence_includes_avatar_url_and_pv_and_chats" time="0.208" /><testcase classname="tests.test_nexus_central_iter143.TestPresenceChat" name="test_out_of_bounds_rejected" time="0.203" /><testcase classname="tests.test_nexus_central_iter143.TestPresenceChat" name="test_chat_requires_in_world" time="0.197" /><testcase classname="tests.test_nexus_central_iter143.TestPresenceChat" name="test_chat_rate_limit_and_truncation" time="0.476" /><testcase classname="tests.test_nexus_central_iter143.TestPresenceChat" name="test_chat_radius_excludes_far_player" time="4.732" /><testcase classname="tests.test_nexus_central_iter143.TestPresenceChat" name="test_chat_visible_within_radius" time="4.724"><failure message="AssertionError: assert 'NEAR_TEST_1786502178' in []">tests/test_nexus_central_iter143.py:178: in test_chat_visible_within_radius
    assert marker in [c["text"] for c in r2.json()["chats"]]
E   AssertionError: assert 'NEAR_TEST_1786502178' in []</failure></testcase><testcase classname="tests.test_nexus_central_iter143.TestPositionSave" name="test_save_zone_and_restore" time="0.106" /><testcase classname="tests.test_nexus_central_iter143.TestPositionSave" name="test_save_bad_position" time="0.048" /><testcase classname="tests.test_nexus_central_iter143.TestTeleport" name="test_teleport_snapped_back" time="2.706" /></testsuite></testsuites>