<?xml version="1.0" encoding="utf-8"?><testsuites name="pytest tests"><testsuite name="pytest" errors="0" failures="0" skipped="0" tests="26" time="34.129" timestamp="2026-08-11T00:42:03.905797+00:00" hostname="agent-env-202f2836-c5ea-402c-ad2b-a32e7c42aed9"><testcase classname="backend.tests.test_nexus_magic.TestFounderGate" name="test_member_forbidden[GET-/nexus/magic/config-None]" time="0.541" /><testcase classname="backend.tests.test_nexus_magic.TestFounderGate" name="test_member_forbidden[GET-/nexus/magic/runs-None]" time="0.079" /><testcase classname="backend.tests.test_nexus_magic.TestFounderGate" name="test_member_forbidden[GET-/nexus/magic/variants-None]" time="0.049" /><testcase classname="backend.tests.test_nexus_magic.TestFounderGate" name="test_member_forbidden[GET-/nexus/admin/presence-None]" time="0.051" /><testcase classname="backend.tests.test_nexus_magic.TestFounderGate" name="test_member_forbidden[POST-/nexus/magic/estimate-body4]" time="0.050" /><testcase classname="backend.tests.test_nexus_magic.TestFounderGate" name="test_member_forbidden[POST-/nexus/magic/start-body5]" time="0.051" /><testcase classname="backend.tests.test_nexus_magic.TestFounderGate" name="test_member_forbidden[POST-/nexus/magic/control-all-body6]" time="0.049" /><testcase classname="backend.tests.test_nexus_magic.TestFounderGate" name="test_member_forbidden[POST-/nexus/admin/save-version-body7]" time="0.047" /><testcase classname="backend.tests.test_nexus_magic.TestFounderGate" name="test_founder_ok_config" time="0.381" /><testcase classname="backend.tests.test_nexus_magic.TestEstimate" name="test_estimate_improve_draft_zero_credits" time="0.102" /><testcase classname="backend.tests.test_nexus_magic.TestEstimate" name="test_estimate_unknown_mode_400" time="0.050" /><testcase classname="backend.tests.test_nexus_magic.TestEstimate" name="test_estimate_invalid_target_400" time="0.100" /><testcase classname="backend.tests.test_nexus_magic.TestImproveDraftLifecycle" name="test_full_run_and_approve_draft_only" time="3.737" /><testcase classname="backend.tests.test_nexus_magic.TestControl" name="test_pause_resume" time="6.394" /><testcase classname="backend.tests.test_nexus_magic.TestControl" name="test_stop_and_control_all" time="1.860" /><testcase classname="backend.tests.test_nexus_magic.TestCloneVariant" name="test_clone_and_load" time="3.812" /><testcase classname="backend.tests.test_nexus_magic.TestDryRun" name="test_dry_run_completes_not_appliable" time="3.613" /><testcase classname="backend.tests.test_nexus_magic.TestFounderMax" name="test_founder_max_accepts_higher_stop" time="0.060" /><testcase classname="backend.tests.test_nexus_magic.TestFounderMax" name="test_normal_clamps_stop_score" time="0.060" /><testcase classname="backend.tests.test_nexus_magic.TestStyles" name="test_animation_portal_spin_fast" time="3.678" /><testcase classname="backend.tests.test_nexus_magic.TestStyles" name="test_animation_unsupported_400" time="0.108" /><testcase classname="backend.tests.test_nexus_magic.TestStyles" name="test_runtime_neon_dusk" time="4.452" /><testcase classname="backend.tests.test_nexus_magic.TestStyles" name="test_runtime_unsupported_400" time="0.048" /><testcase classname="backend.tests.test_nexus_magic.TestLivingEditorMock" name="test_living_editor_mock_adds_entity" time="4.424" /><testcase classname="backend.tests.test_nexus_magic.TestSaveVersionAndAudit" name="test_save_version_and_rollback" time="0.214" /><testcase classname="backend.tests.test_nexus_magic.TestSaveVersionAndAudit" name="test_audit_has_magic_actions" time="0.051" /></testsuite></testsuites>