<?xml version="1.0" encoding="utf-8"?><testsuites name="pytest tests"><testsuite name="pytest" errors="0" failures="0" skipped="0" tests="15" time="7.021" timestamp="2026-08-04T02:37:40.915276+00:00" hostname="agent-env-202f2836-c5ea-402c-ad2b-a32e7c42aed9"><testcase classname="backend.tests.test_orai_projects_iter120" name="test_capabilities_requires_auth" time="0.254" /><testcase classname="backend.tests.test_orai_projects_iter120" name="test_capabilities_non_founder_forbidden" time="0.448" /><testcase classname="backend.tests.test_orai_projects_iter120" name="test_capabilities_founder_ok_and_no_secrets" time="0.427" /><testcase classname="backend.tests.test_orai_projects_iter120" name="test_tools_and_presets" time="0.058" /><testcase classname="backend.tests.test_orai_projects_iter120" name="test_suggestions_shape" time="0.057" /><testcase classname="backend.tests.test_orai_projects_iter120" name="test_estimate_changes_with_image_count" time="0.169" /><testcase classname="backend.tests.test_orai_projects_iter120" name="test_estimate_video_uses_price_table" time="0.070" /><testcase classname="backend.tests.test_orai_projects_iter120" name="test_estimate_existing_sound_zero_cost" time="0.054" /><testcase classname="backend.tests.test_orai_projects_iter120" name="test_sounds_eligible_filters_private" time="0.066" /><testcase classname="backend.tests.test_orai_projects_iter120" name="test_course_without_center_blocks_validation_and_approve" time="0.279" /><testcase classname="backend.tests.test_orai_projects_iter120" name="test_video_bad_seconds_blocked" time="0.163" /><testcase classname="backend.tests.test_orai_projects_iter120" name="test_tiny_text_generation_completes" time="3.294" /><testcase classname="backend.tests.test_orai_projects_iter120" name="test_double_approve_idempotent" time="1.288" /><testcase classname="backend.tests.test_orai_projects_iter120" name="test_history_and_library_return_data" time="0.109" /><testcase classname="backend.tests.test_orai_projects_iter120" name="test_member_cannot_access_history" time="0.226" /></testsuite></testsuites>