<?xml version="1.0" encoding="utf-8"?><testsuites name="pytest tests"><testsuite name="pytest" errors="0" failures="0" skipped="0" tests="7" time="3.199" timestamp="2026-06-23T21:58:02.399432+00:00" hostname="agent-env-202f2836-c5ea-402c-ad2b-a32e7c42aed9"><testcase classname="backend.tests.test_p3_p4_threads_and_community_msg.TestThreadsPinUnpin" name="test_pin_moves_thread_to_top" time="0.593" /><testcase classname="backend.tests.test_p3_p4_threads_and_community_msg.TestThreadsPinUnpin" name="test_unpin_clears_flag" time="0.116" /><testcase classname="backend.tests.test_p3_p4_threads_and_community_msg.TestThreadDeleteAndRevive" name="test_delete_hides_only_for_deleter" time="0.562" /><testcase classname="backend.tests.test_p3_p4_threads_and_community_msg.TestThreadDeleteAndRevive" name="test_thread_revives_on_new_peer_message" time="1.309" /><testcase classname="backend.tests.test_p3_p4_threads_and_community_msg.TestCommunityMessageEditDelete" name="test_edit_updates_body_and_sets_edited_at" time="0.158" /><testcase classname="backend.tests.test_p3_p4_threads_and_community_msg.TestCommunityMessageEditDelete" name="test_delete_removes_from_listing" time="0.212" /><testcase classname="backend.tests.test_p3_p4_threads_and_community_msg.TestCommunityMessageEditDelete" name="test_non_author_normal_member_gets_403" time="0.203" /></testsuite></testsuites>