<?xml version="1.0" encoding="utf-8"?><testsuites name="pytest tests"><testsuite name="pytest" errors="0" failures="0" skipped="0" tests="10" time="1.926" timestamp="2026-06-17T13:55:48.547090+00:00" hostname="agent-env-202f2836-c5ea-402c-ad2b-a32e7c42aed9"><testcase classname="backend.tests.test_phase_d_composer.TestPostsNewFields" name="test_create_post_with_image_urls_only_is_valid" time="0.680" /><testcase classname="backend.tests.test_phase_d_composer.TestPostsNewFields" name="test_create_sound_post_persists_all_sound_fields" time="0.269" /><testcase classname="backend.tests.test_phase_d_composer.TestPostsNewFields" name="test_create_post_with_only_image_urls_no_other_fields" time="0.142" /><testcase classname="backend.tests.test_phase_d_composer.TestPostsEmptyValidation" name="test_completely_empty_post_returns_400" time="0.128" /><testcase classname="backend.tests.test_phase_d_composer.TestPostsEmptyValidation" name="test_whitespace_only_content_returns_400" time="0.101" /><testcase classname="backend.tests.test_phase_d_composer.TestPostsEmptyValidation" name="test_empty_image_urls_array_still_empty_post" time="0.096" /><testcase classname="backend.tests.test_phase_d_composer.TestSoundFileServing" name="test_full_get_returns_200_with_accept_ranges" time="0.107" /><testcase classname="backend.tests.test_phase_d_composer.TestSoundFileServing" name="test_range_request_accept_ranges_header" time="0.113" /><testcase classname="backend.tests.test_phase_d_composer.TestSoundFileServing" name="test_missing_sound_file_returns_404" time="0.108" /><testcase classname="backend.tests.test_phase_d_composer.TestSoundFileServing" name="test_invalid_filename_returns_400" time="0.139" /></testsuite></testsuites>