<?xml version="1.0" encoding="utf-8"?><testsuites name="pytest tests"><testsuite name="pytest" errors="0" failures="0" skipped="0" tests="11" time="7.038" timestamp="2026-06-17T06:16:23.265104+00:00" hostname="agent-env-202f2836-c5ea-402c-ad2b-a32e7c42aed9"><testcase classname="backend.tests.test_phase8_faq_counter.TestSupportPassword" name="test_support_login_with_default_password" time="0.587" /><testcase classname="backend.tests.test_phase8_faq_counter.TestTicketCounter" name="test_monotonic_ticket_numbers_across_fresh_users" time="2.208" /><testcase classname="backend.tests.test_phase8_faq_counter.TestTicketCounter" name="test_idempotent_for_same_user" time="0.528" /><testcase classname="backend.tests.test_phase8_faq_counter.TestFAQ" name="test_public_faq_no_auth" time="0.788" /><testcase classname="backend.tests.test_phase8_faq_counter.TestFAQ" name="test_admin_create_requires_admin" time="0.108" /><testcase classname="backend.tests.test_phase8_faq_counter.TestFAQ" name="test_admin_create_and_auto_order_index" time="0.227" /><testcase classname="backend.tests.test_phase8_faq_counter.TestFAQ" name="test_admin_patch_and_persistence" time="0.307" /><testcase classname="backend.tests.test_phase8_faq_counter.TestFAQ" name="test_unpublish_hides_from_public_but_keeps_in_admin" time="0.510" /><testcase classname="backend.tests.test_phase8_faq_counter.TestFAQ" name="test_validation_length_caps" time="0.193" /><testcase classname="backend.tests.test_phase8_faq_counter.TestFAQ" name="test_admin_delete" time="0.601" /><testcase classname="backend.tests.test_phase8_faq_counter.TestFAQ" name="test_support_admin_can_crud" time="0.923" /></testsuite></testsuites>