<?xml version="1.0" encoding="utf-8"?><testsuites name="pytest tests"><testsuite name="pytest" errors="0" failures="1" skipped="0" tests="15" time="3.566" timestamp="2026-06-16T21:14:15.175960+00:00" hostname="agent-env-202f2836-c5ea-402c-ad2b-a32e7c42aed9"><testcase classname="backend.tests.test_phase2_geo.TestZipCode" name="test_set_valid_zip" time="0.728"><failure message="AssertionError: assert False is True&#10; +  where False = &lt;built-in method get of dict object at 0xf9de4f0789c0&gt;('presence_visible')&#10; +    where &lt;built-in method get of dict object at 0xf9de4f0789c0&gt; = {'avatar_url': 'https://realm-deploy.preview.emergentagent.com/api/images/7dac50fcf8f74a2ebcafaf2471846eb1.jpg', 'bio': '', 'created_at': '2026-06-13T22:03:34.803880+00:00', 'email': 'testfriend1@example.com', ...}.get">backend/tests/test_phase2_geo.py:45: in test_set_valid_zip
    assert u.get("presence_visible") is True
E   AssertionError: assert False is True
E    +  where False = &lt;built-in method get of dict object at 0xf9de4f0789c0&gt;('presence_visible')
E    +    where &lt;built-in method get of dict object at 0xf9de4f0789c0&gt; = {'avatar_url': 'https://realm-deploy.preview.emergentagent.com/api/images/7dac50fcf8f74a2ebcafaf2471846eb1.jpg', 'bio': '', 'created_at': '2026-06-13T22:03:34.803880+00:00', 'email': 'testfriend1@example.com', ...}.get</failure></testcase><testcase classname="backend.tests.test_phase2_geo.TestZipCode" name="test_invalid_zip_returns_400" time="0.135" /><testcase classname="backend.tests.test_phase2_geo.TestZipCode" name="test_get_me_shows_zip" time="0.229" /><testcase classname="backend.tests.test_phase2_geo.TestZipCode" name="test_public_profile_redacts_zip" time="0.111" /><testcase classname="backend.tests.test_phase2_geo.TestZipCode" name="test_clear_zip_with_empty_string" time="0.456" /><testcase classname="backend.tests.test_phase2_geo.TestPresence" name="test_toggle_off" time="0.247" /><testcase classname="backend.tests.test_phase2_geo.TestPresence" name="test_toggle_back_on" time="0.109" /><testcase classname="backend.tests.test_phase2_geo.TestRadius" name="test_post_creation_snapshots_coords" time="0.215" /><testcase classname="backend.tests.test_phase2_geo.TestRadius" name="test_radius_20_with_zip_returns_own_post" time="0.126" /><testcase classname="backend.tests.test_phase2_geo.TestRadius" name="test_radius_without_viewer_zip_returns_400" time="0.105" /><testcase classname="backend.tests.test_phase2_geo.TestRadius" name="test_radius_any_normal" time="0.102" /><testcase classname="backend.tests.test_phase2_geo.TestRadius" name="test_no_radius_normal" time="0.105" /><testcase classname="backend.tests.test_phase2_geo.TestTop8" name="test_add_friend_to_inner8" time="0.639" /><testcase classname="backend.tests.test_phase2_geo.TestTop8" name="test_non_friend_rejected" time="0.103" /><testcase classname="backend.tests.test_phase2_geo.TestTop8" name="test_more_than_8_rejected" time="0.096" /></testsuite></testsuites>