<?xml version="1.0" encoding="utf-8"?><testsuites name="pytest tests"><testsuite name="pytest" errors="0" failures="0" skipped="0" tests="6" time="4.128" timestamp="2026-08-03T22:10:38.291057+00:00" hostname="agent-env-202f2836-c5ea-402c-ad2b-a32e7c42aed9"><testcase classname="backend.tests.test_phase_c_iter116" name="test_public_games_returns_11_published" time="0.717" /><testcase classname="backend.tests.test_phase_c_iter116" name="test_unauth_admin_endpoints_401" time="2.066" /><testcase classname="backend.tests.test_phase_c_iter116" name="test_meta_patch_and_version_bump" time="0.281" /><testcase classname="backend.tests.test_phase_c_iter116" name="test_reroll_audio_music_and_sfx" time="0.455" /><testcase classname="backend.tests.test_phase_c_iter116" name="test_export_import_and_cleanup" time="0.363" /><testcase classname="backend.tests.test_phase_c_iter116" name="test_duplicate_version" time="0.196" /></testsuite></testsuites>