<?xml version="1.0" encoding="utf-8"?><testsuites name="pytest tests"><testsuite name="pytest" errors="0" failures="0" skipped="0" tests="18" time="8.341" timestamp="2026-06-17T12:51:58.696148+00:00" hostname="agent-env-202f2836-c5ea-402c-ad2b-a32e7c42aed9"><testcase classname="backend.tests.test_phase_c_presence.TestNewest" name="test_newest_returns_real_users_sorted_desc" time="0.140" /><testcase classname="backend.tests.test_phase_c_presence.TestNewest" name="test_newest_respects_limit" time="0.107" /><testcase classname="backend.tests.test_phase_c_presence.TestNewest" name="test_newest_limit_clamped" time="0.106" /><testcase classname="backend.tests.test_phase_c_presence.TestTrending" name="test_trending_returns_real_users_sorted_by_followers" time="0.099" /><testcase classname="backend.tests.test_phase_c_presence.TestUserStatus" name="test_patch_status_accepts_live" time="0.413" /><testcase classname="backend.tests.test_phase_c_presence.TestUserStatus" name="test_patch_status_accepts_online" time="0.375" /><testcase classname="backend.tests.test_phase_c_presence.TestUserStatus" name="test_patch_status_accepts_invisible" time="0.370" /><testcase classname="backend.tests.test_phase_c_presence.TestUserStatus" name="test_patch_status_rejects_invalid" time="0.365" /><testcase classname="backend.tests.test_phase_c_presence.TestUserStatus" name="test_patch_status_rejects_messenger" time="0.373" /><testcase classname="backend.tests.test_phase_c_presence.TestUserStatus" name="test_patch_status_rejects_offline" time="0.369" /><testcase classname="backend.tests.test_phase_c_presence.TestPresenceFriends" name="test_friends_list_shape" time="0.369" /><testcase classname="backend.tests.test_phase_c_presence.TestPresenceFriends" name="test_friends_sorted_by_status_priority" time="0.375" /><testcase classname="backend.tests.test_phase_c_presence.TestPresenceMe" name="test_returns_status_and_public_status" time="0.417" /><testcase classname="backend.tests.test_phase_c_presence.TestAuthMeSerializer" name="test_includes_presence_fields" time="0.381" /><testcase classname="backend.tests.test_phase_c_presence" name="test_ws_hello_heartbeat_and_set" time="1.082" /><testcase classname="backend.tests.test_phase_c_presence" name="test_ws_invalid_token_closes" time="0.228" /><testcase classname="backend.tests.test_phase_c_presence" name="test_ws_two_account_presence_update" time="1.605" /><testcase classname="backend.tests.test_phase_c_presence" name="test_ws_messenger_focus" time="1.106" /></testsuite></testsuites>