<?xml version="1.0" encoding="utf-8"?><testsuites name="pytest tests"><testsuite name="pytest" errors="0" failures="2" skipped="0" tests="17" time="7.356" timestamp="2026-06-16T19:48:57.287988+00:00" hostname="agent-env-202f2836-c5ea-402c-ad2b-a32e7c42aed9"><testcase classname="backend.tests.test_phase1_features.TestStealthPasswordLogin" name="test_login_by_username_stealth" time="0.475" /><testcase classname="backend.tests.test_phase1_features.TestStealthPasswordLogin" name="test_login_by_email_stealth" time="0.332" /><testcase classname="backend.tests.test_phase1_features.TestStealthPasswordLogin" name="test_me_returns_stealth_after_login" time="0.390" /><testcase classname="backend.tests.test_phase1_features.TestStealthPasswordLogin" name="test_login_bad_password" time="0.403" /><testcase classname="backend.tests.test_phase1_features.TestOtpCoexists" name="test_otp_request_and_verify_stealth" time="0.161" /><testcase classname="backend.tests.test_phase1_features.TestComplianceGate" name="test_register_missing_all_flags_400" time="0.122" /><testcase classname="backend.tests.test_phase1_features.TestComplianceGate" name="test_register_missing_one_flag_400" time="0.106" /><testcase classname="backend.tests.test_phase1_features.TestComplianceGate" name="test_register_with_all_flags_ok" time="0.335" /><testcase classname="backend.tests.test_phase1_features.TestPostMediaUrls" name="test_create_post_with_image_and_link" time="0.460" /><testcase classname="backend.tests.test_phase1_features.TestPostMediaUrls" name="test_create_post_with_all_three_urls" time="0.389" /><testcase classname="backend.tests.test_phase1_features.TestLikeToggle" name="test_like_unlike_idempotent" time="0.571" /><testcase classname="backend.tests.test_phase1_features.TestComments" name="test_comment_178_ok" time="0.465" /><testcase classname="backend.tests.test_phase1_features.TestComments" name="test_comment_179_rejected" time="0.477" /><testcase classname="backend.tests.test_phase1_features.TestComments" name="test_comment_emoji_roundtrip" time="0.490" /><testcase classname="backend.tests.test_phase1_features.TestComments" name="test_comment_empty_400" time="0.442" /><testcase classname="backend.tests.test_phase1_features.TestNotificationPostIdPayload" name="test_like_notification_carries_post_id" time="0.818"><failure message="AssertionError: {&quot;detail&quot;:&quot;Not Found&quot;}&#10;assert 404 == 200&#10; +  where 404 = &lt;Response [404]&gt;.status_code">backend/tests/test_phase1_features.py:251: in test_like_notification_carries_post_id
    assert notifs.status_code == 200, notifs.text
E   AssertionError: {"detail":"Not Found"}
E   assert 404 == 200
E    +  where 404 = &lt;Response [404]&gt;.status_code</failure></testcase><testcase classname="backend.tests.test_phase1_features.TestNotificationPostIdPayload" name="test_comment_notification_carries_post_id" time="0.839"><failure message="assert 404 == 200&#10; +  where 404 = &lt;Response [404]&gt;.status_code">backend/tests/test_phase1_features.py:269: in test_comment_notification_carries_post_id
    assert notifs.status_code == 200
E   assert 404 == 200
E    +  where 404 = &lt;Response [404]&gt;.status_code</failure></testcase></testsuite></testsuites>