<?xml version="1.0" encoding="utf-8"?><testsuites name="pytest tests"><testsuite name="pytest" errors="0" failures="1" skipped="0" tests="13" time="19.510" timestamp="2026-08-03T23:06:28.423389+00:00" hostname="agent-env-202f2836-c5ea-402c-ad2b-a32e7c42aed9"><testcase classname="tests.test_phase_c_iter117" name="test_estimate_routes_to_new_runtime[a roguelike dungeon crawler with permadeath and run upgrades-roguelike]" time="4.293" /><testcase classname="tests.test_phase_c_iter117" name="test_estimate_routes_to_new_runtime[an idle clicker factory game with prestige-idle]" time="3.585" /><testcase classname="tests.test_phase_c_iter117" name="test_estimate_routes_to_new_runtime[a branching visual novel dating sim-visual_novel]" time="3.561" /><testcase classname="tests.test_phase_c_iter117" name="test_estimate_routes_to_new_runtime[a relaxing fishing game with rare fish-fishing]" time="3.655" /><testcase classname="tests.test_phase_c_iter117" name="test_estimate_routes_to_new_runtime[a turn-based tactics squad battle game-tactics]" time="4.192" /><testcase classname="tests.test_phase_c_iter117" name="test_validate_spec_roguelike_ok_and_bad" time="0.077" /><testcase classname="tests.test_phase_c_iter117" name="test_validate_spec_tactics_ok_and_bad" time="0.000" /><testcase classname="tests.test_phase_c_iter117" name="test_validate_spec_idle_ok_and_bad" time="0.000" /><testcase classname="tests.test_phase_c_iter117" name="test_validate_spec_visual_novel_ok_and_bad" time="0.000" /><testcase classname="tests.test_phase_c_iter117" name="test_validate_spec_fishing_ok_and_bad" time="0.000" /><testcase classname="tests.test_phase_c_iter117" name="test_runtimes_catalog_has_21_and_no_scaffolded" time="0.000" /><testcase classname="tests.test_phase_c_iter117" name="test_player_reps_covers_new_runtimes" time="0.000"><failure message="AssertionError: PLAYER_REPS missing entries for new runtimes: ['roguelike', 'tactics', 'idle', 'visual_novel', 'fishing']&#10;assert not ['roguelike', 'tactics', 'idle', 'visual_novel', 'fishing']">tests/test_phase_c_iter117.py:163: in test_player_reps_covers_new_runtimes
    assert not missing, f"PLAYER_REPS missing entries for new runtimes: {missing}"
E   AssertionError: PLAYER_REPS missing entries for new runtimes: ['roguelike', 'tactics', 'idle', 'visual_novel', 'fishing']
E   assert not ['roguelike', 'tactics', 'idle', 'visual_novel', 'fishing']</failure></testcase><testcase classname="tests.test_phase_c_iter117" name="test_public_games_hub_no_runtime_test_leak" time="0.074" /></testsuite></testsuites>