<?xml version="1.0" encoding="utf-8"?><testsuites name="pytest tests"><testsuite name="pytest" errors="0" failures="0" skipped="0" tests="7" time="4.144" timestamp="2026-06-17T07:58:22.365901+00:00" hostname="agent-env-202f2836-c5ea-402c-ad2b-a32e7c42aed9"><testcase classname="backend.tests.test_phase5_share_video.TestVideoPost" name="test_create_youtube_video_post_and_fetch" time="0.443" /><testcase classname="backend.tests.test_phase5_share_video.TestPostShareDM" name="test_send_post_share_dm_and_recipient_sees_it" time="0.907" /><testcase classname="backend.tests.test_phase5_share_video.TestPostShareDM" name="test_post_share_with_url_optional_omitted" time="0.743" /><testcase classname="backend.tests.test_phase5_share_video.TestDMMediaRegression" name="test_image_media_still_accepted" time="0.374" /><testcase classname="backend.tests.test_phase5_share_video.TestDMMediaRegression" name="test_link_media_still_accepted" time="0.367" /><testcase classname="backend.tests.test_phase5_share_video.TestFriendPayloadShape" name="test_friend_status_endpoint_present" time="0.364" /><testcase classname="backend.tests.test_phase5_share_video.TestFriendPayloadShape" name="test_friend_request_accept_payload_shape" time="0.901" /></testsuite></testsuites>