<?xml version="1.0" encoding="utf-8"?><testsuites name="pytest tests"><testsuite name="pytest" errors="0" failures="0" skipped="0" tests="16" time="3.945" timestamp="2026-06-24T03:53:50.733221+00:00" hostname="agent-env-202f2836-c5ea-402c-ad2b-a32e7c42aed9"><testcase classname="backend.tests.test_widget_phase2a.TestSchemaAndTemplates" name="test_schema_payload" time="0.449" /><testcase classname="backend.tests.test_widget_phase2a.TestSchemaAndTemplates" name="test_templates_list_10" time="0.097" /><testcase classname="backend.tests.test_widget_phase2a.TestStealthGate" name="test_from_template_stealth_200" time="0.093" /><testcase classname="backend.tests.test_widget_phase2a.TestStealthGate" name="test_from_template_support_403" time="0.426" /><testcase classname="backend.tests.test_widget_phase2a.TestStealthGate" name="test_direct_create_support_403" time="0.092" /><testcase classname="backend.tests.test_widget_phase2a.TestStealthGate" name="test_clone_support_403" time="0.093" /><testcase classname="backend.tests.test_widget_phase2a.TestPatchGate" name="test_support_patch_name_403" time="0.109" /><testcase classname="backend.tests.test_widget_phase2a.TestPatchGate" name="test_support_patch_sort_order_200" time="0.110" /><testcase classname="backend.tests.test_widget_phase2a.TestPatchGate" name="test_support_patch_status_200_and_launch_disable" time="0.298" /><testcase classname="backend.tests.test_widget_phase2a.TestVersioning" name="test_patch_snapshots_version" time="0.304" /><testcase classname="backend.tests.test_widget_phase2a.TestVersioning" name="test_rollback_restores_snapshot" time="0.314" /><testcase classname="backend.tests.test_widget_phase2a.TestRegistryRead" name="test_draft_returns_404" time="0.582" /><testcase classname="backend.tests.test_widget_phase2a.TestEditorConfigValidation" name="test_bad_layout_400" time="0.091" /><testcase classname="backend.tests.test_widget_phase2a.TestEditorConfigValidation" name="test_unknown_field_type_400" time="0.111" /><testcase classname="backend.tests.test_widget_phase2a.TestEditorConfigValidation" name="test_dup_field_keys_400" time="0.095" /><testcase classname="backend.tests.test_widget_phase2a.TestPublicAvailableRegression" name="test_available_profile_for_tftwo" time="0.634" /></testsuite></testsuites>