<?xml version="1.0" encoding="utf-8"?><testsuites name="pytest tests"><testsuite name="pytest" errors="0" failures="0" skipped="0" tests="31" time="5.198" timestamp="2026-06-17T07:10:32.373506+00:00" hostname="agent-env-202f2836-c5ea-402c-ad2b-a32e7c42aed9"><testcase classname="backend.tests.test_phase4_reporting.TestCommentsThread" name="test_create_top_level_comment" time="1.293" /><testcase classname="backend.tests.test_phase4_reporting.TestCommentsThread" name="test_reply_to_comment" time="0.455" /><testcase classname="backend.tests.test_phase4_reporting.TestCommentsThread" name="test_reply_to_reply_is_reparented" time="0.049" /><testcase classname="backend.tests.test_phase4_reporting.TestCommentsThread" name="test_list_comments_returns_tree" time="0.043" /><testcase classname="backend.tests.test_phase4_reporting.TestCommentsThread" name="test_like_comment_toggle" time="0.101" /><testcase classname="backend.tests.test_phase4_reporting.TestCommentsThread" name="test_like_unknown_comment_404" time="0.050" /><testcase classname="backend.tests.test_phase4_reporting.TestNotifications" name="test_top_comment_emits_to_post_author" time="0.049" /><testcase classname="backend.tests.test_phase4_reporting.TestNotifications" name="test_reply_emits_to_parent_author" time="0.045" /><testcase classname="backend.tests.test_phase4_reporting.TestNotifications" name="test_comment_like_emits" time="0.491" /><testcase classname="backend.tests.test_phase4_reporting.TestReportPost" name="test_report_post_creates_ticket_and_dm" time="0.091" /><testcase classname="backend.tests.test_phase4_reporting.TestReportPost" name="test_duplicate_report_returns_existing_ticket" time="0.043" /><testcase classname="backend.tests.test_phase4_reporting.TestReportPost" name="test_reporter_received_support_dm" time="0.045" /><testcase classname="backend.tests.test_phase4_reporting.TestReportMessagePrivacy" name="test_report_message_no_moderation_bump" time="0.232" /><testcase classname="backend.tests.test_phase4_reporting.TestScreenshotsCap" name="test_too_many_screenshots_silently_capped_to_8" time="0.183" /><testcase classname="backend.tests.test_phase4_reporting.TestScreenshotsCap" name="test_non_string_screenshots_rejected" time="0.047" /><testcase classname="backend.tests.test_phase4_reporting.TestReasonValidation" name="test_each_reason_accepted[spam]" time="0.093" /><testcase classname="backend.tests.test_phase4_reporting.TestReasonValidation" name="test_each_reason_accepted[harassment]" time="0.102" /><testcase classname="backend.tests.test_phase4_reporting.TestReasonValidation" name="test_each_reason_accepted[hate_speech]" time="0.091" /><testcase classname="backend.tests.test_phase4_reporting.TestReasonValidation" name="test_each_reason_accepted[sexual_content]" time="0.098" /><testcase classname="backend.tests.test_phase4_reporting.TestReasonValidation" name="test_each_reason_accepted[self_harm]" time="0.092" /><testcase classname="backend.tests.test_phase4_reporting.TestReasonValidation" name="test_each_reason_accepted[violence]" time="0.093" /><testcase classname="backend.tests.test_phase4_reporting.TestReasonValidation" name="test_each_reason_accepted[misinformation]" time="0.096" /><testcase classname="backend.tests.test_phase4_reporting.TestReasonValidation" name="test_each_reason_accepted[scam_fraud]" time="0.095" /><testcase classname="backend.tests.test_phase4_reporting.TestReasonValidation" name="test_each_reason_accepted[impersonation]" time="0.092" /><testcase classname="backend.tests.test_phase4_reporting.TestReasonValidation" name="test_each_reason_accepted[privacy_concern]" time="0.101" /><testcase classname="backend.tests.test_phase4_reporting.TestReasonValidation" name="test_each_reason_accepted[other]" time="0.096" /><testcase classname="backend.tests.test_phase4_reporting.TestReasonValidation" name="test_invalid_reason_rejected" time="0.047" /><testcase classname="backend.tests.test_phase4_reporting.TestAdminReportEndpoint" name="test_non_admin_forbidden" time="0.048" /><testcase classname="backend.tests.test_phase4_reporting.TestAdminReportEndpoint" name="test_404_for_ticket_without_report" time="0.180" /><testcase classname="backend.tests.test_phase4_reporting.TestAtomicTicketCounter" name="test_back_to_back_reports_get_monotonic_unique_numbers" time="0.541" /><testcase classname="backend.tests.test_phase4_reporting.TestContentTypeValidation" name="test_unknown_content_type_400" time="0.048" /></testsuite></testsuites>