<?xml version="1.0" encoding="utf-8"?><testsuites name="pytest tests"><testsuite name="pytest" errors="0" failures="1" skipped="0" tests="13" time="5.308" timestamp="2026-06-17T05:46:48.203836+00:00" hostname="agent-env-202f2836-c5ea-402c-ad2b-a32e7c42aed9"><testcase classname="tests.test_phase_b_support.TestTicketsUser" name="test_ensure_creates_ticket_and_dm" time="0.725" /><testcase classname="tests.test_phase_b_support.TestTicketsUser" name="test_ensure_is_idempotent" time="0.207" /><testcase classname="tests.test_phase_b_support.TestTicketsUser" name="test_me_isolation" time="0.667" /><testcase classname="tests.test_phase_b_support.TestAdminTickets" name="test_summary_admin_only" time="0.631" /><testcase classname="tests.test_phase_b_support.TestAdminTickets" name="test_list_filter" time="0.096" /><testcase classname="tests.test_phase_b_support.TestAdminTickets" name="test_update_status_and_subject_triggers_dm" time="0.912" /><testcase classname="tests.test_phase_b_support.TestAdminTickets" name="test_invalid_status_returns_400" time="0.197" /><testcase classname="tests.test_phase_b_support.TestAdminTickets" name="test_non_admin_update_forbidden" time="0.201" /><testcase classname="tests.test_phase_b_support.TestAdminGate" name="test_support_has_full_admin_access" time="0.655" /><testcase classname="tests.test_phase_b_support.TestAdminGate" name="test_regular_user_blocked_everywhere" time="0.320" /><testcase classname="tests.test_phase_b_support.TestSupportProtection" name="test_support_cannot_rename" time="0.097" /><testcase classname="tests.test_phase_b_support.TestSupportProtection" name="test_support_cannot_be_banned" time="0.093"><failure message="KeyError: 'id'">tests/test_phase_b_support.py:171: in test_support_cannot_be_banned
    sid = r.json()["id"]
          ^^^^^^^^^^^^^^
E   KeyError: 'id'</failure></testcase><testcase classname="tests.test_phase_b_support.TestRegisterAutoFriend" name="test_new_user_is_auto_friended_with_support" time="0.444" /></testsuite></testsuites>