<?xml version="1.0" encoding="utf-8"?><testsuites name="pytest tests"><testsuite name="pytest" errors="0" failures="0" skipped="0" tests="17" time="6.240" timestamp="2026-06-13T22:06:49.690618+00:00" hostname="agent-env-202f2836-c5ea-402c-ad2b-a32e7c42aed9"><testcase classname="backend.tests.test_phase2_social.TestUsernameCheck" name="test_username_available" time="0.228" /><testcase classname="backend.tests.test_phase2_social.TestUsernameCheck" name="test_username_reserved" time="0.124" /><testcase classname="backend.tests.test_phase2_social.TestUsernameCheck" name="test_username_taken_stealth" time="0.094" /><testcase classname="backend.tests.test_phase2_social.TestUsernameCheck" name="test_username_invalid_pattern_422" time="0.141" /><testcase classname="backend.tests.test_phase2_social.TestRegister" name="test_register_with_username" time="0.326" /><testcase classname="backend.tests.test_phase2_social.TestRegister" name="test_register_duplicate_username" time="0.405" /><testcase classname="backend.tests.test_phase2_social.TestRegister" name="test_register_invalid_username" time="0.102" /><testcase classname="backend.tests.test_phase2_social.TestAutoFriend" name="test_new_user_has_stealth_in_friends_list" time="0.368" /><testcase classname="backend.tests.test_phase2_social.TestUsersDiscovery" name="test_search_finds_stealth" time="0.097" /><testcase classname="backend.tests.test_phase2_social.TestUsersDiscovery" name="test_featured_includes_stealth_with_widgets" time="0.096" /><testcase classname="backend.tests.test_phase2_social.TestPublicProfile" name="test_get_public_profile_stealth_no_auth" time="0.099" /><testcase classname="backend.tests.test_phase2_social.TestPublicProfile" name="test_public_profile_404" time="0.114" /><testcase classname="backend.tests.test_phase2_social.TestFriendLifecycle" name="test_request_accept_status_flow" time="0.967" /><testcase classname="backend.tests.test_phase2_social.TestFriendLifecycle" name="test_accept_without_pending_400" time="0.695" /><testcase classname="backend.tests.test_phase2_social.TestMessagingFriendsOnly" name="test_non_friend_message_403" time="0.681" /><testcase classname="backend.tests.test_phase2_social.TestMessagingFriendsOnly" name="test_friends_can_message_and_read_thread" time="0.900" /><testcase classname="backend.tests.test_phase2_social.TestMessagingFriendsOnly" name="test_thread_non_friend_403" time="0.747" /></testsuite></testsuites>