<?xml version="1.0" encoding="utf-8"?><testsuites name="pytest tests"><testsuite name="pytest" errors="0" failures="0" skipped="1" tests="12" time="11.084" timestamp="2026-08-03T05:42:25.930254+00:00" hostname="agent-env-202f2836-c5ea-402c-ad2b-a32e7c42aed9"><testcase classname="backend.tests.test_polish_phase.TestFireEconomy" name="test_get_fire_economy" time="0.599" /><testcase classname="backend.tests.test_polish_phase.TestFireEconomy" name="test_patch_rewards_bumps_version" time="0.461" /><testcase classname="backend.tests.test_polish_phase.TestFireEconomy" name="test_patch_refill_and_reset" time="0.313" /><testcase classname="backend.tests.test_polish_phase.TestScoreIdempotency" name="test_score_submit_then_idempotent" time="0.783" /><testcase classname="backend.tests.test_polish_phase.TestClaim" name="test_wallet_and_collect" time="0.120"><skipped type="pytest.skip" message="no collectable balance to claim (already claimed in earlier run)">/app/backend/tests/test_polish_phase.py:120: no collectable balance to claim (already claimed in earlier run)</skipped></testcase><testcase classname="backend.tests.test_polish_phase.TestControls" name="test_get_controls" time="0.101" /><testcase classname="backend.tests.test_polish_phase.TestControls" name="test_keyboard_conflict_400" time="0.118" /><testcase classname="backend.tests.test_polish_phase.TestControls" name="test_both_disabled_400" time="0.100" /><testcase classname="backend.tests.test_polish_phase.TestControls" name="test_left_handed_toggle_bumps_version" time="0.453" /><testcase classname="backend.tests.test_polish_phase.TestDiversity" name="test_similar_estimate_blocks_build" time="3.875" /><testcase classname="backend.tests.test_polish_phase.TestDiversity" name="test_different_estimate_not_blocked" time="3.696" /><testcase classname="backend.tests.test_polish_phase.TestFireInfoGating" name="test_fire_info_enabled_then_paused" time="0.414" /></testsuite></testsuites>