<?xml version="1.0" encoding="utf-8"?><testsuites name="pytest tests"><testsuite name="pytest" errors="0" failures="0" skipped="0" tests="13" time="1.999" timestamp="2026-06-17T01:44:35.783604+00:00" hostname="agent-env-202f2836-c5ea-402c-ad2b-a32e7c42aed9"><testcase classname="backend.tests.test_post_limits_phase5p.TestPostCharacterLimits" name="test_vip_user_600_rejected" time="0.573" /><testcase classname="backend.tests.test_post_limits_phase5p.TestPostCharacterLimits" name="test_vip_user_500_ok" time="0.049" /><testcase classname="backend.tests.test_post_limits_phase5p.TestPostCharacterLimits" name="test_default_unit_cap_300" time="0.168" /><testcase classname="backend.tests.test_post_limits_phase5p.TestPostCharacterLimits" name="test_default_user_200_exact_300" time="0.045" /><testcase classname="backend.tests.test_post_limits_phase5p.TestPostCharacterLimits" name="test_founder_1500_ok" time="0.417" /><testcase classname="backend.tests.test_post_limits_phase5p.TestPostCharacterLimits" name="test_founder_2100_rejected" time="0.048" /><testcase classname="backend.tests.test_post_limits_phase5p.TestPostCharacterLimits" name="test_short_content_regression" time="0.046" /><testcase classname="backend.tests.test_post_limits_phase5p.TestRegression" name="test_upload_limits_me" time="0.046" /><testcase classname="backend.tests.test_post_limits_phase5p.TestRegression" name="test_dashboard_layout" time="0.047" /><testcase classname="backend.tests.test_post_limits_phase5p.TestRegression" name="test_admin_analytics_founder" time="0.055" /><testcase classname="backend.tests.test_post_limits_phase5p.TestRegression" name="test_admin_analytics_non_admin_blocked" time="0.046" /><testcase classname="backend.tests.test_post_limits_phase5p.TestInnerEightPersistence" name="test_patch_and_get_inner8" time="0.231" /><testcase classname="backend.tests.test_post_limits_phase5p.TestInnerEightPersistence" name="test_auth_me_includes_inner_8" time="0.187" /></testsuite></testsuites>