<?xml version="1.0" encoding="utf-8"?><testsuites name="pytest tests"><testsuite name="pytest" errors="0" failures="0" skipped="0" tests="18" time="3.471" timestamp="2026-06-19T03:49:48.656919+00:00" hostname="agent-env-202f2836-c5ea-402c-ad2b-a32e7c42aed9"><testcase classname="backend.tests.test_promote_interest_cards.TestPromote" name="test_promote_music_creates_or_refreshes" time="0.521" /><testcase classname="backend.tests.test_promote_interest_cards.TestPromote" name="test_promote_idempotent" time="0.246" /><testcase classname="backend.tests.test_promote_interest_cards.TestPromote" name="test_promote_crypto_and_memes" time="0.234" /><testcase classname="backend.tests.test_promote_interest_cards.TestPromote" name="test_promote_rejects_non_admin" time="0.421" /><testcase classname="backend.tests.test_promote_interest_cards.TestList" name="test_public_list_no_auth" time="0.102" /><testcase classname="backend.tests.test_promote_interest_cards.TestList" name="test_list_sorted_by_sort_order" time="0.099" /><testcase classname="backend.tests.test_promote_interest_cards.TestReorder" name="test_reorder_music_first_then_crypto" time="0.211" /><testcase classname="backend.tests.test_promote_interest_cards.TestReorder" name="test_reorder_crypto_first" time="0.192" /><testcase classname="backend.tests.test_promote_interest_cards.TestReorder" name="test_reorder_rejects_non_admin" time="0.095" /><testcase classname="backend.tests.test_promote_interest_cards.TestAnalytics" name="test_analytics_window_7d" time="0.126" /><testcase classname="backend.tests.test_promote_interest_cards.TestAnalytics" name="test_analytics_rejects_non_admin" time="0.101" /><testcase classname="backend.tests.test_promote_interest_cards.TestDelete" name="test_delete_rejects_non_admin" time="0.233" /><testcase classname="backend.tests.test_promote_interest_cards.TestDelete" name="test_delete_removes_card" time="0.313" /><testcase classname="backend.tests.test_promote_interest_cards.TestDelete" name="test_delete_unknown_returns_404" time="0.109" /><testcase classname="backend.tests.test_promote_interest_cards.TestDelete" name="test_cleanup_temptag" time="0.099" /><testcase classname="backend.tests.test_promote_interest_cards.TestCopyrightQueue" name="test_queue_founder" time="0.101" /><testcase classname="backend.tests.test_promote_interest_cards.TestCopyrightQueue" name="test_queue_rejects_non_admin" time="0.111" /><testcase classname="backend.tests.test_promote_interest_cards.TestStorageStatus" name="test_storage_status" time="0.104" /></testsuite></testsuites>