<?xml version="1.0" encoding="utf-8"?><testsuites name="pytest tests"><testsuite name="pytest" errors="0" failures="1" skipped="0" tests="20" time="9.954" timestamp="2026-06-12T23:58:00.321168+00:00" hostname="agent-env-202f2836-c5ea-402c-ad2b-a32e7c42aed9"><testcase classname="backend.tests.test_ourrealm_api.TestHealth" name="test_root" time="0.787" /><testcase classname="backend.tests.test_ourrealm_api.TestAuth" name="test_register_new_user" time="0.318"><failure message="AssertionError: assert 'test_user_05...@ourrealm.app' == 'TEST_user_05...@ourrealm.app'&#10;  &#10;  - TEST_user_05fd13ea@ourrealm.app&#10;  ? ^^^^&#10;  + test_user_05fd13ea@ourrealm.app&#10;  ? ^^^^">backend/tests/test_ourrealm_api.py:29: in test_register_new_user
    assert d["user"]["email"] == email
E   AssertionError: assert 'test_user_05...@ourrealm.app' == 'TEST_user_05...@ourrealm.app'
E     
E     - TEST_user_05fd13ea@ourrealm.app
E     ? ^^^^
E     + test_user_05fd13ea@ourrealm.app
E     ? ^^^^</failure></testcase><testcase classname="backend.tests.test_ourrealm_api.TestAuth" name="test_register_duplicate_email_400" time="0.384" /><testcase classname="backend.tests.test_ourrealm_api.TestAuth" name="test_login_admin" time="0.325" /><testcase classname="backend.tests.test_ourrealm_api.TestAuth" name="test_login_wrong_password_401" time="0.592" /><testcase classname="backend.tests.test_ourrealm_api.TestAuth" name="test_lockout_after_5_failures" time="1.722" /><testcase classname="backend.tests.test_ourrealm_api.TestAuth" name="test_me_with_bearer" time="0.417" /><testcase classname="backend.tests.test_ourrealm_api.TestAuth" name="test_me_with_cookie" time="0.363" /><testcase classname="backend.tests.test_ourrealm_api.TestAuth" name="test_me_no_token_401" time="0.097" /><testcase classname="backend.tests.test_ourrealm_api.TestAuth" name="test_logout_clears_cookies" time="0.484" /><testcase classname="backend.tests.test_ourrealm_api.TestAuth" name="test_forgot_password_ok" time="0.194" /><testcase classname="backend.tests.test_ourrealm_api.TestAuth" name="test_reset_password_invalid_token_400" time="0.101" /><testcase classname="backend.tests.test_ourrealm_api.TestProfile" name="test_get_me" time="0.368" /><testcase classname="backend.tests.test_ourrealm_api.TestProfile" name="test_patch_me_persists" time="0.408" /><testcase classname="backend.tests.test_ourrealm_api.TestPosts" name="test_create_post_authenticated" time="0.377" /><testcase classname="backend.tests.test_ourrealm_api.TestPosts" name="test_create_post_unauth_401" time="0.088" /><testcase classname="backend.tests.test_ourrealm_api.TestPosts" name="test_list_posts_newest_first" time="1.586" /><testcase classname="backend.tests.test_ourrealm_api.TestPosts" name="test_list_posts_media_filter" time="0.444" /><testcase classname="backend.tests.test_ourrealm_api.TestPosts" name="test_like_increments" time="0.461" /><testcase classname="backend.tests.test_ourrealm_api.TestPosts" name="test_like_unknown_post_404" time="0.370" /></testsuite></testsuites>