<?xml version="1.0" encoding="utf-8"?><testsuites name="pytest tests"><testsuite name="pytest" errors="0" failures="0" skipped="0" tests="21" time="5.174" timestamp="2026-06-23T08:43:55.583617+00:00" hostname="agent-env-202f2836-c5ea-402c-ad2b-a32e7c42aed9"><testcase classname="backend.tests.test_reactions" name="test_set_requires_auth" time="0.608" /><testcase classname="backend.tests.test_reactions" name="test_post_add_replace_remove" time="0.299" /><testcase classname="backend.tests.test_reactions" name="test_allowed_emojis[\u2764\ufe0f]" time="0.199" /><testcase classname="backend.tests.test_reactions" name="test_allowed_emojis[\U0001f60d]" time="0.205" /><testcase classname="backend.tests.test_reactions" name="test_allowed_emojis[\U0001f618]" time="0.199" /><testcase classname="backend.tests.test_reactions" name="test_allowed_emojis[\U0001f525]" time="0.209" /><testcase classname="backend.tests.test_reactions" name="test_allowed_emojis[\U0001f64f]" time="0.195" /><testcase classname="backend.tests.test_reactions" name="test_allowed_emojis[\U0001f4aa]" time="0.232" /><testcase classname="backend.tests.test_reactions" name="test_allowed_emojis[\u26a1\ufe0f]" time="0.197" /><testcase classname="backend.tests.test_reactions" name="test_disallowed_emojis[\U0001f44d]" time="0.096" /><testcase classname="backend.tests.test_reactions" name="test_disallowed_emojis[\U0001f4a9]" time="0.101" /><testcase classname="backend.tests.test_reactions" name="test_disallowed_emojis[\U0001f680]" time="0.095" /><testcase classname="backend.tests.test_reactions" name="test_bad_target_type" time="0.092" /><testcase classname="backend.tests.test_reactions" name="test_nonexistent_target" time="0.095" /><testcase classname="backend.tests.test_reactions" name="test_batch_summary" time="0.398" /><testcase classname="backend.tests.test_reactions" name="test_batch_summary_max_200" time="0.104" /><testcase classname="backend.tests.test_reactions" name="test_uniqueness_no_duplicate" time="0.556" /><testcase classname="backend.tests.test_reactions" name="test_comment_reactions" time="0.291" /><testcase classname="backend.tests.test_reactions" name="test_posts_list_embeds_reactions" time="0.207" /><testcase classname="backend.tests.test_reactions" name="test_dm_thread_embeds_reactions" time="0.617" /><testcase classname="backend.tests.test_reactions" name="test_p2a_assignable_endpoint" time="0.129" /></testsuite></testsuites>