<?xml version="1.0" encoding="utf-8"?><testsuites name="pytest tests"><testsuite name="pytest" errors="0" failures="0" skipped="0" tests="15" time="4.060" timestamp="2026-06-19T09:41:59.019902+00:00" hostname="agent-env-202f2836-c5ea-402c-ad2b-a32e7c42aed9"><testcase classname="backend.tests.test_realm_edit_delete.TestPatchAuthz" name="test_founder_patch_ok" time="0.702" /><testcase classname="backend.tests.test_realm_edit_delete.TestPatchAuthz" name="test_random_member_patch_forbidden" time="0.432" /><testcase classname="backend.tests.test_realm_edit_delete.TestPatchAuthz" name="test_unauthenticated_patch_401" time="0.097" /><testcase classname="backend.tests.test_realm_edit_delete.TestPatchAuthz" name="test_patch_nonexistent_404" time="0.100" /><testcase classname="backend.tests.test_realm_edit_delete.TestPatchPartial" name="test_partial_only_description" time="0.230" /><testcase classname="backend.tests.test_realm_edit_delete.TestPatchPartial" name="test_invalid_privacy_400" time="0.097" /><testcase classname="backend.tests.test_realm_edit_delete.TestPatchPartial" name="test_short_name_400" time="0.094" /><testcase classname="backend.tests.test_realm_edit_delete.TestPatchPartial" name="test_tags_clip_to_20" time="0.100" /><testcase classname="backend.tests.test_realm_edit_delete.TestPatchOwner" name="test_owner_can_patch_own_realm" time="0.636" /><testcase classname="backend.tests.test_realm_edit_delete.TestDelete" name="test_unauth_delete_401" time="0.097" /><testcase classname="backend.tests.test_realm_edit_delete.TestDelete" name="test_delete_nonexistent_404" time="0.096" /><testcase classname="backend.tests.test_realm_edit_delete.TestDelete" name="test_random_member_delete_403" time="0.094" /><testcase classname="backend.tests.test_realm_edit_delete.TestDelete" name="test_owner_delete_cascade_summary" time="0.524" /><testcase classname="backend.tests.test_realm_edit_delete.TestDelete" name="test_delete_does_not_touch_other_realm" time="0.583" /><testcase classname="backend.tests.test_realm_edit_delete.TestAuditSmoke" name="test_empty_patch_no_change" time="0.134" /></testsuite></testsuites>