<?xml version="1.0" encoding="utf-8"?><testsuites name="pytest tests"><testsuite name="pytest" errors="0" failures="0" skipped="0" tests="17" time="3.924" timestamp="2026-06-19T05:03:32.058261+00:00" hostname="agent-env-202f2836-c5ea-402c-ad2b-a32e7c42aed9"><testcase classname="tests.test_realm_pulse.TestHeartbeat" name="test_heartbeat_unauthenticated_rejected" time="0.201" /><testcase classname="tests.test_realm_pulse.TestHeartbeat" name="test_heartbeat_authed_user_ok" time="0.431" /><testcase classname="tests.test_realm_pulse.TestHeartbeat" name="test_heartbeat_idempotent_same_day" time="0.201" /><testcase classname="tests.test_realm_pulse.TestOverview" name="test_founder_overview_full_schema" time="0.426" /><testcase classname="tests.test_realm_pulse.TestOverview" name="test_non_founder_overview_403" time="0.103" /><testcase classname="tests.test_realm_pulse.TestInvestorSnapshot" name="test_founder_investor_snapshot" time="0.115" /><testcase classname="tests.test_realm_pulse.TestInvestorSnapshot" name="test_non_founder_investor_snapshot_403" time="0.128" /><testcase classname="tests.test_realm_pulse.TestRefreshSnapshot" name="test_founder_refresh_snapshot" time="0.101" /><testcase classname="tests.test_realm_pulse.TestRefreshSnapshot" name="test_non_founder_refresh_snapshot_403" time="0.098" /><testcase classname="tests.test_realm_pulse.TestExports" name="test_export_csv" time="0.134" /><testcase classname="tests.test_realm_pulse.TestExports" name="test_export_pdf" time="0.150" /><testcase classname="tests.test_realm_pulse.TestExports" name="test_export_xlsx" time="0.151" /><testcase classname="tests.test_realm_pulse.TestExports" name="test_export_non_founder_403" time="0.132" /><testcase classname="tests.test_realm_pulse.TestRegression" name="test_storage_status" time="0.089" /><testcase classname="tests.test_realm_pulse.TestRegression" name="test_interest_cards_public" time="1.190" /><testcase classname="tests.test_realm_pulse.TestRegression" name="test_interest_cards_analytics_founder" time="0.117" /><testcase classname="tests.test_realm_pulse.TestRegression" name="test_copyright_queue_founder" time="0.109" /></testsuite></testsuites>