<?xml version="1.0" encoding="utf-8"?><testsuites name="pytest tests"><testsuite name="pytest" errors="0" failures="0" skipped="0" tests="13" time="14.020" timestamp="2026-06-17T04:47:06.755093+00:00" hostname="agent-env-202f2836-c5ea-402c-ad2b-a32e7c42aed9"><testcase classname="tests.test_upload_limits.TestUploadLimitsEndpoint" name="test_requires_auth" time="0.126" /><testcase classname="tests.test_upload_limits.TestUploadLimitsEndpoint" name="test_founder_unlimited" time="0.463" /><testcase classname="tests.test_upload_limits.TestUploadLimitsEndpoint" name="test_normal_user_numeric" time="0.437" /><testcase classname="tests.test_upload_limits.TestImageUploadCap" name="test_non_founder_4mb_rejected_with_413" time="5.644" /><testcase classname="tests.test_upload_limits.TestImageUploadCap" name="test_founder_4mb_accepted" time="6.001" /><testcase classname="tests.test_upload_limits.TestImageUploadCap" name="test_small_png_user_increments_used" time="0.298" /><testcase classname="tests.test_upload_limits.TestImageUploadCap" name="test_small_png_founder_ok" time="0.103" /><testcase classname="tests.test_upload_limits.TestSoundUpload" name="test_user_upload_small_wav" time="0.411" /><testcase classname="tests.test_upload_limits.TestRegression" name="test_posts_list" time="0.100" /><testcase classname="tests.test_upload_limits.TestRegression" name="test_sounds_charts_top100" time="0.098" /><testcase classname="tests.test_upload_limits.TestRegression" name="test_dashboard_layout_get" time="0.098" /><testcase classname="tests.test_upload_limits.TestRegression" name="test_admin_analytics_founder_ok" time="0.105" /><testcase classname="tests.test_upload_limits.TestRegression" name="test_admin_analytics_non_admin_403" time="0.104" /></testsuite></testsuites>