<?xml version="1.0" encoding="utf-8"?><testsuites name="pytest tests"><testsuite name="pytest" errors="0" failures="0" skipped="0" tests="13" time="14.757" timestamp="2026-06-17T01:14:19.202355+00:00" hostname="agent-env-202f2836-c5ea-402c-ad2b-a32e7c42aed9"><testcase classname="backend.tests.test_upload_limits.TestUploadLimitsEndpoint" name="test_requires_auth" time="0.237" /><testcase classname="backend.tests.test_upload_limits.TestUploadLimitsEndpoint" name="test_founder_unlimited" time="0.467" /><testcase classname="backend.tests.test_upload_limits.TestUploadLimitsEndpoint" name="test_normal_user_numeric" time="0.502" /><testcase classname="backend.tests.test_upload_limits.TestImageUploadCap" name="test_non_founder_4mb_rejected_with_413" time="5.747" /><testcase classname="backend.tests.test_upload_limits.TestImageUploadCap" name="test_founder_4mb_accepted" time="6.217" /><testcase classname="backend.tests.test_upload_limits.TestImageUploadCap" name="test_small_png_user_increments_used" time="0.316" /><testcase classname="backend.tests.test_upload_limits.TestImageUploadCap" name="test_small_png_founder_ok" time="0.112" /><testcase classname="backend.tests.test_upload_limits.TestSoundUpload" name="test_user_upload_small_wav" time="0.474" /><testcase classname="backend.tests.test_upload_limits.TestRegression" name="test_posts_list" time="0.108" /><testcase classname="backend.tests.test_upload_limits.TestRegression" name="test_sounds_charts_top100" time="0.149" /><testcase classname="backend.tests.test_upload_limits.TestRegression" name="test_dashboard_layout_get" time="0.135" /><testcase classname="backend.tests.test_upload_limits.TestRegression" name="test_admin_analytics_founder_ok" time="0.124" /><testcase classname="backend.tests.test_upload_limits.TestRegression" name="test_admin_analytics_non_admin_403" time="0.115" /></testsuite></testsuites>