<?xml version="1.0" encoding="utf-8"?><testsuites name="pytest tests"><testsuite name="pytest" errors="0" failures="0" skipped="0" tests="6" time="2.248" timestamp="2026-08-13T10:11:12.842757+00:00" hostname="agent-env-202f2836-c5ea-402c-ad2b-a32e7c42aed9"><testcase classname="backend.tests.test_v31_avatars" name="test_starter_avatars_glow_mask_and_run_animation" time="0.567" /><testcase classname="backend.tests.test_v31_avatars" name="test_all_8_avatars_have_run" time="0.104" /><testcase classname="backend.tests.test_v31_avatars" name="test_starter_select_female_red_then_restore" time="0.268" /><testcase classname="backend.tests.test_v31_avatars" name="test_av_ninja_rigged_glb_size" time="0.816" /><testcase classname="backend.tests.test_v31_avatars" name="test_nexus_join_ok" time="0.058" /><testcase classname="backend.tests.test_v31_avatars" name="test_assets_catalog_founder_8_avatars" time="0.388" /></testsuite></testsuites>