<?xml version="1.0" encoding="utf-8"?><testsuites name="pytest tests"><testsuite name="pytest" errors="0" failures="0" skipped="0" tests="9" time="6.530" timestamp="2026-08-13T12:25:01.613027+00:00" hostname="agent-env-202f2836-c5ea-402c-ad2b-a32e7c42aed9"><testcase classname="backend.tests.test_v32_nexus_final.TestAvatarsList" name="test_avatars_active_only" time="0.596" /><testcase classname="backend.tests.test_v32_nexus_final.TestGfxPrefs" name="test_prefs_roundtrip" time="0.221" /><testcase classname="backend.tests.test_v32_nexus_final.TestGfxPrefs" name="test_prefs_invalid" time="0.122" /><testcase classname="backend.tests.test_v32_nexus_final.TestAvatarCollection" name="test_collection_founder" time="0.260" /><testcase classname="backend.tests.test_v32_nexus_final.TestReleaseAndWalks" name="test_release_v32" time="0.085" /><testcase classname="backend.tests.test_v32_nexus_final.TestReleaseAndWalks" name="test_walk_glbs_reachable" time="4.283" /><testcase classname="backend.tests.test_v32_nexus_final.TestAvatarSelect" name="test_select_premium_then_restore" time="0.347" /><testcase classname="backend.tests.test_v32_nexus_final.TestAvatarSelect" name="test_starter_invalid" time="0.084" /><testcase classname="backend.tests.test_v32_nexus_final.TestMigrationIdempotency" name="test_member_not_on_legacy" time="0.485" /></testsuite></testsuites>