<?xml version="1.0" encoding="utf-8"?><testsuites name="pytest tests"><testsuite name="pytest" errors="0" failures="0" skipped="0" tests="10" time="4.099" timestamp="2026-08-14T05:25:00.733442+00:00" hostname="agent-env-202f2836-c5ea-402c-ad2b-a32e7c42aed9"><testcase classname="backend.tests.test_v33_nexus_visuals.TestAssetCatalogAuth" name="test_founder_200" time="0.587" /><testcase classname="backend.tests.test_v33_nexus_visuals.TestAssetCatalogAuth" name="test_member_403" time="0.428" /><testcase classname="backend.tests.test_v33_nexus_visuals.TestAssetCatalogAuth" name="test_anon_401" time="0.096" /><testcase classname="backend.tests.test_v33_nexus_visuals.TestReleaseManifest" name="test_release_v33" time="0.108" /><testcase classname="backend.tests.test_v33_nexus_visuals.TestAvatarCollectionThumbs" name="test_six_premium_thumbs" time="0.053" /><testcase classname="backend.tests.test_v33_nexus_visuals.TestAvatarCollectionThumbs" name="test_curl_derivative_urls" time="1.495" /><testcase classname="backend.tests.test_v33_nexus_visuals" name="test_gamemaker_art_reachable[card_battle_1024-/api/media/images/723781ee31eeaf289331287382cbf234.webp]" time="0.331" /><testcase classname="backend.tests.test_v33_nexus_visuals" name="test_gamemaker_art_reachable[card_battle_512-/api/media/images/566ec4fa237e8b6d2568d6cd4ba7dc96.webp]" time="0.273" /><testcase classname="backend.tests.test_v33_nexus_visuals" name="test_gamemaker_art_reachable[open_world_1024-/api/media/images/9dc01738c82ce276cb3a8442233b65dc.webp]" time="0.300" /><testcase classname="backend.tests.test_v33_nexus_visuals" name="test_gamemaker_art_reachable[open_world_512-/api/media/images/585361f0dc2b0e45daffcce4c19b5cf4.webp]" time="0.381" /></testsuite></testsuites>