<?xml version="1.0" encoding="utf-8"?><testsuites name="pytest tests"><testsuite name="pytest" errors="0" failures="0" skipped="0" tests="9" time="5.649" timestamp="2026-06-17T04:46:56.494140+00:00" hostname="agent-env-202f2836-c5ea-402c-ad2b-a32e7c42aed9"><testcase classname="tests.test_video_upload.TestUploadLimitsForVideo" name="test_user1_video_block_per_day_3" time="0.783" /><testcase classname="tests.test_video_upload.TestUploadLimitsForVideo" name="test_founder_video_unlimited" time="0.427" /><testcase classname="tests.test_video_upload.TestVideoUploadHappy" name="test_upload_then_stream_then_list" time="0.311" /><testcase classname="tests.test_video_upload.TestVideoCaps" name="test_oversize_returns_413" time="2.906" /><testcase classname="tests.test_video_upload.TestVideoCaps" name="test_duration_over_60_rejected" time="0.106" /><testcase classname="tests.test_video_upload.TestVideoCaps" name="test_duration_under_60_accepted" time="0.097" /><testcase classname="tests.test_video_upload.TestVideoCaps" name="test_unsupported_format_jpeg_returns_400" time="0.098" /><testcase classname="tests.test_video_upload.TestDailyCap" name="test_4th_upload_in_24h_is_429" time="0.518" /><testcase classname="tests.test_video_upload.TestPostWithUploadedVideo" name="test_post_create_with_video" time="0.297" /></testsuite></testsuites>