<?xml version="1.0" encoding="utf-8"?><testsuites name="pytest tests"><testsuite name="pytest" errors="0" failures="0" skipped="0" tests="5" time="1.980" timestamp="2026-06-19T09:00:35.494808+00:00" hostname="agent-env-202f2836-c5ea-402c-ad2b-a32e7c42aed9"><testcase classname="backend.tests.test_widget_xl_size.TestWidgetSizeValidation" name="test_xl_accepted" time="0.815" /><testcase classname="backend.tests.test_widget_xl_size.TestWidgetSizeValidation" name="test_invalid_size_rejected" time="0.097" /><testcase classname="backend.tests.test_widget_xl_size.TestWidgetSizeValidation" name="test_legacy_wide_still_accepted" time="0.249" /><testcase classname="backend.tests.test_widget_xl_size.TestWidgetSizeValidation" name="test_legacy_tall_still_accepted" time="0.218" /><testcase classname="backend.tests.test_widget_xl_size.TestWidgetSizeValidation" name="test_all_modern_sizes" time="0.577" /></testsuite></testsuites>